#
# A fatal error has been detected by the Java Runtime Environment:
#
#  SIGSEGV (0xb) at pc=0x0000000000000000, pid=69867, tid=69869
#
# JRE version: OpenJDK Runtime Environment Temurin-23.0.1+11 (23.0.1+11) (build 23.0.1+11)
# Java VM: OpenJDK 64-Bit Server VM Temurin-23.0.1+11 (23.0.1+11, mixed mode, sharing, tiered, compressed oops, compressed class ptrs, g1 gc, linux-amd64)
# Problematic frame:
# C  [3338563476060329952.so+0x64694]  rlUnloadRenderBatch+0x2e
#
# Core dump will be written. Default location: Core dumps may be processed with "/usr/lib/systemd/systemd-coredump %P %u %g %s %t %c %h" (or dumping to /home/alniarez/Documents/GitHub/java-videogame-dev/raylib-game-gradle/core.69867)
#
# If you would like to submit a bug report, please visit:
#   https://github.com/adoptium/adoptium-support/issues
# The crash happened outside the Java Virtual Machine in native code.
# See problematic frame for where to report the bug.
#

---------------  S U M M A R Y ------------

Command Line: --enable-native-access=ALL-UNNAMED --enable-preview -Dfile.encoding=UTF-8 -Duser.country=US -Duser.language=en -Duser.variant de.alniarez.Main

Host: AMD Ryzen 9 7900X 12-Core Processor, 24 cores, 61G, Arch Linux
Time: Fri Nov 22 17:33:31 2024 CET elapsed time: 0.100969 seconds (0d 0h 0m 0s)

---------------  T H R E A D  ---------------

Current thread (0x00007875b802aa60):  JavaThread "main"             [_thread_in_native, id=69869, stack(0x00007875bd811000,0x00007875bd911000) (1024K)]

Stack: [0x00007875bd811000,0x00007875bd911000],  sp=0x00007875bd90f3c0,  free space=1016k
Native frames: (J=compiled Java code, j=interpreted, Vv=VM code, C=native code)
C  [3338563476060329952.so+0x64694]  rlUnloadRenderBatch+0x2e
Java frames: (J=compiled Java code, j=interpreted, Vv=VM code)
v  ~RuntimeStub::nep_invoker_blob 0x00007875a7ab18e4
j  java.lang.invoke.LambdaForm$MH+0x000078752f080c00.invoke(Ljava/lang/Object;J)V+7 java.base@23.0.1
j  java.lang.invoke.LambdaForm$MH+0x000078752f083000.invokeExact_MT(Ljava/lang/Object;JLjava/lang/Object;)V+19 java.base@23.0.1
j  jdk.internal.foreign.abi.DowncallStub+0x000078752f081000.invoke(Ljava/lang/foreign/SegmentAllocator;Ljava/lang/foreign/MemorySegment;)V+39 java.base@23.0.1
j  java.lang.invoke.LambdaForm$DMH+0x000078752f081400.invokeStaticInit(Ljava/lang/Object;Ljava/lang/Object;Ljava/lang/Object;)V+11 java.base@23.0.1
j  java.lang.invoke.LambdaForm$MH+0x000078752f082400.invoke(Ljava/lang/Object;)V+41 java.base@23.0.1
j  java.lang.invoke.LambdaForm$MH+0x000078752f082800.invokeExact_MT(Ljava/lang/Object;Ljava/lang/Object;)V+18 java.base@23.0.1
j  com.raylib.jextract.raylib_h_1.CloseWindow()V+20
j  com.raylib.Raylib.closeWindow()V+0
j  de.alniarez.day2.Game.stop()V+27
j  de.alniarez.day2.Game.renderingLoop()V+17
j  de.alniarez.day2.Game.start()V+32
j  de.alniarez.Main.main([Ljava/lang/String;)V+7
v  ~StubRoutines::call_stub 0x00007875a785fc86

siginfo: si_signo: 11 (SIGSEGV), si_code: 1 (SEGV_MAPERR), si_addr: 0x0000000000000000

Registers:
RAX=0x0000000000000000, RBX=0x00007875847f8408, RCX=0xfffffffffffffff4, RDX=0x000000045e23a378
RSP=0x00007875bd90f3b8, RBP=0x0000000000000000, RSI=0x0000000000000000, RDI=0x0000000000008892
R8 =0x00007875242765a0, R9 =0x0000000000000002, R10=0x0000000000000000, R11=0x000078758466c666
R12=0x0000000000000000, R13=0x00007875bd90f488, R14=0x00007875bd90f510, R15=0x0000000000000000
RIP=0x0000000000000000, EFLAGS=0x0000000000010206, CSGSFS=0x002b000000000033, ERR=0x0000000000000014
  TRAPNO=0x000000000000000e


Register to memory mapping:

RAX=0x0 is null
RBX=0x00007875847f8408: glad_glBindBuffer+0x0000000000000000 in /tmp/3338563476060329952.so at 0x0000787584608000
RCX=0xfffffffffffffff4 is an unknown value
RDX=0x000000045e23a378 is an oop: jdk.internal.foreign.abi.NativeEntryPoint 
{0x000000045e23a378} - klass: 'jdk/internal/foreign/abi/NativeEntryPoint'
 - ---- fields (total size 3 words):
 - private final 'methodType' 'Ljava/lang/invoke/MethodType;' @12  a 'java/lang/invoke/MethodType'{0x000000045e0affc8} = (J)V (0x8bc15ff9)
 - private final 'downcallStubAddress' 'J' @16  132446719514848 (0x00007875a7ab18e0)
RSP=0x00007875bd90f3b8 is pointing into the stack for thread: 0x00007875b802aa60
RBP=0x0 is null
RSI=0x0 is null
RDI=0x0000000000008892 is an unknown value
R8 ={method} {0x00007875242765a0} 'linkToNative' '(JLjava/lang/Object;)V' in 'java/lang/invoke/MethodHandle'
R9 =0x0000000000000002 is an unknown value
R10=0x0 is null
R11=0x000078758466c666: rlUnloadRenderBatch+0x0000000000000000 in /tmp/3338563476060329952.so at 0x0000787584608000
R12=0x0 is null
R13=0x00007875bd90f488 is pointing into the stack for thread: 0x00007875b802aa60
R14=0x00007875bd90f510 is pointing into the stack for thread: 0x00007875b802aa60
R15=0x0 is null

Top of Stack: (sp=0x00007875bd90f3b8)
0x00007875bd90f3b8:   000078758466c694 0000780000000000
0x00007875bd90f3c8:   00007875242765a0 00007875bd90f470
0x00007875bd90f3d8:   0000000000000000 00007875bd90f488
0x00007875bd90f3e8:   00007875bd90f510 00007875b802aa60
0x00007875bd90f3f8:   000078758466c7df 0000000000000000
0x00007875bd90f408:   0000000000000000 0000000000000000
0x00007875bd90f418:   0000000000000000 00007875242765a0
0x00007875bd90f428:   000078758467b00c 0000000000000000
0x00007875bd90f438:   000078752454e24f 00007875bd90f510
0x00007875bd90f448:   00007875b802aa60 00007875bd90f470
0x00007875bd90f458:   d5659a571cbac200 00000000000000b8
0x00007875bd90f468:   00007875a7ab1917 00007875bd90f4e8
0x00007875bd90f478:   00007875a7867020 00007875a7867020
0x00007875bd90f488:   000000045e23a378 000078758467afde
0x00007875bd90f498:   0000000000000000 fffffffffffffff7
0x00007875bd90f4a8:   000078752454e24f 0000000000000005
0x00007875bd90f4b8:   000078752454e3f8 0000000000000000
0x00007875bd90f4c8:   000000045e23ceb8 000078752454e260
0x00007875bd90f4d8:   fffffffffffffff4 00007875bd90f500
0x00007875bd90f4e8:   00007875bd90f560 00007875a7867020
0x00007875bd90f4f8:   000000045e23a378 000078758467afde
0x00007875bd90f508:   0000000000000000 000000045e23cfe0
0x00007875bd90f518:   fffffffffffffff7 0000787524552a9b
0x00007875bd90f528:   0000000000000005 0000787524552c58
0x00007875bd90f538:   0000000000000000 000000045e261818
0x00007875bd90f548:   0000787524552aa8 fffffffffffffff4
0x00007875bd90f558:   00007875bd90f570 00007875bd90f5d8
0x00007875bd90f568:   00007875a7867020 000000045e0affc8
0x00007875bd90f578:   000078758467afde 0000000000000000
0x00007875bd90f588:   000000045e23cfe0 fffffffffffffff7
0x00007875bd90f598:   000078752454eb87 0000000000000007
0x00007875bd90f5a8:   000078752454ed58 0000000000000000 

Instructions: (pc=0x000078758466c694)
0x000078758466c594:   02 07 00 00 00 c7 42 04 00 00 00 00 c7 42 08 00
0x000078758466c5a4:   00 00 00 89 72 0c 48 83 c2 10 48 39 ca 75 e0 48
0x000078758466c5b4:   8b 4c 24 50 8b 5c 24 68 89 19 c7 41 04 00 00 00
0x000078758466c5c4:   00 48 8b 5c 24 58 48 89 59 08 48 89 41 10 c7 41
0x000078758466c5d4:   18 01 00 00 00 c7 41 1c 00 00 80 bf 48 89 c8 48
0x000078758466c5e4:   83 c4 78 5b 5d 41 5c 41 5d 41 5e 41 5f c3 48 8d
0x000078758466c5f4:   35 97 12 11 00 bf 03 00 00 00 b8 00 00 00 00 e8
0x000078758466c604:   a8 db fe ff 48 63 44 24 6c 48 c1 e0 02 48 89 44
0x000078758466c614:   24 10 48 63 44 24 08 48 c1 e0 02 48 89 44 24 08
0x000078758466c624:   44 89 f8 c1 e0 04 48 98 48 89 44 24 18 43 8d 04
0x000078758466c634:   7f 01 c0 48 98 48 c1 e0 02 48 89 44 24 20 48 8b
0x000078758466c644:   44 24 58 48 8d 58 2c 48 8b 4c 24 60 48 8d 44 08
0x000078758466c654:   6c 48 89 44 24 28 4c 8d 35 1f 12 19 00 e9 9f fe
0x000078758466c664:   ff ff f3 0f 1e fa 41 57 41 56 41 55 41 54 55 53
0x000078758466c674:   48 83 ec 08 8b 6c 24 40 4c 8b 7c 24 48 48 8b 1d
0x000078758466c684:   98 1b 18 00 be 00 00 00 00 bf 92 88 00 00 ff 13
0x000078758466c694:   be 00 00 00 00 bf 93 88 00 00 ff 13 85 ed 0f 8e
0x000078758466c6a4:   f4 00 00 00 49 8d 5f 2c 8d 45 ff 48 c1 e0 06 4d
0x000078758466c6b4:   8d 74 07 6c 4c 8d 2d c1 11 19 00 eb 31 48 8b 7d
0x000078758466c6c4:   dc e8 06 e8 fe ff 48 8b 7d e4 e8 fd e7 fe ff 48
0x000078758466c6d4:   8b 7d ec e8 f4 e7 fe ff 48 8b 7d f4 e8 eb e7 fe
0x000078758466c6e4:   ff 48 83 c3 40 4c 39 f3 0f 84 aa 00 00 00 41 80
0x000078758466c6f4:   bd 88 0a 00 00 00 74 3e 8b 7b fc 4c 8b 25 5a 19
0x000078758466c704:   18 00 41 ff 14 24 48 8b 2d f7 2b 18 00 bf 00 00
0x000078758466c714:   00 00 ff 55 00 bf 01 00 00 00 ff 55 00 bf 02 00
0x000078758466c724:   00 00 ff 55 00 bf 03 00 00 00 ff 55 00 bf 00 00
0x000078758466c734:   00 00 41 ff 14 24 48 89 dd 4c 8b 25 84 19 18 00
0x000078758466c744:   48 89 de bf 01 00 00 00 41 ff 14 24 48 8d 73 04
0x000078758466c754:   bf 01 00 00 00 41 ff 14 24 48 8d 73 08 bf 01 00
0x000078758466c764:   00 00 41 ff 14 24 48 8d 73 0c bf 01 00 00 00 41
0x000078758466c774:   ff 14 24 41 80 bd 88 0a 00 00 00 0f 84 3c ff ff
0x000078758466c784:   ff 48 8d 73 fc bf 01 00 00 00 48 8b 05 8b 2b 18 


Stack slot to memory mapping:

stack at sp + 0 slots: 0x0000780000000000 is an unknown value
stack at sp + 1 slots: {method} {0x00007875242765a0} 'linkToNative' '(JLjava/lang/Object;)V' in 'java/lang/invoke/MethodHandle'
stack at sp + 2 slots: 0x00007875bd90f470 is pointing into the stack for thread: 0x00007875b802aa60
stack at sp + 3 slots: 0x0 is null
stack at sp + 4 slots: 0x00007875bd90f488 is pointing into the stack for thread: 0x00007875b802aa60
stack at sp + 5 slots: 0x00007875bd90f510 is pointing into the stack for thread: 0x00007875b802aa60
stack at sp + 6 slots: 0x00007875b802aa60 is a thread
stack at sp + 7 slots: 0x000078758466c7df: rlglClose+0x0000000000000022 in /tmp/3338563476060329952.so at 0x0000787584608000

Lock stack of current Java thread (top to bottom):

--------------------------------------------------------------------------------
Decoding CodeBlob, name: nep_invoker_blob, at  [0x00007875a7ab18e0, 0x00007875a7ab19c0]  224 bytes
[MachCode]
  0x00007875a7ab18e0: 5548 8bec | c5f8 7749 | 89af b003 | 0000 49ba | e418 aba7 | 7578 0000 | 4d89 97a8 | 0300 0049 
  0x00007875a7ab1900: 89a7 a003 | 0000 41c7 | 8744 0400 | 0004 0000 | 004c 8bd6 | 41ff d2c5 | f877 41c7 | 8744 0400 
  0x00007875a7ab1920: 0005 0000 | 00f0 8344 | 24c0 0049 | 3baf 4804 | 0000 0f87 | 4d00 0000 | 4183 bf40 | 0400 0000 
  0x00007875a7ab1940: 0f85 3f00 | 0000 41c7 | 8744 0400 | 0008 0000 | 0041 83bf | c804 0000 | 020f 8444 | 0000 0049 
  0x00007875a7ab1960: c787 a003 | 0000 0000 | 0000 49c7 | 87b0 0300 | 0000 0000 | 0049 c787 | a803 0000 | 0000 0000 
  0x00007875a7ab1980: c5f8 77c9 | c349 8bff | c5f8 774c | 8be4 4883 | ec00 4883 | e4f0 e825 | 0786 1649 | 8be4 4d33 
  0x00007875a7ab19a0: e4eb a3c5 | f877 4c8b | e448 83ec | 0048 83e4 | f0e8 4a7e | d016 498b | e44d 33e4 | eba1 f4f4 
[/MachCode]
--------------------------------------------------------------------------------


---------------  P R O C E S S  ---------------

Threads class SMR info:
_java_thread_list=0x00007874d40025c0, length=12, elements={
0x00007875b802aa60, 0x00007875b815bdd0, 0x00007875b815d340, 0x00007875b815eb50,
0x00007875b8160190, 0x00007875b8161730, 0x00007875b81632d0, 0x00007875b81649e0,
0x00007874f80875a0, 0x00007874ec0295b0, 0x00007875b81a5eb0, 0x00007875b81a8950
}

Java Threads: ( => current thread )
=>0x00007875b802aa60 JavaThread "main"                              [_thread_in_native, id=69869, stack(0x00007875bd811000,0x00007875bd911000) (1024K)]
  0x00007875b815bdd0 JavaThread "Reference Handler"          daemon [_thread_blocked, id=69880, stack(0x00007875856f8000,0x00007875857f8000) (1024K)]
  0x00007875b815d340 JavaThread "Finalizer"                  daemon [_thread_blocked, id=69881, stack(0x0000787585300000,0x0000787585400000) (1024K)]
  0x00007875b815eb50 JavaThread "Signal Dispatcher"          daemon [_thread_blocked, id=69882, stack(0x00007875851ff000,0x00007875852ff000) (1024K)]
  0x00007875b8160190 JavaThread "Service Thread"             daemon [_thread_blocked, id=69883, stack(0x00007875850fe000,0x00007875851fe000) (1024K)]
  0x00007875b8161730 JavaThread "Monitor Deflation Thread"   daemon [_thread_blocked, id=69884, stack(0x0000787584ffd000,0x00007875850fd000) (1024K)]
  0x00007875b81632d0 JavaThread "C2 CompilerThread0"         daemon [_thread_blocked, id=69885, stack(0x0000787584efc000,0x0000787584ffc000) (1024K)]
  0x00007875b81649e0 JavaThread "C1 CompilerThread0"         daemon [_thread_blocked, id=69886, stack(0x0000787584dfb000,0x0000787584efb000) (1024K)]
  0x00007874f80875a0 JavaThread "C1 CompilerThread1"         daemon [_thread_blocked, id=69889, stack(0x0000787584c2a000,0x0000787584d2a000) (1024K)]
  0x00007874ec0295b0 JavaThread "C1 CompilerThread2"         daemon [_thread_blocked, id=69890, stack(0x0000787584b29000,0x0000787584c29000) (1024K)]
  0x00007875b81a5eb0 JavaThread "Notification Thread"        daemon [_thread_blocked, id=69891, stack(0x0000787584a28000,0x0000787584b28000) (1024K)]
  0x00007875b81a8950 JavaThread "Common-Cleaner"             daemon [_thread_blocked, id=69892, stack(0x0000787584927000,0x0000787584a27000) (1024K)]
Total: 12

Other Threads:
  0x00007875b81510f0 VMThread "VM Thread"                           [id=69878, stack(0x00007875857f9000,0x00007875858f9000) (1024K)]
  0x00007875b813ec50 WatcherThread "VM Periodic Task Thread"        [id=69877, stack(0x00007875858fa000,0x00007875859fa000) (1024K)]
  0x00007875b8058cc0 WorkerThread "GC Thread#0"                     [id=69872, stack(0x00007875bc1b5000,0x00007875bc2b5000) (1024K)]
  0x00007875b806d940 ConcurrentGCThread "G1 Main Marker"            [id=69873, stack(0x00007875bc0b4000,0x00007875bc1b4000) (1024K)]
  0x00007875b806e910 WorkerThread "G1 Conc#0"                       [id=69874, stack(0x00007875b7f00000,0x00007875b8000000) (1024K)]
  0x00007875b812bde0 ConcurrentGCThread "G1 Refine#0"               [id=69875, stack(0x0000787585afc000,0x0000787585bfc000) (1024K)]
  0x00007875b812cda0 ConcurrentGCThread "G1 Service"                [id=69876, stack(0x00007875859fb000,0x0000787585afb000) (1024K)]
Total: 7

Threads with active compile tasks:
Total: 0

VM state: not at safepoint (normal execution)

VM Mutex/Monitor currently owned by a thread: None

Heap address: 0x0000000421000000, size: 15856 MB, Compressed Oops mode: Zero based, Oop shift amount: 3

CDS archive(s) mapped at: [0x000078752e000000-0x000078752ed97000-0x000078752ed97000), size 14249984, SharedBaseAddress: 0x000078752e000000, ArchiveRelocationMode: 1.
Compressed class space mapped at: 0x000078752f000000-0x000078756f000000, reserved size: 1073741824
Narrow klass base: 0x000078752e000000, Narrow klass shift: 0, Narrow klass range: 0x100000000

GC Precious Log:
 CardTable entry size: 512
 Card Set container configuration: InlinePtr #cards 4 size 8 Array Of Cards #cards 64 size 144 Howl #buckets 8 coarsen threshold 14745 Howl Bitmap #cards 2048 size 272 coarsen threshold 1843 Card regions per heap region 1 cards per card region 16384
 CPUs: 24 total, 24 available
 Memory: 63402M
 Large Page Support: Disabled
 NUMA Support: Disabled
 Compressed Oops: Enabled (Zero based)
 Heap Region Size: 8M
 Heap Min Capacity: 8M
 Heap Initial Capacity: 992M
 Heap Max Capacity: 15856M
 Pre-touch: Disabled
 Parallel Workers: 18
 Concurrent Workers: 5
 Concurrent Refinement Workers: 18
 Periodic GC: Disabled

Heap:
 garbage-first heap   total reserved 16236544K, committed 1024000K, used 9348K [0x0000000421000000, 0x0000000800000000)
  region size 8192K, 2 young (16384K), 0 survivors (0K)
 Metaspace       used 4173K, committed 4480K, reserved 1114112K
  class space    used 392K, committed 512K, reserved 1048576K

Heap Regions: E=young(eden), S=young(survivor), O=old, HS=humongous(starts), HC=humongous(continues), CS=collection set, F=free, TAMS=top-at-mark-start, PB=parsable bottom
|   0|0x0000000421000000, 0x0000000421000000, 0x0000000421800000|  0%| F|  |TAMS 0x0000000421000000| PB 0x0000000421000000| Untracked |  0
|   1|0x0000000421800000, 0x0000000421800000, 0x0000000422000000|  0%| F|  |TAMS 0x0000000421800000| PB 0x0000000421800000| Untracked |  0
|   2|0x0000000422000000, 0x0000000422000000, 0x0000000422800000|  0%| F|  |TAMS 0x0000000422000000| PB 0x0000000422000000| Untracked |  0
|   3|0x0000000422800000, 0x0000000422800000, 0x0000000423000000|  0%| F|  |TAMS 0x0000000422800000| PB 0x0000000422800000| Untracked |  0
|   4|0x0000000423000000, 0x0000000423000000, 0x0000000423800000|  0%| F|  |TAMS 0x0000000423000000| PB 0x0000000423000000| Untracked |  0
|   5|0x0000000423800000, 0x0000000423800000, 0x0000000424000000|  0%| F|  |TAMS 0x0000000423800000| PB 0x0000000423800000| Untracked |  0
|   6|0x0000000424000000, 0x0000000424000000, 0x0000000424800000|  0%| F|  |TAMS 0x0000000424000000| PB 0x0000000424000000| Untracked |  0
|   7|0x0000000424800000, 0x0000000424800000, 0x0000000425000000|  0%| F|  |TAMS 0x0000000424800000| PB 0x0000000424800000| Untracked |  0
|   8|0x0000000425000000, 0x0000000425000000, 0x0000000425800000|  0%| F|  |TAMS 0x0000000425000000| PB 0x0000000425000000| Untracked |  0
|   9|0x0000000425800000, 0x0000000425800000, 0x0000000426000000|  0%| F|  |TAMS 0x0000000425800000| PB 0x0000000425800000| Untracked |  0
|  10|0x0000000426000000, 0x0000000426000000, 0x0000000426800000|  0%| F|  |TAMS 0x0000000426000000| PB 0x0000000426000000| Untracked |  0
|  11|0x0000000426800000, 0x0000000426800000, 0x0000000427000000|  0%| F|  |TAMS 0x0000000426800000| PB 0x0000000426800000| Untracked |  0
|  12|0x0000000427000000, 0x0000000427000000, 0x0000000427800000|  0%| F|  |TAMS 0x0000000427000000| PB 0x0000000427000000| Untracked |  0
|  13|0x0000000427800000, 0x0000000427800000, 0x0000000428000000|  0%| F|  |TAMS 0x0000000427800000| PB 0x0000000427800000| Untracked |  0
|  14|0x0000000428000000, 0x0000000428000000, 0x0000000428800000|  0%| F|  |TAMS 0x0000000428000000| PB 0x0000000428000000| Untracked |  0
|  15|0x0000000428800000, 0x0000000428800000, 0x0000000429000000|  0%| F|  |TAMS 0x0000000428800000| PB 0x0000000428800000| Untracked |  0
|  16|0x0000000429000000, 0x0000000429000000, 0x0000000429800000|  0%| F|  |TAMS 0x0000000429000000| PB 0x0000000429000000| Untracked |  0
|  17|0x0000000429800000, 0x0000000429800000, 0x000000042a000000|  0%| F|  |TAMS 0x0000000429800000| PB 0x0000000429800000| Untracked |  0
|  18|0x000000042a000000, 0x000000042a000000, 0x000000042a800000|  0%| F|  |TAMS 0x000000042a000000| PB 0x000000042a000000| Untracked |  0
|  19|0x000000042a800000, 0x000000042a800000, 0x000000042b000000|  0%| F|  |TAMS 0x000000042a800000| PB 0x000000042a800000| Untracked |  0
|  20|0x000000042b000000, 0x000000042b000000, 0x000000042b800000|  0%| F|  |TAMS 0x000000042b000000| PB 0x000000042b000000| Untracked |  0
|  21|0x000000042b800000, 0x000000042b800000, 0x000000042c000000|  0%| F|  |TAMS 0x000000042b800000| PB 0x000000042b800000| Untracked |  0
|  22|0x000000042c000000, 0x000000042c000000, 0x000000042c800000|  0%| F|  |TAMS 0x000000042c000000| PB 0x000000042c000000| Untracked |  0
|  23|0x000000042c800000, 0x000000042c800000, 0x000000042d000000|  0%| F|  |TAMS 0x000000042c800000| PB 0x000000042c800000| Untracked |  0
|  24|0x000000042d000000, 0x000000042d000000, 0x000000042d800000|  0%| F|  |TAMS 0x000000042d000000| PB 0x000000042d000000| Untracked |  0
|  25|0x000000042d800000, 0x000000042d800000, 0x000000042e000000|  0%| F|  |TAMS 0x000000042d800000| PB 0x000000042d800000| Untracked |  0
|  26|0x000000042e000000, 0x000000042e000000, 0x000000042e800000|  0%| F|  |TAMS 0x000000042e000000| PB 0x000000042e000000| Untracked |  0
|  27|0x000000042e800000, 0x000000042e800000, 0x000000042f000000|  0%| F|  |TAMS 0x000000042e800000| PB 0x000000042e800000| Untracked |  0
|  28|0x000000042f000000, 0x000000042f000000, 0x000000042f800000|  0%| F|  |TAMS 0x000000042f000000| PB 0x000000042f000000| Untracked |  0
|  29|0x000000042f800000, 0x000000042f800000, 0x0000000430000000|  0%| F|  |TAMS 0x000000042f800000| PB 0x000000042f800000| Untracked |  0
|  30|0x0000000430000000, 0x0000000430000000, 0x0000000430800000|  0%| F|  |TAMS 0x0000000430000000| PB 0x0000000430000000| Untracked |  0
|  31|0x0000000430800000, 0x0000000430800000, 0x0000000431000000|  0%| F|  |TAMS 0x0000000430800000| PB 0x0000000430800000| Untracked |  0
|  32|0x0000000431000000, 0x0000000431000000, 0x0000000431800000|  0%| F|  |TAMS 0x0000000431000000| PB 0x0000000431000000| Untracked |  0
|  33|0x0000000431800000, 0x0000000431800000, 0x0000000432000000|  0%| F|  |TAMS 0x0000000431800000| PB 0x0000000431800000| Untracked |  0
|  34|0x0000000432000000, 0x0000000432000000, 0x0000000432800000|  0%| F|  |TAMS 0x0000000432000000| PB 0x0000000432000000| Untracked |  0
|  35|0x0000000432800000, 0x0000000432800000, 0x0000000433000000|  0%| F|  |TAMS 0x0000000432800000| PB 0x0000000432800000| Untracked |  0
|  36|0x0000000433000000, 0x0000000433000000, 0x0000000433800000|  0%| F|  |TAMS 0x0000000433000000| PB 0x0000000433000000| Untracked |  0
|  37|0x0000000433800000, 0x0000000433800000, 0x0000000434000000|  0%| F|  |TAMS 0x0000000433800000| PB 0x0000000433800000| Untracked |  0
|  38|0x0000000434000000, 0x0000000434000000, 0x0000000434800000|  0%| F|  |TAMS 0x0000000434000000| PB 0x0000000434000000| Untracked |  0
|  39|0x0000000434800000, 0x0000000434800000, 0x0000000435000000|  0%| F|  |TAMS 0x0000000434800000| PB 0x0000000434800000| Untracked |  0
|  40|0x0000000435000000, 0x0000000435000000, 0x0000000435800000|  0%| F|  |TAMS 0x0000000435000000| PB 0x0000000435000000| Untracked |  0
|  41|0x0000000435800000, 0x0000000435800000, 0x0000000436000000|  0%| F|  |TAMS 0x0000000435800000| PB 0x0000000435800000| Untracked |  0
|  42|0x0000000436000000, 0x0000000436000000, 0x0000000436800000|  0%| F|  |TAMS 0x0000000436000000| PB 0x0000000436000000| Untracked |  0
|  43|0x0000000436800000, 0x0000000436800000, 0x0000000437000000|  0%| F|  |TAMS 0x0000000436800000| PB 0x0000000436800000| Untracked |  0
|  44|0x0000000437000000, 0x0000000437000000, 0x0000000437800000|  0%| F|  |TAMS 0x0000000437000000| PB 0x0000000437000000| Untracked |  0
|  45|0x0000000437800000, 0x0000000437800000, 0x0000000438000000|  0%| F|  |TAMS 0x0000000437800000| PB 0x0000000437800000| Untracked |  0
|  46|0x0000000438000000, 0x0000000438000000, 0x0000000438800000|  0%| F|  |TAMS 0x0000000438000000| PB 0x0000000438000000| Untracked |  0
|  47|0x0000000438800000, 0x0000000438800000, 0x0000000439000000|  0%| F|  |TAMS 0x0000000438800000| PB 0x0000000438800000| Untracked |  0
|  48|0x0000000439000000, 0x0000000439000000, 0x0000000439800000|  0%| F|  |TAMS 0x0000000439000000| PB 0x0000000439000000| Untracked |  0
|  49|0x0000000439800000, 0x0000000439800000, 0x000000043a000000|  0%| F|  |TAMS 0x0000000439800000| PB 0x0000000439800000| Untracked |  0
|  50|0x000000043a000000, 0x000000043a000000, 0x000000043a800000|  0%| F|  |TAMS 0x000000043a000000| PB 0x000000043a000000| Untracked |  0
|  51|0x000000043a800000, 0x000000043a800000, 0x000000043b000000|  0%| F|  |TAMS 0x000000043a800000| PB 0x000000043a800000| Untracked |  0
|  52|0x000000043b000000, 0x000000043b000000, 0x000000043b800000|  0%| F|  |TAMS 0x000000043b000000| PB 0x000000043b000000| Untracked |  0
|  53|0x000000043b800000, 0x000000043b800000, 0x000000043c000000|  0%| F|  |TAMS 0x000000043b800000| PB 0x000000043b800000| Untracked |  0
|  54|0x000000043c000000, 0x000000043c000000, 0x000000043c800000|  0%| F|  |TAMS 0x000000043c000000| PB 0x000000043c000000| Untracked |  0
|  55|0x000000043c800000, 0x000000043c800000, 0x000000043d000000|  0%| F|  |TAMS 0x000000043c800000| PB 0x000000043c800000| Untracked |  0
|  56|0x000000043d000000, 0x000000043d000000, 0x000000043d800000|  0%| F|  |TAMS 0x000000043d000000| PB 0x000000043d000000| Untracked |  0
|  57|0x000000043d800000, 0x000000043d800000, 0x000000043e000000|  0%| F|  |TAMS 0x000000043d800000| PB 0x000000043d800000| Untracked |  0
|  58|0x000000043e000000, 0x000000043e000000, 0x000000043e800000|  0%| F|  |TAMS 0x000000043e000000| PB 0x000000043e000000| Untracked |  0
|  59|0x000000043e800000, 0x000000043e800000, 0x000000043f000000|  0%| F|  |TAMS 0x000000043e800000| PB 0x000000043e800000| Untracked |  0
|  60|0x000000043f000000, 0x000000043f000000, 0x000000043f800000|  0%| F|  |TAMS 0x000000043f000000| PB 0x000000043f000000| Untracked |  0
|  61|0x000000043f800000, 0x000000043f800000, 0x0000000440000000|  0%| F|  |TAMS 0x000000043f800000| PB 0x000000043f800000| Untracked |  0
|  62|0x0000000440000000, 0x0000000440000000, 0x0000000440800000|  0%| F|  |TAMS 0x0000000440000000| PB 0x0000000440000000| Untracked |  0
|  63|0x0000000440800000, 0x0000000440800000, 0x0000000441000000|  0%| F|  |TAMS 0x0000000440800000| PB 0x0000000440800000| Untracked |  0
|  64|0x0000000441000000, 0x0000000441000000, 0x0000000441800000|  0%| F|  |TAMS 0x0000000441000000| PB 0x0000000441000000| Untracked |  0
|  65|0x0000000441800000, 0x0000000441800000, 0x0000000442000000|  0%| F|  |TAMS 0x0000000441800000| PB 0x0000000441800000| Untracked |  0
|  66|0x0000000442000000, 0x0000000442000000, 0x0000000442800000|  0%| F|  |TAMS 0x0000000442000000| PB 0x0000000442000000| Untracked |  0
|  67|0x0000000442800000, 0x0000000442800000, 0x0000000443000000|  0%| F|  |TAMS 0x0000000442800000| PB 0x0000000442800000| Untracked |  0
|  68|0x0000000443000000, 0x0000000443000000, 0x0000000443800000|  0%| F|  |TAMS 0x0000000443000000| PB 0x0000000443000000| Untracked |  0
|  69|0x0000000443800000, 0x0000000443800000, 0x0000000444000000|  0%| F|  |TAMS 0x0000000443800000| PB 0x0000000443800000| Untracked |  0
|  70|0x0000000444000000, 0x0000000444000000, 0x0000000444800000|  0%| F|  |TAMS 0x0000000444000000| PB 0x0000000444000000| Untracked |  0
|  71|0x0000000444800000, 0x0000000444800000, 0x0000000445000000|  0%| F|  |TAMS 0x0000000444800000| PB 0x0000000444800000| Untracked |  0
|  72|0x0000000445000000, 0x0000000445000000, 0x0000000445800000|  0%| F|  |TAMS 0x0000000445000000| PB 0x0000000445000000| Untracked |  0
|  73|0x0000000445800000, 0x0000000445800000, 0x0000000446000000|  0%| F|  |TAMS 0x0000000445800000| PB 0x0000000445800000| Untracked |  0
|  74|0x0000000446000000, 0x0000000446000000, 0x0000000446800000|  0%| F|  |TAMS 0x0000000446000000| PB 0x0000000446000000| Untracked |  0
|  75|0x0000000446800000, 0x0000000446800000, 0x0000000447000000|  0%| F|  |TAMS 0x0000000446800000| PB 0x0000000446800000| Untracked |  0
|  76|0x0000000447000000, 0x0000000447000000, 0x0000000447800000|  0%| F|  |TAMS 0x0000000447000000| PB 0x0000000447000000| Untracked |  0
|  77|0x0000000447800000, 0x0000000447800000, 0x0000000448000000|  0%| F|  |TAMS 0x0000000447800000| PB 0x0000000447800000| Untracked |  0
|  78|0x0000000448000000, 0x0000000448000000, 0x0000000448800000|  0%| F|  |TAMS 0x0000000448000000| PB 0x0000000448000000| Untracked |  0
|  79|0x0000000448800000, 0x0000000448800000, 0x0000000449000000|  0%| F|  |TAMS 0x0000000448800000| PB 0x0000000448800000| Untracked |  0
|  80|0x0000000449000000, 0x0000000449000000, 0x0000000449800000|  0%| F|  |TAMS 0x0000000449000000| PB 0x0000000449000000| Untracked |  0
|  81|0x0000000449800000, 0x0000000449800000, 0x000000044a000000|  0%| F|  |TAMS 0x0000000449800000| PB 0x0000000449800000| Untracked |  0
|  82|0x000000044a000000, 0x000000044a000000, 0x000000044a800000|  0%| F|  |TAMS 0x000000044a000000| PB 0x000000044a000000| Untracked |  0
|  83|0x000000044a800000, 0x000000044a800000, 0x000000044b000000|  0%| F|  |TAMS 0x000000044a800000| PB 0x000000044a800000| Untracked |  0
|  84|0x000000044b000000, 0x000000044b000000, 0x000000044b800000|  0%| F|  |TAMS 0x000000044b000000| PB 0x000000044b000000| Untracked |  0
|  85|0x000000044b800000, 0x000000044b800000, 0x000000044c000000|  0%| F|  |TAMS 0x000000044b800000| PB 0x000000044b800000| Untracked |  0
|  86|0x000000044c000000, 0x000000044c000000, 0x000000044c800000|  0%| F|  |TAMS 0x000000044c000000| PB 0x000000044c000000| Untracked |  0
|  87|0x000000044c800000, 0x000000044c800000, 0x000000044d000000|  0%| F|  |TAMS 0x000000044c800000| PB 0x000000044c800000| Untracked |  0
|  88|0x000000044d000000, 0x000000044d000000, 0x000000044d800000|  0%| F|  |TAMS 0x000000044d000000| PB 0x000000044d000000| Untracked |  0
|  89|0x000000044d800000, 0x000000044d800000, 0x000000044e000000|  0%| F|  |TAMS 0x000000044d800000| PB 0x000000044d800000| Untracked |  0
|  90|0x000000044e000000, 0x000000044e000000, 0x000000044e800000|  0%| F|  |TAMS 0x000000044e000000| PB 0x000000044e000000| Untracked |  0
|  91|0x000000044e800000, 0x000000044e800000, 0x000000044f000000|  0%| F|  |TAMS 0x000000044e800000| PB 0x000000044e800000| Untracked |  0
|  92|0x000000044f000000, 0x000000044f000000, 0x000000044f800000|  0%| F|  |TAMS 0x000000044f000000| PB 0x000000044f000000| Untracked |  0
|  93|0x000000044f800000, 0x000000044f800000, 0x0000000450000000|  0%| F|  |TAMS 0x000000044f800000| PB 0x000000044f800000| Untracked |  0
|  94|0x0000000450000000, 0x0000000450000000, 0x0000000450800000|  0%| F|  |TAMS 0x0000000450000000| PB 0x0000000450000000| Untracked |  0
|  95|0x0000000450800000, 0x0000000450800000, 0x0000000451000000|  0%| F|  |TAMS 0x0000000450800000| PB 0x0000000450800000| Untracked |  0
|  96|0x0000000451000000, 0x0000000451000000, 0x0000000451800000|  0%| F|  |TAMS 0x0000000451000000| PB 0x0000000451000000| Untracked |  0
|  97|0x0000000451800000, 0x0000000451800000, 0x0000000452000000|  0%| F|  |TAMS 0x0000000451800000| PB 0x0000000451800000| Untracked |  0
|  98|0x0000000452000000, 0x0000000452000000, 0x0000000452800000|  0%| F|  |TAMS 0x0000000452000000| PB 0x0000000452000000| Untracked |  0
|  99|0x0000000452800000, 0x0000000452800000, 0x0000000453000000|  0%| F|  |TAMS 0x0000000452800000| PB 0x0000000452800000| Untracked |  0
| 100|0x0000000453000000, 0x0000000453000000, 0x0000000453800000|  0%| F|  |TAMS 0x0000000453000000| PB 0x0000000453000000| Untracked |  0
| 101|0x0000000453800000, 0x0000000453800000, 0x0000000454000000|  0%| F|  |TAMS 0x0000000453800000| PB 0x0000000453800000| Untracked |  0
| 102|0x0000000454000000, 0x0000000454000000, 0x0000000454800000|  0%| F|  |TAMS 0x0000000454000000| PB 0x0000000454000000| Untracked |  0
| 103|0x0000000454800000, 0x0000000454800000, 0x0000000455000000|  0%| F|  |TAMS 0x0000000454800000| PB 0x0000000454800000| Untracked |  0
| 104|0x0000000455000000, 0x0000000455000000, 0x0000000455800000|  0%| F|  |TAMS 0x0000000455000000| PB 0x0000000455000000| Untracked |  0
| 105|0x0000000455800000, 0x0000000455800000, 0x0000000456000000|  0%| F|  |TAMS 0x0000000455800000| PB 0x0000000455800000| Untracked |  0
| 106|0x0000000456000000, 0x0000000456000000, 0x0000000456800000|  0%| F|  |TAMS 0x0000000456000000| PB 0x0000000456000000| Untracked |  0
| 107|0x0000000456800000, 0x0000000456800000, 0x0000000457000000|  0%| F|  |TAMS 0x0000000456800000| PB 0x0000000456800000| Untracked |  0
| 108|0x0000000457000000, 0x0000000457000000, 0x0000000457800000|  0%| F|  |TAMS 0x0000000457000000| PB 0x0000000457000000| Untracked |  0
| 109|0x0000000457800000, 0x0000000457800000, 0x0000000458000000|  0%| F|  |TAMS 0x0000000457800000| PB 0x0000000457800000| Untracked |  0
| 110|0x0000000458000000, 0x0000000458000000, 0x0000000458800000|  0%| F|  |TAMS 0x0000000458000000| PB 0x0000000458000000| Untracked |  0
| 111|0x0000000458800000, 0x0000000458800000, 0x0000000459000000|  0%| F|  |TAMS 0x0000000458800000| PB 0x0000000458800000| Untracked |  0
| 112|0x0000000459000000, 0x0000000459000000, 0x0000000459800000|  0%| F|  |TAMS 0x0000000459000000| PB 0x0000000459000000| Untracked |  0
| 113|0x0000000459800000, 0x0000000459800000, 0x000000045a000000|  0%| F|  |TAMS 0x0000000459800000| PB 0x0000000459800000| Untracked |  0
| 114|0x000000045a000000, 0x000000045a000000, 0x000000045a800000|  0%| F|  |TAMS 0x000000045a000000| PB 0x000000045a000000| Untracked |  0
| 115|0x000000045a800000, 0x000000045a800000, 0x000000045b000000|  0%| F|  |TAMS 0x000000045a800000| PB 0x000000045a800000| Untracked |  0
| 116|0x000000045b000000, 0x000000045b000000, 0x000000045b800000|  0%| F|  |TAMS 0x000000045b000000| PB 0x000000045b000000| Untracked |  0
| 117|0x000000045b800000, 0x000000045b800000, 0x000000045c000000|  0%| F|  |TAMS 0x000000045b800000| PB 0x000000045b800000| Untracked |  0
| 118|0x000000045c000000, 0x000000045c000000, 0x000000045c800000|  0%| F|  |TAMS 0x000000045c000000| PB 0x000000045c000000| Untracked |  0
| 119|0x000000045c800000, 0x000000045c800000, 0x000000045d000000|  0%| F|  |TAMS 0x000000045c800000| PB 0x000000045c800000| Untracked |  0
| 120|0x000000045d000000, 0x000000045d000000, 0x000000045d800000|  0%| F|  |TAMS 0x000000045d000000| PB 0x000000045d000000| Untracked |  0
| 121|0x000000045d800000, 0x000000045d800000, 0x000000045e000000|  0%| F|  |TAMS 0x000000045d800000| PB 0x000000045d800000| Untracked |  0
| 122|0x000000045e000000, 0x000000045e2e14f8, 0x000000045e800000| 36%| E|  |TAMS 0x000000045e000000| PB 0x000000045e000000| Complete |  0
| 123|0x000000045e800000, 0x000000045f000000, 0x000000045f000000|100%| E|CS|TAMS 0x000000045e800000| PB 0x000000045e800000| Complete |  0
|1981|0x00000007ff800000, 0x00000007ff9211a8, 0x0000000800000000| 14%| O|  |TAMS 0x00000007ff800000| PB 0x00000007ff800000| Untracked |  0

Card table byte_map: [0x000078759c610000,0x000078759e508000] _byte_map_base: 0x000078759a508000

Marking Bits: (CMBitMap*) 0x00007875b80597f0
 Bits: [0x000078758ce50000, 0x000078759c610000)

Polling page: 0x00007875bf242000

Metaspace:

Usage:
  Non-class:      3.69 MB used.
      Class:    392.18 KB used.
       Both:      4.08 MB used.

Virtual space:
  Non-class space:       64.00 MB reserved,       3.88 MB (  6%) committed,  1 nodes.
      Class space:        1.00 GB reserved,     512.00 KB ( <1%) committed,  1 nodes.
             Both:        1.06 GB reserved,       4.38 MB ( <1%) committed. 

Chunk freelists:
   Non-Class:  10.68 MB
       Class:  15.49 MB
        Both:  26.16 MB

MaxMetaspaceSize: unlimited
CompressedClassSpaceSize: 1.00 GB
Initial GC threshold: 21.00 MB
Current GC threshold: 21.00 MB
CDS: on
 - commit_granule_bytes: 65536.
 - commit_granule_words: 8192.
 - virtual_space_node_default_size: 8388608.
 - enlarge_chunks_in_place: 1.
 - use_allocation_guard: 0.


Internal statistics:

num_allocs_failed_limit: 0.
num_arena_births: 262.
num_arena_deaths: 0.
num_vsnodes_births: 2.
num_vsnodes_deaths: 0.
num_space_committed: 70.
num_space_uncommitted: 0.
num_chunks_returned_to_freelist: 0.
num_chunks_taken_from_freelist: 335.
num_chunk_merges: 0.
num_chunk_splits: 227.
num_chunks_enlarged: 123.
num_inconsistent_stats: 0.

CodeHeap 'non-profiled nmethods': size=119172Kb used=229Kb max_used=229Kb free=118942Kb
 bounds [0x00007875a7f9f000, 0x00007875a820f000, 0x00007875af400000]
CodeHeap 'profiled nmethods': size=119164Kb used=819Kb max_used=819Kb free=118344Kb
 bounds [0x00007875a0400000, 0x00007875a0670000, 0x00007875a785f000]
CodeHeap 'non-nmethods': size=7424Kb used=2648Kb max_used=2662Kb free=4776Kb
 bounds [0x00007875a785f000, 0x00007875a7aff000, 0x00007875a7f9f000]
CodeCache: size=245760Kb, used=3696Kb, max_used=3710Kb, free=242062Kb
 total_blobs=1252, nmethods=728, adapters=427, full_count=0
Compilation: enabled, stopped_count=0, restarted_count=0

Compilation events (20 events):
Event: 0.100 Thread 0x00007874f80875a0 nmethod 711 0x00007875a04c8788 code [0x00007875a04c8940, 0x00007875a04c8ff8]
Event: 0.100 Thread 0x00007874ec0295b0 nmethod 715 0x00007875a04c9008 code [0x00007875a04c9120, 0x00007875a04c9278]
Event: 0.100 Thread 0x00007875b81649e0 nmethod 714 0x00007875a04c9308 code [0x00007875a04c9460, 0x00007875a04c9858]
Event: 0.100 Thread 0x00007875b81632d0 nmethod 669 0x00007875a7fd6408 code [0x00007875a7fd6560, 0x00007875a7fd6b48]
Event: 0.100 Thread 0x00007875b81632d0  716       4       jdk.internal.classfile.impl.BufWriterImpl::writeIntBytes (54 bytes)
Event: 0.100 Thread 0x00007874f80875a0  718       3       java.lang.invoke.InvokerBytecodeGenerator::storeInsnOpcode (98 bytes)
Event: 0.100 Thread 0x00007874ec0295b0  719       3       jdk.internal.org.objectweb.asm.Frame::getInputStackSize (6 bytes)
Event: 0.100 Thread 0x00007874ec0295b0 nmethod 719 0x00007875a04c9908 code [0x00007875a04c9a20, 0x00007875a04c9b30]
Event: 0.100 Thread 0x00007875b81649e0  720       3       java.util.ImmutableCollections$List12::size (16 bytes)
Event: 0.100 Thread 0x00007874ec0295b0  721       3       java.lang.invoke.LambdaForm::methodType (48 bytes)
Event: 0.100 Thread 0x00007874f80875a0 nmethod 718 0x00007875a04c9c08 code [0x00007875a04c9e00, 0x00007875a04ca780]
Event: 0.100 Thread 0x00007874f80875a0  722       3       jdk.internal.org.objectweb.asm.Handler::putExceptionTable (63 bytes)
Event: 0.100 Thread 0x00007875b81649e0 nmethod 720 0x00007875a04ca808 code [0x00007875a04ca920, 0x00007875a04caaa8]
Event: 0.100 Thread 0x00007875b81649e0  723       3       java.util.ImmutableCollections$ListN::get (7 bytes)
Event: 0.100 Thread 0x00007875b81649e0 nmethod 723 0x00007875a04cab08 code [0x00007875a04cac20, 0x00007875a04cad50]
Event: 0.100 Thread 0x00007874f80875a0 nmethod 722 0x00007875a04cae08 code [0x00007875a04cafa0, 0x00007875a04cb3d8]
Event: 0.100 Thread 0x00007874ec0295b0 nmethod 721 0x00007875a04cb408 code [0x00007875a04cb580, 0x00007875a04cbb38]
Event: 0.100 Thread 0x00007874f80875a0  727       3       jdk.internal.org.objectweb.asm.Type::getReturnTypeOffset (64 bytes)
Event: 0.101 Thread 0x00007875b81649e0  728       1       java.lang.Class::getClassData (5 bytes)
Event: 0.101 Thread 0x00007875b81649e0 nmethod 728 0x00007875a7fd7808 code [0x00007875a7fd7920, 0x00007875a7fd79e8]

GC Heap History (0 events):
No events

Dll operation events (8 events):
Event: 0.001 Loaded shared library /usr/lib/jvm/java-23-temurin/lib/libjava.so
Event: 0.012 Loaded shared library /usr/lib/jvm/java-23-temurin/lib/libjsvml.so
Event: 0.020 Loaded shared library /usr/lib/jvm/java-23-temurin/lib/libnio.so
Event: 0.022 Loaded shared library /usr/lib/jvm/java-23-temurin/lib/libzip.so
Event: 0.045 Loaded shared library /usr/lib/jvm/java-23-temurin/lib/libnet.so
Event: 0.049 Loaded shared library /usr/lib/jvm/java-23-temurin/lib/libjimage.so
Event: 0.060 Loaded shared library /tmp/3338563476060329952.so
Event: 0.064 Loaded shared library /usr/lib/jvm/java-23-temurin/lib/libsyslookup.so

Deoptimization events (0 events):
No events

Classes loaded (20 events):
Event: 0.097 Loading class sun/invoke/util/ValueConversions$Handles
Event: 0.097 Loading class sun/invoke/util/ValueConversions$Handles done
Event: 0.097 Loading class java/util/Spliterators$IntArraySpliterator
Event: 0.097 Loading class java/util/Spliterators$IntArraySpliterator done
Event: 0.097 Loading class java/util/stream/Streams$ConcatSpliterator$OfInt
Event: 0.097 Loading class java/util/stream/Streams$ConcatSpliterator$OfPrimitive
Event: 0.097 Loading class java/util/stream/Streams$ConcatSpliterator
Event: 0.097 Loading class java/util/stream/Streams$ConcatSpliterator done
Event: 0.097 Loading class java/util/stream/Streams$ConcatSpliterator$OfPrimitive done
Event: 0.097 Loading class java/util/stream/Streams$ConcatSpliterator$OfInt done
Event: 0.097 Loading class java/util/stream/Streams$2
Event: 0.097 Loading class java/util/stream/Streams$2 done
Event: 0.097 Loading class java/util/stream/Nodes$IntFixedNodeBuilder
Event: 0.097 Loading class java/util/stream/Node$Builder$OfInt
Event: 0.097 Loading class java/util/stream/Node$Builder$OfInt done
Event: 0.097 Loading class java/util/stream/Nodes$IntArrayNode
Event: 0.097 Loading class java/util/stream/Nodes$IntArrayNode done
Event: 0.097 Loading class java/util/stream/Nodes$IntFixedNodeBuilder done
Event: 0.098 Loading class java/lang/invoke/VarHandles$2
Event: 0.098 Loading class java/lang/invoke/VarHandles$2 done

Classes unloaded (0 events):
No events

Classes redefined (0 events):
No events

Internal exceptions (20 events):
Event: 0.083 Thread 0x00007875b802aa60 Exception <a 'java/lang/NoSuchMethodError'{0x000000045e0b07b0}: 'void java.lang.invoke.DirectMethodHandle$Holder.invokeStatic(java.lang.Object, long)'> (0x000000045e0b07b0) 
thrown [src/hotspot/share/interpreter/linkResolver.cpp, line 795]
Event: 0.083 Thread 0x00007875b802aa60 Exception <a 'java/lang/NoSuchMethodError'{0x000000045e0b5868}: 'java.lang.Object java.lang.invoke.DirectMethodHandle$Holder.newInvokeSpecial(java.lang.Object, long)'> (0x000000045e0b5868) 
thrown [src/hotspot/share/interpreter/linkResolver.cpp, line 795]
Event: 0.086 Thread 0x00007875b802aa60 Exception <a 'java/lang/NoSuchMethodError'{0x000000045e0df990}: 'void java.lang.invoke.DirectMethodHandle$Holder.invokeStatic(java.lang.Object, int, java.lang.Object)'> (0x000000045e0df990) 
thrown [src/hotspot/share/interpreter/linkResolver.cpp, line 795]
Event: 0.088 Thread 0x00007875b802aa60 Exception <a 'java/lang/NoSuchMethodError'{0x000000045e111788}: 'int java.lang.invoke.Invokers$Holder.invokeExact_MT(java.lang.Object, java.lang.Object)'> (0x000000045e111788) 
thrown [src/hotspot/share/interpreter/linkResolver.cpp, line 795]
Event: 0.089 Thread 0x00007875b802aa60 Exception <a 'java/lang/NoSuchMethodError'{0x000000045e115b80}: 'java.lang.Object java.lang.invoke.Invokers$Holder.invoke_MT(java.lang.Object, java.lang.Object, java.lang.Object, java.lang.Object, java.lang.Object)'> (0x000000045e115b80) 
thrown [src/hotspot/share/interpreter/linkResolver.cpp, line 795]
Event: 0.093 Thread 0x00007875b802aa60 Exception <a 'java/lang/NoSuchMethodError'{0x000000045e1976f8}: 'long java.lang.invoke.DirectMethodHandle$Holder.invokeStaticInit(java.lang.Object, long, long, long, long)'> (0x000000045e1976f8) 
thrown [src/hotspot/share/interpreter/linkResolver.cpp, line 795]
Event: 0.093 Thread 0x00007875b802aa60 Exception <a 'java/lang/NoSuchMethodError'{0x000000045e19afb8}: 'java.lang.Object java.lang.invoke.DirectMethodHandle$Holder.invokeInterface(java.lang.Object, java.lang.Object, long, long)'> (0x000000045e19afb8) 
thrown [src/hotspot/share/interpreter/linkResolver.cpp, line 795]
Event: 0.093 Thread 0x00007875b802aa60 Exception <a 'java/lang/NoSuchMethodError'{0x000000045e19eaa8}: 'java.lang.Object java.lang.invoke.DirectMethodHandle$Holder.invokeInterface(java.lang.Object, java.lang.Object, long, java.lang.Object)'> (0x000000045e19eaa8) 
thrown [src/hotspot/share/interpreter/linkResolver.cpp, line 795]
Event: 0.093 Thread 0x00007875b802aa60 Exception <a 'java/lang/NoSuchMethodError'{0x000000045e1a5328}: 'void java.lang.invoke.DirectMethodHandle$Holder.invokeStaticInit(java.lang.Object, java.lang.Object, long, java.lang.Object)'> (0x000000045e1a5328) 
thrown [src/hotspot/share/interpreter/linkResolver.cpp, line 795]
Event: 0.094 Thread 0x00007875b802aa60 Exception <a 'java/lang/NoSuchMethodError'{0x000000045e1c3f88}: 'java.lang.Object java.lang.invoke.DirectMethodHandle$Holder.invokeStatic(java.lang.Object, java.lang.Object, int)'> (0x000000045e1c3f88) 
thrown [src/hotspot/share/interpreter/linkResolver.cpp, line 795]
Event: 0.095 Thread 0x00007875b802aa60 Exception <a 'java/lang/NoSuchMethodError'{0x000000045e1d6100}: 'void java.lang.invoke.DelegatingMethodHandle$Holder.delegate(java.lang.Object, java.lang.Object, int, java.lang.Object)'> (0x000000045e1d6100) 
thrown [src/hotspot/share/interpreter/linkResolver.cpp, line 795]
Event: 0.096 Thread 0x00007875b802aa60 Exception <a 'java/lang/NoSuchMethodError'{0x000000045e1ef140}: 'java.lang.Object java.lang.invoke.DirectMethodHandle$Holder.newInvokeSpecial(java.lang.Object, int, java.lang.Object)'> (0x000000045e1ef140) 
thrown [src/hotspot/share/interpreter/linkResolver.cpp, line 795]
Event: 0.096 Thread 0x00007875b802aa60 Exception <a 'java/lang/NoSuchMethodError'{0x000000045e1f70f8}: 'void java.lang.invoke.DelegatingMethodHandle$Holder.reinvoke_L(java.lang.Object, java.lang.Object, long, java.lang.Object)'> (0x000000045e1f70f8) 
thrown [src/hotspot/share/interpreter/linkResolver.cpp, line 795]
Event: 0.097 Thread 0x00007875b802aa60 Exception <a 'java/lang/NoSuchMethodError'{0x000000045e204218}: 'java.lang.Object java.lang.invoke.DirectMethodHandle$Holder.invokeSpecial(java.lang.Object, java.lang.Object, java.lang.Object, java.lang.Object, long)'> (0x000000045e204218) 
thrown [src/hotspot/share/interpreter/linkResolver.cpp, line 795]
Event: 0.098 Thread 0x00007875b802aa60 Exception <a 'java/lang/NoSuchMethodError'{0x000000045e222af8}: 'void java.lang.invoke.DelegatingMethodHandle$Holder.reinvoke_L(java.lang.Object, java.lang.Object, java.lang.Object, long, int)'> (0x000000045e222af8) 
thrown [src/hotspot/share/interpreter/linkResolver.cpp, line 795]
Event: 0.098 Thread 0x00007875b802aa60 Exception <a 'java/lang/NoSuchMethodError'{0x000000045e22a248}: 'void java.lang.invoke.DirectMethodHandle$Holder.invokeSpecial(java.lang.Object, java.lang.Object, java.lang.Object, long)'> (0x000000045e22a248) 
thrown [src/hotspot/share/interpreter/linkResolver.cpp, line 795]
Event: 0.100 Thread 0x00007875b802aa60 Exception <a 'java/lang/NoSuchMethodError'{0x000000045e247ac0}: 'void java.lang.invoke.DirectMethodHandle$Holder.invokeStaticInit(java.lang.Object, java.lang.Object, java.lang.Object)'> (0x000000045e247ac0) 
thrown [src/hotspot/share/interpreter/linkResolver.cpp, line 795]
Event: 0.100 Thread 0x00007875b802aa60 Exception <a 'java/lang/NoSuchMethodError'{0x000000045e258148}: 'void java.lang.invoke.Invokers$Holder.invokeExact_MT(java.lang.Object, java.lang.Object)'> (0x000000045e258148) 
thrown [src/hotspot/share/interpreter/linkResolver.cpp, line 795]
Event: 0.100 Thread 0x00007875b802aa60 Exception <a 'java/lang/NoSuchMethodError'{0x000000045e25ba50}: 'void java.lang.invoke.DirectMethodHandle$Holder.invokeSpecial(java.lang.Object, java.lang.Object, long)'> (0x000000045e25ba50) 
thrown [src/hotspot/share/interpreter/linkResolver.cpp, line 795]
Event: 0.101 Thread 0x00007875b802aa60 Exception <a 'java/lang/NoSuchMethodError'{0x000000045e25ea28}: 'void java.lang.invoke.Invokers$Holder.invokeExact_MT(java.lang.Object, long, java.lang.Object)'> (0x000000045e25ea28) 
thrown [src/hotspot/share/interpreter/linkResolver.cpp, line 795]

VM Operations (2 events):
Event: 0.022 Executing VM operation: HandshakeAllThreads (Deoptimize)
Event: 0.022 Executing VM operation: HandshakeAllThreads (Deoptimize) done

Memory protections (13 events):
Event: 0.001 Protecting memory [0x00007875bd811000,0x00007875bd815000] with protection modes 0
Event: 0.011 Protecting memory [0x00007875856f8000,0x00007875856fc000] with protection modes 0
Event: 0.011 Protecting memory [0x0000787585300000,0x0000787585304000] with protection modes 0
Event: 0.011 Protecting memory [0x00007875851ff000,0x0000787585203000] with protection modes 0
Event: 0.011 Protecting memory [0x00007875850fe000,0x0000787585102000] with protection modes 0
Event: 0.011 Protecting memory [0x0000787584ffd000,0x0000787585001000] with protection modes 0
Event: 0.011 Protecting memory [0x0000787584efc000,0x0000787584f00000] with protection modes 0
Event: 0.011 Protecting memory [0x0000787584dfb000,0x0000787584dff000] with protection modes 0
Event: 0.014 Protecting memory [0x0000787584c2a000,0x0000787584c2e000] with protection modes 0
Event: 0.014 Protecting memory [0x0000787584b29000,0x0000787584b2d000] with protection modes 0
Event: 0.015 Protecting memory [0x0000787584a28000,0x0000787584a2c000] with protection modes 0
Event: 0.016 Protecting memory [0x0000787584927000,0x000078758492b000] with protection modes 0
Event: 0.019 Protecting memory [0x0000787584826000,0x000078758482a000] with protection modes 0

Nmethod flushes (0 events):
No events

Events (14 events):
Event: 0.007 Thread 0x00007875b802aa60 Thread added: 0x00007875b802aa60
Event: 0.011 Thread 0x00007875b802aa60 Thread added: 0x00007875b815bdd0
Event: 0.011 Thread 0x00007875b802aa60 Thread added: 0x00007875b815d340
Event: 0.011 Thread 0x00007875b802aa60 Thread added: 0x00007875b815eb50
Event: 0.011 Thread 0x00007875b802aa60 Thread added: 0x00007875b8160190
Event: 0.011 Thread 0x00007875b802aa60 Thread added: 0x00007875b8161730
Event: 0.011 Thread 0x00007875b802aa60 Thread added: 0x00007875b81632d0
Event: 0.011 Thread 0x00007875b802aa60 Thread added: 0x00007875b81649e0
Event: 0.014 Thread 0x00007875b81632d0 Thread added: 0x00007874f80875a0
Event: 0.014 Thread 0x00007874f80875a0 Thread added: 0x00007874ec0295b0
Event: 0.015 Thread 0x00007875b802aa60 Thread added: 0x00007875b81a5eb0
Event: 0.016 Thread 0x00007875b802aa60 Thread added: 0x00007875b81a8950
Event: 0.019 Thread 0x00007875b802aa60 Thread added: 0x00007875b81b10a0
Event: 0.090 Thread 0x00007875b81b10a0 Thread exited: 0x00007875b81b10a0


Dynamic libraries:
421000000-45f000000 rw-p 00000000 00:00 0 
45f000000-7ff800000 ---p 00000000 00:00 0 
7ff800000-7ff922000 rw-p 00dc6000 103:02 52301455                        /usr/lib/jvm/java-23-temurin/lib/server/classes.jsa
7ff922000-800000000 rw-p 00000000 00:00 0 
57a61ad6a000-57a61ad6b000 r-xp 00000000 103:02 52301289                  /usr/lib/jvm/java-23-temurin/bin/java
57a61ad6c000-57a61ad6d000 r--p 00001000 103:02 52301289                  /usr/lib/jvm/java-23-temurin/bin/java
57a61ad6d000-57a61ad6e000 rw-p 00002000 103:02 52301289                  /usr/lib/jvm/java-23-temurin/bin/java
57a63363e000-57a633685000 rw-p 00000000 00:00 0                          [heap]
7874d4000000-7874d4021000 rw-p 00000000 00:00 0 
7874d4021000-7874d8000000 ---p 00000000 00:00 0 
7874dc000000-7874dc021000 rw-p 00000000 00:00 0 
7874dc021000-7874e0000000 ---p 00000000 00:00 0 
7874e0000000-7874e0021000 rw-p 00000000 00:00 0 
7874e0021000-7874e4000000 ---p 00000000 00:00 0 
7874e8000000-7874e825c000 rw-p 00000000 00:00 0 
7874e825c000-7874ec000000 ---p 00000000 00:00 0 
7874ec000000-7874ec1a8000 rw-p 00000000 00:00 0 
7874ec1a8000-7874f0000000 ---p 00000000 00:00 0 
7874f4000000-7874f418b000 rw-p 00000000 00:00 0 
7874f418b000-7874f8000000 ---p 00000000 00:00 0 
7874f8000000-7874f81b1000 rw-p 00000000 00:00 0 
7874f81b1000-7874fc000000 ---p 00000000 00:00 0 
787500000000-787500021000 rw-p 00000000 00:00 0 
787500021000-787504000000 ---p 00000000 00:00 0 
787504000000-787504021000 rw-p 00000000 00:00 0 
787504021000-787508000000 ---p 00000000 00:00 0 
78750c000000-78750c021000 rw-p 00000000 00:00 0 
78750c021000-787510000000 ---p 00000000 00:00 0 
787510000000-787510021000 rw-p 00000000 00:00 0 
787510021000-787514000000 ---p 00000000 00:00 0 
787518000000-787518021000 rw-p 00000000 00:00 0 
787518021000-78751c000000 ---p 00000000 00:00 0 
78751c000000-78751c021000 rw-p 00000000 00:00 0 
78751c021000-787520000000 ---p 00000000 00:00 0 
787524000000-787524280000 rw-p 00000000 00:00 0 
787524280000-787524400000 ---p 00000000 00:00 0 
787524400000-787524560000 rw-p 00000000 00:00 0 
787524560000-787528000000 ---p 00000000 00:00 0 
787528000000-787528021000 rw-p 00000000 00:00 0 
787528021000-78752c000000 ---p 00000000 00:00 0 
78752e000000-78752ed97000 rw-p 00001000 103:02 52301455                  /usr/lib/jvm/java-23-temurin/lib/server/classes.jsa
78752ed97000-78752f000000 ---p 00000000 00:00 0 
78752f000000-78752f030000 rw-p 00000000 00:00 0 
78752f030000-78752f040000 ---p 00000000 00:00 0 
78752f040000-78752f090000 rw-p 00000000 00:00 0 
78752f090000-78756f000000 ---p 00000000 00:00 0 
787570000000-787570021000 rw-p 00000000 00:00 0 
787570021000-787574000000 ---p 00000000 00:00 0 
787574000000-787574021000 rw-p 00000000 00:00 0 
787574021000-787578000000 ---p 00000000 00:00 0 
78757c000000-78757c021000 rw-p 00000000 00:00 0 
78757c021000-787580000000 ---p 00000000 00:00 0 
787580000000-787580021000 rw-p 00000000 00:00 0 
787580021000-787584000000 ---p 00000000 00:00 0 
787584608000-787584653000 r--p 00000000 00:2f 1157                       /tmp/3338563476060329952.so
787584653000-787584777000 r-xp 0004b000 00:2f 1157                       /tmp/3338563476060329952.so
787584777000-7875847ec000 r--p 0016f000 00:2f 1157                       /tmp/3338563476060329952.so
7875847ec000-7875847f0000 r--p 001e3000 00:2f 1157                       /tmp/3338563476060329952.so
7875847f0000-7875847f6000 rw-p 001e7000 00:2f 1157                       /tmp/3338563476060329952.so
7875847f6000-787584825000 rw-p 00000000 00:00 0 
787584825000-787584826000 ---p 00000000 00:00 0 
787584826000-78758482a000 ---p 00000000 00:00 0 
78758482a000-787584926000 rw-p 00000000 00:00 0 
787584926000-787584927000 ---p 00000000 00:00 0 
787584927000-78758492b000 ---p 00000000 00:00 0 
78758492b000-787584a27000 rw-p 00000000 00:00 0 
787584a27000-787584a28000 ---p 00000000 00:00 0 
787584a28000-787584a2c000 ---p 00000000 00:00 0 
787584a2c000-787584b28000 rw-p 00000000 00:00 0 
787584b28000-787584b29000 ---p 00000000 00:00 0 
787584b29000-787584b2d000 ---p 00000000 00:00 0 
787584b2d000-787584c29000 rw-p 00000000 00:00 0 
787584c29000-787584c2a000 ---p 00000000 00:00 0 
787584c2a000-787584c2e000 ---p 00000000 00:00 0 
787584c2e000-787584d2a000 rw-p 00000000 00:00 0 
787584d2a000-787584df8000 r-xp 00000000 103:02 52301429                  /usr/lib/jvm/java-23-temurin/lib/libjsvml.so
787584df8000-787584df9000 r--p 000cd000 103:02 52301429                  /usr/lib/jvm/java-23-temurin/lib/libjsvml.so
787584df9000-787584dfa000 rw-p 000ce000 103:02 52301429                  /usr/lib/jvm/java-23-temurin/lib/libjsvml.so
787584dfa000-787584dfb000 ---p 00000000 00:00 0 
787584dfb000-787584dff000 ---p 00000000 00:00 0 
787584dff000-787584efb000 rw-p 00000000 00:00 0 
787584efb000-787584efc000 ---p 00000000 00:00 0 
787584efc000-787584f00000 ---p 00000000 00:00 0 
787584f00000-787584ffc000 rw-p 00000000 00:00 0 
787584ffc000-787584ffd000 ---p 00000000 00:00 0 
787584ffd000-787585001000 ---p 00000000 00:00 0 
787585001000-7875850fd000 rw-p 00000000 00:00 0 
7875850fd000-7875850fe000 ---p 00000000 00:00 0 
7875850fe000-787585102000 ---p 00000000 00:00 0 
787585102000-7875851fe000 rw-p 00000000 00:00 0 
7875851fe000-7875851ff000 ---p 00000000 00:00 0 
7875851ff000-787585203000 ---p 00000000 00:00 0 
787585203000-7875852ff000 rw-p 00000000 00:00 0 
7875852ff000-787585300000 ---p 00000000 00:00 0 
787585300000-787585304000 ---p 00000000 00:00 0 
787585304000-787585400000 rw-p 00000000 00:00 0 
787585400000-7875856eb000 r--p 00000000 103:02 51195440                  /usr/lib/locale/locale-archive
7875856f7000-7875856f8000 ---p 00000000 00:00 0 
7875856f8000-7875856fc000 ---p 00000000 00:00 0 
7875856fc000-7875857f8000 rw-p 00000000 00:00 0 
7875857f8000-7875857f9000 ---p 00000000 00:00 0 
7875857f9000-7875858f9000 rw-p 00000000 00:00 0 
7875858f9000-7875858fa000 ---p 00000000 00:00 0 
7875858fa000-7875859fa000 rw-p 00000000 00:00 0 
7875859fa000-7875859fb000 ---p 00000000 00:00 0 
7875859fb000-787585afb000 rw-p 00000000 00:00 0 
787585afb000-787585afc000 ---p 00000000 00:00 0 
787585afc000-787585bfc000 rw-p 00000000 00:00 0 
787585bfc000-787588021000 rw-p 00000000 00:00 0 
787588021000-78758c000000 ---p 00000000 00:00 0 
78758c042000-78758ddd0000 rw-p 00000000 00:00 0 
78758ddd0000-78759c5f0000 ---p 00000000 00:00 0 
78759c5f0000-78759c800000 rw-p 00000000 00:00 0 
78759c800000-78759e504000 ---p 00000000 00:00 0 
78759e504000-78759e6f8000 rw-p 00000000 00:00 0 
78759e6f8000-7875a03fc000 ---p 00000000 00:00 0 
7875a03fc000-7875a0400000 rw-p 00000000 00:00 0 
7875a0400000-7875a0670000 rwxp 00000000 00:00 0 
7875a0670000-7875a785f000 ---p 00000000 00:00 0 
7875a785f000-7875a7aff000 rwxp 00000000 00:00 0 
7875a7aff000-7875a7f9f000 ---p 00000000 00:00 0 
7875a7f9f000-7875a820f000 rwxp 00000000 00:00 0 
7875a820f000-7875af400000 ---p 00000000 00:00 0 
7875af400000-7875b7e03000 r--s 00000000 103:02 52301446                  /usr/lib/jvm/java-23-temurin/lib/modules
7875b7e61000-7875b7e7c000 r-xp 00000000 103:02 52301445                  /usr/lib/jvm/java-23-temurin/lib/libzip.so
7875b7e7c000-7875b7e7d000 r--p 0001a000 103:02 52301445                  /usr/lib/jvm/java-23-temurin/lib/libzip.so
7875b7e7d000-7875b7e7e000 rw-p 0001b000 103:02 52301445                  /usr/lib/jvm/java-23-temurin/lib/libzip.so
7875b7e7e000-7875b7eff000 rw-p 00000000 00:00 0 
7875b7eff000-7875b7f00000 ---p 00000000 00:00 0 
7875b7f00000-7875b8000000 rw-p 00000000 00:00 0 
7875b8000000-7875b83d7000 rw-p 00000000 00:00 0 
7875b83d7000-7875bc000000 ---p 00000000 00:00 0 
7875bc017000-7875bc0b3000 rw-p 00000000 00:00 0 
7875bc0b3000-7875bc0b4000 ---p 00000000 00:00 0 
7875bc0b4000-7875bc1b4000 rw-p 00000000 00:00 0 
7875bc1b4000-7875bc1b5000 ---p 00000000 00:00 0 
7875bc1b5000-7875bc2b5000 rw-p 00000000 00:00 0 
7875bc2b5000-7875bd644000 rw-p 00000000 00:00 0 
7875bd644000-7875bd728000 ---p 00000000 00:00 0 
7875bd728000-7875bd72d000 rw-p 00000000 00:00 0 
7875bd72d000-7875bd811000 ---p 00000000 00:00 0 
7875bd811000-7875bd815000 ---p 00000000 00:00 0 
7875bd815000-7875bd911000 rw-p 00000000 00:00 0 
7875bd911000-7875bd91f000 r--p 00000000 103:02 51121489                  /usr/lib/libm.so.6
7875bd91f000-7875bd9a2000 r-xp 0000e000 103:02 51121489                  /usr/lib/libm.so.6
7875bd9a2000-7875bd9fe000 r--p 00091000 103:02 51121489                  /usr/lib/libm.so.6
7875bd9fe000-7875bd9ff000 r--p 000ec000 103:02 51121489                  /usr/lib/libm.so.6
7875bd9ff000-7875bda00000 rw-p 000ed000 103:02 51121489                  /usr/lib/libm.so.6
7875bda00000-7875bee09000 r-xp 00000000 103:02 52301458                  /usr/lib/jvm/java-23-temurin/lib/server/libjvm.so
7875bee09000-7875beedc000 r--p 01408000 103:02 52301458                  /usr/lib/jvm/java-23-temurin/lib/server/libjvm.so
7875beedc000-7875bef0b000 rw-p 014db000 103:02 52301458                  /usr/lib/jvm/java-23-temurin/lib/server/libjvm.so
7875bef0b000-7875bef82000 rw-p 00000000 00:00 0 
7875bef9a000-7875befa5000 r-xp 00000000 103:02 52301435                  /usr/lib/jvm/java-23-temurin/lib/libnet.so
7875befa5000-7875befa6000 ---p 0000b000 103:02 52301435                  /usr/lib/jvm/java-23-temurin/lib/libnet.so
7875befa6000-7875befa7000 r--p 0000b000 103:02 52301435                  /usr/lib/jvm/java-23-temurin/lib/libnet.so
7875befa7000-7875befa8000 rw-p 0000c000 103:02 52301435                  /usr/lib/jvm/java-23-temurin/lib/libnet.so
7875befa8000-7875befbc000 r-xp 00000000 103:02 52301436                  /usr/lib/jvm/java-23-temurin/lib/libnio.so
7875befbc000-7875befbd000 r--p 00013000 103:02 52301436                  /usr/lib/jvm/java-23-temurin/lib/libnio.so
7875befbd000-7875befbe000 rw-p 00014000 103:02 52301436                  /usr/lib/jvm/java-23-temurin/lib/libnio.so
7875befbe000-7875bf002000 rw-p 00000000 00:00 0 
7875bf002000-7875bf00b000 ---p 00000000 00:00 0 
7875bf00b000-7875bf02b000 r-xp 00000000 103:02 52301421                  /usr/lib/jvm/java-23-temurin/lib/libjava.so
7875bf02b000-7875bf02c000 ---p 00020000 103:02 52301421                  /usr/lib/jvm/java-23-temurin/lib/libjava.so
7875bf02c000-7875bf02d000 r--p 00020000 103:02 52301421                  /usr/lib/jvm/java-23-temurin/lib/libjava.so
7875bf02d000-7875bf02e000 rw-p 00021000 103:02 52301421                  /usr/lib/jvm/java-23-temurin/lib/libjava.so
7875bf02e000-7875bf02f000 rw-p 00000000 00:00 0 
7875bf02f000-7875bf030000 r--p 00000000 103:02 51121522                  /usr/lib/librt.so.1
7875bf030000-7875bf031000 r-xp 00001000 103:02 51121522                  /usr/lib/librt.so.1
7875bf031000-7875bf032000 r--p 00002000 103:02 51121522                  /usr/lib/librt.so.1
7875bf032000-7875bf033000 r--p 00002000 103:02 51121522                  /usr/lib/librt.so.1
7875bf033000-7875bf034000 rw-p 00003000 103:02 51121522                  /usr/lib/librt.so.1
7875bf034000-7875bf036000 rw-p 00000000 00:00 0 
7875bf036000-7875bf05a000 r--p 00000000 103:02 51121474                  /usr/lib/libc.so.6
7875bf05a000-7875bf1cb000 r-xp 00024000 103:02 51121474                  /usr/lib/libc.so.6
7875bf1cb000-7875bf219000 r--p 00195000 103:02 51121474                  /usr/lib/libc.so.6
7875bf219000-7875bf21d000 r--p 001e3000 103:02 51121474                  /usr/lib/libc.so.6
7875bf21d000-7875bf21f000 rw-p 001e7000 103:02 51121474                  /usr/lib/libc.so.6
7875bf21f000-7875bf227000 rw-p 00000000 00:00 0 
7875bf227000-7875bf228000 r--p 00000000 103:02 51121516                  /usr/lib/libpthread.so.0
7875bf228000-7875bf229000 r-xp 00001000 103:02 51121516                  /usr/lib/libpthread.so.0
7875bf229000-7875bf22a000 r--p 00002000 103:02 51121516                  /usr/lib/libpthread.so.0
7875bf22a000-7875bf22b000 r--p 00002000 103:02 51121516                  /usr/lib/libpthread.so.0
7875bf22b000-7875bf22c000 rw-p 00003000 103:02 51121516                  /usr/lib/libpthread.so.0
7875bf22c000-7875bf22d000 r--p 00000000 103:02 51121482                  /usr/lib/libdl.so.2
7875bf22d000-7875bf22e000 r-xp 00001000 103:02 51121482                  /usr/lib/libdl.so.2
7875bf22e000-7875bf22f000 r--p 00002000 103:02 51121482                  /usr/lib/libdl.so.2
7875bf22f000-7875bf230000 r--p 00002000 103:02 51121482                  /usr/lib/libdl.so.2
7875bf230000-7875bf231000 rw-p 00003000 103:02 51121482                  /usr/lib/libdl.so.2
7875bf237000-7875bf238000 r-xp 00000000 103:02 52301443                  /usr/lib/jvm/java-23-temurin/lib/libsyslookup.so
7875bf238000-7875bf239000 r--p 00000000 103:02 52301443                  /usr/lib/jvm/java-23-temurin/lib/libsyslookup.so
7875bf239000-7875bf23a000 rw-p 00001000 103:02 52301443                  /usr/lib/jvm/java-23-temurin/lib/libsyslookup.so
7875bf23a000-7875bf242000 rw-s 00000000 00:2f 1155                       /tmp/hsperfdata_alniarez/69867
7875bf242000-7875bf243000 ---p 00000000 00:00 0 
7875bf243000-7875bf244000 r--p 00000000 00:00 0 
7875bf244000-7875bf245000 ---p 00000000 00:00 0 
7875bf245000-7875bf260000 r-xp 00000000 103:02 52301425                  /usr/lib/jvm/java-23-temurin/lib/libjimage.so
7875bf260000-7875bf261000 ---p 0001b000 103:02 52301425                  /usr/lib/jvm/java-23-temurin/lib/libjimage.so
7875bf261000-7875bf263000 r--p 0001b000 103:02 52301425                  /usr/lib/jvm/java-23-temurin/lib/libjimage.so
7875bf263000-7875bf264000 rw-p 0001d000 103:02 52301425                  /usr/lib/jvm/java-23-temurin/lib/libjimage.so
7875bf264000-7875bf27d000 r-xp 00000000 103:02 52301426                  /usr/lib/jvm/java-23-temurin/lib/libjli.so
7875bf27d000-7875bf27e000 r--p 00018000 103:02 52301426                  /usr/lib/jvm/java-23-temurin/lib/libjli.so
7875bf27e000-7875bf27f000 rw-p 00019000 103:02 52301426                  /usr/lib/jvm/java-23-temurin/lib/libjli.so
7875bf27f000-7875bf281000 rw-p 00000000 00:00 0 
7875bf281000-7875bf285000 r--p 00000000 00:00 0                          [vvar]
7875bf285000-7875bf287000 r-xp 00000000 00:00 0                          [vdso]
7875bf287000-7875bf288000 r--p 00000000 103:02 51121463                  /usr/lib/ld-linux-x86-64.so.2
7875bf288000-7875bf2b1000 r-xp 00001000 103:02 51121463                  /usr/lib/ld-linux-x86-64.so.2
7875bf2b1000-7875bf2bb000 r--p 0002a000 103:02 51121463                  /usr/lib/ld-linux-x86-64.so.2
7875bf2bb000-7875bf2bd000 r--p 00034000 103:02 51121463                  /usr/lib/ld-linux-x86-64.so.2
7875bf2bd000-7875bf2bf000 rw-p 00036000 103:02 51121463                  /usr/lib/ld-linux-x86-64.so.2
7ffc3a8b2000-7ffc3a8d3000 rw-p 00000000 00:00 0                          [stack]
ffffffffff600000-ffffffffff601000 --xp 00000000 00:00 0                  [vsyscall]
Total number of mappings: 212


VM Arguments:
jvm_args: --enable-native-access=ALL-UNNAMED --enable-preview -Dfile.encoding=UTF-8 -Duser.country=US -Duser.language=en -Duser.variant 
java_command: de.alniarez.Main
java_class_path (initial): /home/alniarez/Documents/GitHub/java-videogame-dev/raylib-game-gradle/build/classes/java/main:/home/alniarez/Documents/GitHub/java-videogame-dev/raylib-game-gradle/build/resources/main:/home/alniarez/.gradle/caches/modules-2/files-2.1/io.github.electronstudio/jaylib-ffm/0.0.3/5b56eca5cbea8cba8e0d0ccef5239c2ba362918f/jaylib-ffm-0.0.3.jar
Launcher Type: SUN_STANDARD

[Global flags]
     intx CICompilerCount                          = 12                                        {product} {ergonomic}
     uint ConcGCThreads                            = 5                                         {product} {ergonomic}
     uint G1ConcRefinementThreads                  = 18                                        {product} {ergonomic}
   size_t G1HeapRegionSize                         = 8388608                                   {product} {ergonomic}
   size_t InitialHeapSize                          = 1040187392                                {product} {ergonomic}
   size_t MarkStackSize                            = 4194304                                   {product} {ergonomic}
   size_t MarkStackSizeMax                         = 536870912                                 {product} {ergonomic}
   size_t MaxHeapSize                              = 16626221056                               {product} {ergonomic}
   size_t MaxNewSize                               = 9974054912                                {product} {ergonomic}
   size_t MinHeapDeltaBytes                        = 8388608                                   {product} {ergonomic}
   size_t MinHeapSize                              = 8388608                                   {product} {ergonomic}
    uintx NonNMethodCodeHeapSize                   = 7602176                                {pd product} {ergonomic}
    uintx NonProfiledCodeHeapSize                  = 122032128                              {pd product} {ergonomic}
    uintx ProfiledCodeHeapSize                     = 122023936                              {pd product} {ergonomic}
    uintx ReservedCodeCacheSize                    = 251658240                              {pd product} {ergonomic}
     bool SegmentedCodeCache                       = true                                      {product} {ergonomic}
   size_t SoftMaxHeapSize                          = 16626221056                            {manageable} {ergonomic}
     bool UseCompressedOops                        = true                           {product lp64_product} {ergonomic}
     bool UseG1GC                                  = true                                      {product} {ergonomic}

Logging:
Log output configuration:
 #0: stdout all=warning uptime,level,tags foldmultilines=false
 #1: stderr all=off uptime,level,tags foldmultilines=false

Environment Variables:
PATH=/usr/local/sbin:/usr/local/bin:/usr/bin:/var/lib/flatpak/exports/bin:/usr/lib/jvm/default/bin:/usr/bin/site_perl:/usr/bin/vendor_perl:/usr/bin/core_perl:/usr/lib/rustup/bin
SHELL=/usr/bin/zsh
DISPLAY=:1
LANG=en_US.UTF-8
LC_TIME=en_DE.UTF-8

Active Locale:
LC_ALL=C
LC_COLLATE=C
LC_CTYPE=C
LC_MESSAGES=C
LC_MONETARY=C
LC_NUMERIC=C
LC_TIME=C

Signal Handlers:
   SIGSEGV: crash_handler in libjvm.so, mask=11100100010111111101111111111110, flags=SA_RESTART|SA_SIGINFO, unblocked
    SIGBUS: crash_handler in libjvm.so, mask=11100100010111111101111111111110, flags=SA_RESTART|SA_SIGINFO, unblocked
    SIGFPE: crash_handler in libjvm.so, mask=11100100010111111101111111111110, flags=SA_RESTART|SA_SIGINFO, unblocked
   SIGPIPE: javaSignalHandler in libjvm.so, mask=11100100010111111101111111111110, flags=SA_RESTART|SA_SIGINFO, blocked
   SIGXFSZ: javaSignalHandler in libjvm.so, mask=11100100010111111101111111111110, flags=SA_RESTART|SA_SIGINFO, blocked
    SIGILL: crash_handler in libjvm.so, mask=11100100010111111101111111111110, flags=SA_RESTART|SA_SIGINFO, unblocked
   SIGUSR2: SR_handler in libjvm.so, mask=00000000000000000000000000000000, flags=SA_RESTART|SA_SIGINFO, blocked
    SIGHUP: UserHandler in libjvm.so, mask=11100100010111111101111111111110, flags=SA_RESTART|SA_SIGINFO, blocked
    SIGINT: UserHandler in libjvm.so, mask=11100100010111111101111111111110, flags=SA_RESTART|SA_SIGINFO, blocked
   SIGTERM: UserHandler in libjvm.so, mask=11100100010111111101111111111110, flags=SA_RESTART|SA_SIGINFO, blocked
   SIGQUIT: UserHandler in libjvm.so, mask=11100100010111111101111111111110, flags=SA_RESTART|SA_SIGINFO, blocked
   SIGTRAP: crash_handler in libjvm.so, mask=11100100010111111101111111111110, flags=SA_RESTART|SA_SIGINFO, unblocked


Periodic native trim disabled

---------------  S Y S T E M  ---------------

OS:
DISTRIB_ID="Arch"
DISTRIB_RELEASE="rolling"
DISTRIB_DESCRIPTION="Arch Linux"
uname: Linux 6.11.9-arch1-1 #1 SMP PREEMPT_DYNAMIC Sun, 17 Nov 2024 16:06:17 +0000 x86_64
OS uptime: 0 days 10:06 hours
libc: glibc 2.40 NPTL 2.40 
rlimit (soft/hard): STACK 8192k/infinity , CORE infinity/infinity , NPROC 253075/253075 , NOFILE 524288/524288 , AS infinity/infinity , CPU infinity/infinity , DATA infinity/infinity , FSIZE infinity/infinity , MEMLOCK 8192k/8192k
load average: 1.27 1.26 1.01

/proc/meminfo:
MemTotal:       64924008 kB
MemFree:        28233168 kB
MemAvailable:   51267200 kB
Buffers:          543324 kB
Cached:         23050364 kB
SwapCached:            0 kB
Active:         14972960 kB
Inactive:       19470632 kB
Active(anon):   11308956 kB
Inactive(anon):    17792 kB
Active(file):    3664004 kB
Inactive(file): 19452840 kB
Unevictable:        1140 kB
Mlocked:            1140 kB
SwapTotal:       4194300 kB
SwapFree:        4071932 kB
Zswap:                 0 kB
Zswapped:              0 kB
Dirty:             11220 kB
Writeback:             0 kB
AnonPages:      10598200 kB
Mapped:          3020192 kB
Shmem:            476440 kB
KReclaimable:     640004 kB
Slab:             904520 kB
SReclaimable:     640004 kB
SUnreclaim:       264516 kB
KernelStack:       38112 kB
PageTables:        82512 kB
SecPageTables:      5656 kB
NFS_Unstable:          0 kB
Bounce:                0 kB
WritebackTmp:          0 kB
CommitLimit:    36656304 kB
Committed_AS:   28195764 kB
VmallocTotal:   34359738367 kB
VmallocUsed:      171392 kB
VmallocChunk:          0 kB
Percpu:            26208 kB
HardwareCorrupted:     0 kB
AnonHugePages:   4884480 kB
ShmemHugePages:        0 kB
ShmemPmdMapped:        0 kB
FileHugePages:   1566720 kB
FilePmdMapped:    604160 kB
CmaTotal:              0 kB
CmaFree:               0 kB
Unaccepted:            0 kB
HugePages_Total:       0
HugePages_Free:        0
HugePages_Rsvd:        0
HugePages_Surp:        0
Hugepagesize:       2048 kB
Hugetlb:               0 kB
DirectMap4k:     1220292 kB
DirectMap2M:    29308928 kB
DirectMap1G:    35651584 kB

/sys/kernel/mm/transparent_hugepage/enabled: [always] madvise never
/sys/kernel/mm/transparent_hugepage/hpage_pmd_size: 2097152
/sys/kernel/mm/transparent_hugepage/shmem_enabled: always within_size advise [never] deny force
/sys/kernel/mm/transparent_hugepage/defrag (defrag/compaction efforts parameter): always defer defer+madvise [madvise] never

Process Memory:
Virtual Size: 19514080K (peak: 19572608K)
Resident Set Size: 78784K (peak: 78784K) (anon: 52260K, file: 26096K, shmem: 428K)
Swapped out: 0K
C-Heap outstanding allocations: 54350K, retained: 2733K
glibc malloc tunables: (default)

/proc/sys/kernel/threads-max (system-wide limit on the number of threads): 506151
/proc/sys/vm/max_map_count (maximum number of memory map areas a process may have): 1048576
/proc/sys/vm/swappiness (control to define how aggressively the kernel swaps out anonymous memory): 60
/proc/sys/kernel/pid_max (system-wide limit on number of process identifiers): 4194304

container (cgroup) information:
container_type: cgroupv2
cpu_cpuset_cpus: not supported
cpu_memory_nodes: not supported
active_processor_count: 24
cpu_quota: not supported
cpu_period: not supported
cpu_shares: not supported
memory_limit_in_bytes: unlimited
memory_and_swap_limit_in_bytes: unlimited
memory_soft_limit_in_bytes: 0
memory_usage_in_bytes: 5865996 k
memory_max_usage_in_bytes: not supported
rss_usage_in_bytes: 3712080 k
cache_usage_in_bytes: 1613508 k
memory_swap_current_in_bytes: 0
memory_swap_max_limit_in_bytes: unlimited
maximum number of tasks: 75922
current number of tasks: 305

Steal ticks since vm start: 0
Steal ticks percentage since vm start:  0.000

CPU: total 24 (initial active 24) (24 cores per cpu, 2 threads per core) family 25 model 97 stepping 2 microcode 0xa601206, cx8, cmov, fxsr, ht, mmx, 3dnowpref, sse, sse2, sse3, ssse3, sse4a, sse4.1, sse4.2, popcnt, lzcnt, tsc, tscinvbit, avx, avx2, aes, erms, clmul, bmi1, bmi2, adx, avx512f, avx512dq, avx512cd, avx512bw, avx512vl, sha, fma, vzeroupper, avx512_vpopcntdq, avx512_vpclmulqdq, avx512_vaes, avx512_vnni, clflush, clflushopt, avx512_vbmi2, avx512_vbmi, rdtscp, rdpid, fsrm, gfni, avx512_bitalg, f16c, pku, ospke, cet_ss, avx512_ifma
CPU Model and flags from /proc/cpuinfo:
model name	: AMD Ryzen 9 7900X 12-Core Processor
flags		: fpu vme de pse tsc msr pae mce cx8 apic sep mtrr pge mca cmov pat pse36 clflush mmx fxsr sse sse2 ht syscall nx mmxext fxsr_opt pdpe1gb rdtscp lm constant_tsc rep_good amd_lbr_v2 nopl xtopology nonstop_tsc cpuid extd_apicid aperfmperf rapl pni pclmulqdq monitor ssse3 fma cx16 sse4_1 sse4_2 movbe popcnt aes xsave avx f16c rdrand lahf_lm cmp_legacy svm extapic cr8_legacy abm sse4a misalignsse 3dnowprefetch osvw ibs skinit wdt tce topoext perfctr_core perfctr_nb bpext perfctr_llc mwaitx cpb cat_l3 cdp_l3 hw_pstate ssbd mba perfmon_v2 ibrs ibpb stibp ibrs_enhanced vmmcall fsgsbase bmi1 avx2 smep bmi2 erms invpcid cqm rdt_a avx512f avx512dq rdseed adx smap avx512ifma clflushopt clwb avx512cd sha_ni avx512bw avx512vl xsaveopt xsavec xgetbv1 xsaves cqm_llc cqm_occup_llc cqm_mbm_total cqm_mbm_local user_shstk avx512_bf16 clzero irperf xsaveerptr rdpru wbnoinvd cppc arat npt lbrv svm_lock nrip_save tsc_scale vmcb_clean flushbyasid decodeassists pausefilter pfthreshold avic v_vmsave_vmload vgif x2avic v_spec_ctrl vnmi avx512vbmi umip pku ospke avx512_vbmi2 gfni vaes vpclmulqdq avx512_vnni avx512_bitalg avx512_vpopcntdq rdpid overflow_recov succor smca fsrm flush_l1d amd_lbr_pmc_freeze

Online cpus: 0-23
Offline cpus: 
BIOS frequency limitation: <Not Available>
Frequency switch latency (ns): 0
Available cpu frequencies: <Not Available>
Current governor: powersave
Core performance/turbo boost: 1

Memory: 4k page, physical 64924008k(51267200k free), swap 4194300k(4071932k free)
Page Sizes: 4k

vm_info: OpenJDK 64-Bit Server VM (23.0.1+11) for linux-amd64 JRE (23.0.1+11), built on 2024-10-15T00:00:00Z with gcc 11.3.0

END.
