#
# A fatal error has been detected by the Java Runtime Environment:
#
#  SIGSEGV (0xb) at pc=0x0000000000000000, pid=69464, tid=69466
#
# JRE version: OpenJDK Runtime Environment Temurin-23.0.1+11 (23.0.1+11) (build 23.0.1+11)
# Java VM: OpenJDK 64-Bit Server VM Temurin-23.0.1+11 (23.0.1+11, mixed mode, sharing, tiered, compressed oops, compressed class ptrs, g1 gc, linux-amd64)
# Problematic frame:
# C  [17042007070186241825.so+0x64694]  rlUnloadRenderBatch+0x2e
#
# Core dump will be written. Default location: Core dumps may be processed with "/usr/lib/systemd/systemd-coredump %P %u %g %s %t %c %h" (or dumping to /home/alniarez/Documents/GitHub/java-videogame-dev/raylib-game-gradle/core.69464)
#
# If you would like to submit a bug report, please visit:
#   https://github.com/adoptium/adoptium-support/issues
# The crash happened outside the Java Virtual Machine in native code.
# See problematic frame for where to report the bug.
#

---------------  S U M M A R Y ------------

Command Line: --enable-native-access=ALL-UNNAMED --enable-preview -Dfile.encoding=UTF-8 -Duser.country=US -Duser.language=en -Duser.variant de.alniarez.day2.Game

Host: AMD Ryzen 9 7900X 12-Core Processor, 24 cores, 61G, Arch Linux
Time: Fri Nov 22 17:31:52 2024 CET elapsed time: 0.097413 seconds (0d 0h 0m 0s)

---------------  T H R E A D  ---------------

Current thread (0x00007e000c02aa60):  JavaThread "main"             [_thread_in_native, id=69466, stack(0x00007e0012f00000,0x00007e0013000000) (1024K)]

Stack: [0x00007e0012f00000,0x00007e0013000000],  sp=0x00007e0012ffe3c0,  free space=1016k
Native frames: (J=compiled Java code, j=interpreted, Vv=VM code, C=native code)
C  [17042007070186241825.so+0x64694]  rlUnloadRenderBatch+0x2e
Java frames: (J=compiled Java code, j=interpreted, Vv=VM code)
v  ~RuntimeStub::nep_invoker_blob 0x00007dfffbae47e4
j  java.lang.invoke.LambdaForm$MH+0x00007dff83081400.invoke(Ljava/lang/Object;J)V+7 java.base@23.0.1
j  java.lang.invoke.LambdaForm$MH+0x00007dff83083800.invokeExact_MT(Ljava/lang/Object;JLjava/lang/Object;)V+19 java.base@23.0.1
j  jdk.internal.foreign.abi.DowncallStub+0x00007dff83081800.invoke(Ljava/lang/foreign/SegmentAllocator;Ljava/lang/foreign/MemorySegment;)V+39 java.base@23.0.1
j  java.lang.invoke.LambdaForm$DMH+0x00007dff83081c00.invokeStaticInit(Ljava/lang/Object;Ljava/lang/Object;Ljava/lang/Object;)V+11 java.base@23.0.1
j  java.lang.invoke.LambdaForm$MH+0x00007dff83082c00.invoke(Ljava/lang/Object;)V+41 java.base@23.0.1
j  java.lang.invoke.LambdaForm$MH+0x00007dff83083000.invokeExact_MT(Ljava/lang/Object;Ljava/lang/Object;)V+18 java.base@23.0.1
j  com.raylib.jextract.raylib_h_1.CloseWindow()V+20
j  com.raylib.Raylib.closeWindow()V+0
j  de.alniarez.day2.Game.stop()V+27
j  de.alniarez.day2.Game.renderingLoop()V+53
j  de.alniarez.day2.Game.start()V+32
j  de.alniarez.day2.Game.main([Ljava/lang/String;)V+9
v  ~StubRoutines::call_stub 0x00007dfffb85fc86

siginfo: si_signo: 11 (SIGSEGV), si_code: 1 (SEGV_MAPERR), si_addr: 0x0000000000000000

Registers:
RAX=0x0000000000000000, RBX=0x00007dffd9dd1408, RCX=0xfffffffffffffff4, RDX=0x000000045e14b050
RSP=0x00007e0012ffe3b8, RBP=0x0000000000000000, RSI=0x0000000000000000, RDI=0x0000000000008892
R8 =0x00007dff78276f28, R9 =0x0000000000000002, R10=0x0000000000000000, R11=0x00007dffd9c45666
R12=0x0000000000000000, R13=0x00007e0012ffe480, R14=0x00007e0012ffe508, R15=0x0000000000000000
RIP=0x0000000000000000, EFLAGS=0x0000000000010206, CSGSFS=0x002b000000000033, ERR=0x0000000000000014
  TRAPNO=0x000000000000000e


Register to memory mapping:

RAX=0x0 is null
RBX=0x00007dffd9dd1408: glad_glBindBuffer+0x0000000000000000 in /tmp/17042007070186241825.so at 0x00007dffd9be1000
RCX=0xfffffffffffffff4 is an unknown value
RDX=0x000000045e14b050 is an oop: jdk.internal.foreign.abi.NativeEntryPoint 
{0x000000045e14b050} - klass: 'jdk/internal/foreign/abi/NativeEntryPoint'
 - ---- fields (total size 3 words):
 - private final 'methodType' 'Ljava/lang/invoke/MethodType;' @12  a 'java/lang/invoke/MethodType'{0x000000045efb62a0} = (J)V (0x8bdf6c54)
 - private final 'downcallStubAddress' 'J' @16  138538392635360 (0x00007dfffbae47e0)
RSP=0x00007e0012ffe3b8 is pointing into the stack for thread: 0x00007e000c02aa60
RBP=0x0 is null
RSI=0x0 is null
RDI=0x0000000000008892 is an unknown value
R8 ={method} {0x00007dff78276f28} 'linkToNative' '(JLjava/lang/Object;)V' in 'java/lang/invoke/MethodHandle'
R9 =0x0000000000000002 is an unknown value
R10=0x0 is null
R11=0x00007dffd9c45666: rlUnloadRenderBatch+0x0000000000000000 in /tmp/17042007070186241825.so at 0x00007dffd9be1000
R12=0x0 is null
R13=0x00007e0012ffe480 is pointing into the stack for thread: 0x00007e000c02aa60
R14=0x00007e0012ffe508 is pointing into the stack for thread: 0x00007e000c02aa60
R15=0x0 is null

Top of Stack: (sp=0x00007e0012ffe3b8)
0x00007e0012ffe3b8:   00007dffd9c45694 00007e0012ffe480
0x00007e0012ffe3c8:   00007dff78276f28 00007e0012ffe470
0x00007e0012ffe3d8:   0000000000000000 00007e0012ffe480
0x00007e0012ffe3e8:   00007e0012ffe508 00007e000c02aa60
0x00007e0012ffe3f8:   00007dffd9c457df 0000000000000000
0x00007e0012ffe408:   0000000000000000 0000000000000000
0x00007e0012ffe418:   0000000000000000 00007dff78276f28
0x00007e0012ffe428:   00007dffd9c5400c 00007e0012ffe508
0x00007e0012ffe438:   00007e000c02aa60 00007e0012ffe460
0x00007e0012ffe448:   00007e00138f2395 00000000000000b8
0x00007e0012ffe458:   24ff09a9629b7a00 00007e0012ffe4e0
0x00007e0012ffe468:   00007dfffbae4817 00007e0012ffe4e0
0x00007e0012ffe478:   00007dfffb867020 000000045e14b050
0x00007e0012ffe488:   00007dffd9c53fde 0000000000000000
0x00007e0012ffe498:   fffffffffffffff7 00007dff7854e24f
0x00007e0012ffe4a8:   0000000000000005 00007dff7854e3f8
0x00007e0012ffe4b8:   0000000000000000 000000045e14db90
0x00007e0012ffe4c8:   00007dff7854e260 fffffffffffffff4
0x00007e0012ffe4d8:   00007e0012ffe4f8 00007e0012ffe558
0x00007e0012ffe4e8:   00007dfffb867020 000000045e14b050
0x00007e0012ffe4f8:   00007dffd9c53fde 0000000000000000
0x00007e0012ffe508:   000000045e14dcb8 fffffffffffffff7
0x00007e0012ffe518:   00007dff78552a9b 0000000000000005
0x00007e0012ffe528:   00007dff78552c58 0000000000000000
0x00007e0012ffe538:   000000045e1724f0 00007dff78552aa8
0x00007e0012ffe548:   fffffffffffffff4 00007e0012ffe568
0x00007e0012ffe558:   00007e0012ffe5d0 00007dfffb867020
0x00007e0012ffe568:   000000045efb62a0 00007dffd9c53fde
0x00007e0012ffe578:   0000000000000000 000000045e14dcb8
0x00007e0012ffe588:   fffffffffffffff7 00007dff7854eb87
0x00007e0012ffe598:   0000000000000007 00007dff7854ed58
0x00007e0012ffe5a8:   0000000000000000 000000045e158210 

Instructions: (pc=0x00007dffd9c45694)
0x00007dffd9c45594:   02 07 00 00 00 c7 42 04 00 00 00 00 c7 42 08 00
0x00007dffd9c455a4:   00 00 00 89 72 0c 48 83 c2 10 48 39 ca 75 e0 48
0x00007dffd9c455b4:   8b 4c 24 50 8b 5c 24 68 89 19 c7 41 04 00 00 00
0x00007dffd9c455c4:   00 48 8b 5c 24 58 48 89 59 08 48 89 41 10 c7 41
0x00007dffd9c455d4:   18 01 00 00 00 c7 41 1c 00 00 80 bf 48 89 c8 48
0x00007dffd9c455e4:   83 c4 78 5b 5d 41 5c 41 5d 41 5e 41 5f c3 48 8d
0x00007dffd9c455f4:   35 97 12 11 00 bf 03 00 00 00 b8 00 00 00 00 e8
0x00007dffd9c45604:   a8 db fe ff 48 63 44 24 6c 48 c1 e0 02 48 89 44
0x00007dffd9c45614:   24 10 48 63 44 24 08 48 c1 e0 02 48 89 44 24 08
0x00007dffd9c45624:   44 89 f8 c1 e0 04 48 98 48 89 44 24 18 43 8d 04
0x00007dffd9c45634:   7f 01 c0 48 98 48 c1 e0 02 48 89 44 24 20 48 8b
0x00007dffd9c45644:   44 24 58 48 8d 58 2c 48 8b 4c 24 60 48 8d 44 08
0x00007dffd9c45654:   6c 48 89 44 24 28 4c 8d 35 1f 12 19 00 e9 9f fe
0x00007dffd9c45664:   ff ff f3 0f 1e fa 41 57 41 56 41 55 41 54 55 53
0x00007dffd9c45674:   48 83 ec 08 8b 6c 24 40 4c 8b 7c 24 48 48 8b 1d
0x00007dffd9c45684:   98 1b 18 00 be 00 00 00 00 bf 92 88 00 00 ff 13
0x00007dffd9c45694:   be 00 00 00 00 bf 93 88 00 00 ff 13 85 ed 0f 8e
0x00007dffd9c456a4:   f4 00 00 00 49 8d 5f 2c 8d 45 ff 48 c1 e0 06 4d
0x00007dffd9c456b4:   8d 74 07 6c 4c 8d 2d c1 11 19 00 eb 31 48 8b 7d
0x00007dffd9c456c4:   dc e8 06 e8 fe ff 48 8b 7d e4 e8 fd e7 fe ff 48
0x00007dffd9c456d4:   8b 7d ec e8 f4 e7 fe ff 48 8b 7d f4 e8 eb e7 fe
0x00007dffd9c456e4:   ff 48 83 c3 40 4c 39 f3 0f 84 aa 00 00 00 41 80
0x00007dffd9c456f4:   bd 88 0a 00 00 00 74 3e 8b 7b fc 4c 8b 25 5a 19
0x00007dffd9c45704:   18 00 41 ff 14 24 48 8b 2d f7 2b 18 00 bf 00 00
0x00007dffd9c45714:   00 00 ff 55 00 bf 01 00 00 00 ff 55 00 bf 02 00
0x00007dffd9c45724:   00 00 ff 55 00 bf 03 00 00 00 ff 55 00 bf 00 00
0x00007dffd9c45734:   00 00 41 ff 14 24 48 89 dd 4c 8b 25 84 19 18 00
0x00007dffd9c45744:   48 89 de bf 01 00 00 00 41 ff 14 24 48 8d 73 04
0x00007dffd9c45754:   bf 01 00 00 00 41 ff 14 24 48 8d 73 08 bf 01 00
0x00007dffd9c45764:   00 00 41 ff 14 24 48 8d 73 0c bf 01 00 00 00 41
0x00007dffd9c45774:   ff 14 24 41 80 bd 88 0a 00 00 00 0f 84 3c ff ff
0x00007dffd9c45784:   ff 48 8d 73 fc bf 01 00 00 00 48 8b 05 8b 2b 18 


Stack slot to memory mapping:

stack at sp + 0 slots: 0x00007e0012ffe480 is pointing into the stack for thread: 0x00007e000c02aa60
stack at sp + 1 slots: {method} {0x00007dff78276f28} 'linkToNative' '(JLjava/lang/Object;)V' in 'java/lang/invoke/MethodHandle'
stack at sp + 2 slots: 0x00007e0012ffe470 is pointing into the stack for thread: 0x00007e000c02aa60
stack at sp + 3 slots: 0x0 is null
stack at sp + 4 slots: 0x00007e0012ffe480 is pointing into the stack for thread: 0x00007e000c02aa60
stack at sp + 5 slots: 0x00007e0012ffe508 is pointing into the stack for thread: 0x00007e000c02aa60
stack at sp + 6 slots: 0x00007e000c02aa60 is a thread
stack at sp + 7 slots: 0x00007dffd9c457df: rlglClose+0x0000000000000022 in /tmp/17042007070186241825.so at 0x00007dffd9be1000

Lock stack of current Java thread (top to bottom):

--------------------------------------------------------------------------------
Decoding CodeBlob, name: nep_invoker_blob, at  [0x00007dfffbae47e0, 0x00007dfffbae48c0]  224 bytes
[MachCode]
  0x00007dfffbae47e0: 5548 8bec | c5f8 7749 | 89af b003 | 0000 49ba | e447 aefb | ff7d 0000 | 4d89 97a8 | 0300 0049 
  0x00007dfffbae4800: 89a7 a003 | 0000 41c7 | 8744 0400 | 0004 0000 | 004c 8bd6 | 41ff d2c5 | f877 41c7 | 8744 0400 
  0x00007dfffbae4820: 0005 0000 | 00f0 8344 | 24c0 0049 | 3baf 4804 | 0000 0f87 | 4d00 0000 | 4183 bf40 | 0400 0000 
  0x00007dfffbae4840: 0f85 3f00 | 0000 41c7 | 8744 0400 | 0008 0000 | 0041 83bf | c804 0000 | 020f 8444 | 0000 0049 
  0x00007dfffbae4860: c787 a003 | 0000 0000 | 0000 49c7 | 87b0 0300 | 0000 0000 | 0049 c787 | a803 0000 | 0000 0000 
  0x00007dfffbae4880: c5f8 77c9 | c349 8bff | c5f8 774c | 8be4 4883 | ec00 4883 | e4f0 e825 | d8e2 1749 | 8be4 4d33 
  0x00007dfffbae48a0: e4eb a3c5 | f877 4c8b | e448 83ec | 0048 83e4 | f0e8 4a4f | 2d18 498b | e44d 33e4 | eba1 f4f4 
[/MachCode]
--------------------------------------------------------------------------------


---------------  P R O C E S S  ---------------

Threads class SMR info:
_java_thread_list=0x00007dff300025c0, length=12, elements={
0x00007e000c02aa60, 0x00007e000c15bdd0, 0x00007e000c15d340, 0x00007e000c15eb50,
0x00007e000c160190, 0x00007e000c161730, 0x00007e000c1632d0, 0x00007e000c1649e0,
0x00007dff4c07f5b0, 0x00007e000c1a5bd0, 0x00007e000c1a8630, 0x00007dff4c081990
}

Java Threads: ( => current thread )
=>0x00007e000c02aa60 JavaThread "main"                              [_thread_in_native, id=69466, stack(0x00007e0012f00000,0x00007e0013000000) (1024K)]
  0x00007e000c15bdd0 JavaThread "Reference Handler"          daemon [_thread_blocked, id=69475, stack(0x00007dffe0d50000,0x00007dffe0e50000) (1024K)]
  0x00007e000c15d340 JavaThread "Finalizer"                  daemon [_thread_blocked, id=69476, stack(0x00007dffe0900000,0x00007dffe0a00000) (1024K)]
  0x00007e000c15eb50 JavaThread "Signal Dispatcher"          daemon [_thread_blocked, id=69477, stack(0x00007dffe07ff000,0x00007dffe08ff000) (1024K)]
  0x00007e000c160190 JavaThread "Service Thread"             daemon [_thread_blocked, id=69478, stack(0x00007dffe06fe000,0x00007dffe07fe000) (1024K)]
  0x00007e000c161730 JavaThread "Monitor Deflation Thread"   daemon [_thread_blocked, id=69479, stack(0x00007dffe05fd000,0x00007dffe06fd000) (1024K)]
  0x00007e000c1632d0 JavaThread "C2 CompilerThread0"         daemon [_thread_blocked, id=69480, stack(0x00007dffe04fc000,0x00007dffe05fc000) (1024K)]
  0x00007e000c1649e0 JavaThread "C1 CompilerThread0"         daemon [_thread_blocked, id=69481, stack(0x00007dffe03fb000,0x00007dffe04fb000) (1024K)]
  0x00007dff4c07f5b0 JavaThread "C1 CompilerThread1"         daemon [_thread_blocked, id=69482, stack(0x00007dffe02fa000,0x00007dffe03fa000) (1024K)]
  0x00007e000c1a5bd0 JavaThread "Notification Thread"        daemon [_thread_blocked, id=69483, stack(0x00007dffe01f9000,0x00007dffe02f9000) (1024K)]
  0x00007e000c1a8630 JavaThread "Common-Cleaner"             daemon [_thread_blocked, id=69484, stack(0x00007dffe00f8000,0x00007dffe01f8000) (1024K)]
  0x00007dff4c081990 JavaThread "C1 CompilerThread2"         daemon [_thread_blocked, id=69486, stack(0x00007dffd9dff000,0x00007dffd9eff000) (1024K)]
Total: 12

Other Threads:
  0x00007e000c1510f0 VMThread "VM Thread"                           [id=69474, stack(0x00007e000bf00000,0x00007e000c000000) (1024K)]
  0x00007e000c13ec50 WatcherThread "VM Periodic Task Thread"        [id=69472, stack(0x00007e00100ae000,0x00007e00101ae000) (1024K)]
  0x00007e000c058cc0 WorkerThread "GC Thread#0"                     [id=69467, stack(0x00007e00118e2000,0x00007e00119e2000) (1024K)]
  0x00007e000c06d940 ConcurrentGCThread "G1 Main Marker"            [id=69468, stack(0x00007e00117e1000,0x00007e00118e1000) (1024K)]
  0x00007e000c06e910 WorkerThread "G1 Conc#0"                       [id=69469, stack(0x00007e00116e0000,0x00007e00117e0000) (1024K)]
  0x00007e000c12bde0 ConcurrentGCThread "G1 Refine#0"               [id=69470, stack(0x00007e00103cd000,0x00007e00104cd000) (1024K)]
  0x00007e000c12cda0 ConcurrentGCThread "G1 Service"                [id=69471, stack(0x00007e00102cc000,0x00007e00103cc000) (1024K)]
Total: 7

Threads with active compile tasks:
Total: 0

VM state: not at safepoint (normal execution)

VM Mutex/Monitor currently owned by a thread: None

Heap address: 0x0000000421000000, size: 15856 MB, Compressed Oops mode: Zero based, Oop shift amount: 3

CDS archive(s) mapped at: [0x00007dff82000000-0x00007dff82d97000-0x00007dff82d97000), size 14249984, SharedBaseAddress: 0x00007dff82000000, ArchiveRelocationMode: 1.
Compressed class space mapped at: 0x00007dff83000000-0x00007dffc3000000, reserved size: 1073741824
Narrow klass base: 0x00007dff82000000, Narrow klass shift: 0, Narrow klass range: 0x100000000

GC Precious Log:
 CardTable entry size: 512
 Card Set container configuration: InlinePtr #cards 4 size 8 Array Of Cards #cards 64 size 144 Howl #buckets 8 coarsen threshold 14745 Howl Bitmap #cards 2048 size 272 coarsen threshold 1843 Card regions per heap region 1 cards per card region 16384
 CPUs: 24 total, 24 available
 Memory: 63402M
 Large Page Support: Disabled
 NUMA Support: Disabled
 Compressed Oops: Enabled (Zero based)
 Heap Region Size: 8M
 Heap Min Capacity: 8M
 Heap Initial Capacity: 992M
 Heap Max Capacity: 15856M
 Pre-touch: Disabled
 Parallel Workers: 18
 Concurrent Workers: 5
 Concurrent Refinement Workers: 18
 Periodic GC: Disabled

Heap:
 garbage-first heap   total reserved 16236544K, committed 1024000K, used 9348K [0x0000000421000000, 0x0000000800000000)
  region size 8192K, 2 young (16384K), 0 survivors (0K)
 Metaspace       used 4172K, committed 4480K, reserved 1114112K
  class space    used 391K, committed 512K, reserved 1048576K

Heap Regions: E=young(eden), S=young(survivor), O=old, HS=humongous(starts), HC=humongous(continues), CS=collection set, F=free, TAMS=top-at-mark-start, PB=parsable bottom
|   0|0x0000000421000000, 0x0000000421000000, 0x0000000421800000|  0%| F|  |TAMS 0x0000000421000000| PB 0x0000000421000000| Untracked |  0
|   1|0x0000000421800000, 0x0000000421800000, 0x0000000422000000|  0%| F|  |TAMS 0x0000000421800000| PB 0x0000000421800000| Untracked |  0
|   2|0x0000000422000000, 0x0000000422000000, 0x0000000422800000|  0%| F|  |TAMS 0x0000000422000000| PB 0x0000000422000000| Untracked |  0
|   3|0x0000000422800000, 0x0000000422800000, 0x0000000423000000|  0%| F|  |TAMS 0x0000000422800000| PB 0x0000000422800000| Untracked |  0
|   4|0x0000000423000000, 0x0000000423000000, 0x0000000423800000|  0%| F|  |TAMS 0x0000000423000000| PB 0x0000000423000000| Untracked |  0
|   5|0x0000000423800000, 0x0000000423800000, 0x0000000424000000|  0%| F|  |TAMS 0x0000000423800000| PB 0x0000000423800000| Untracked |  0
|   6|0x0000000424000000, 0x0000000424000000, 0x0000000424800000|  0%| F|  |TAMS 0x0000000424000000| PB 0x0000000424000000| Untracked |  0
|   7|0x0000000424800000, 0x0000000424800000, 0x0000000425000000|  0%| F|  |TAMS 0x0000000424800000| PB 0x0000000424800000| Untracked |  0
|   8|0x0000000425000000, 0x0000000425000000, 0x0000000425800000|  0%| F|  |TAMS 0x0000000425000000| PB 0x0000000425000000| Untracked |  0
|   9|0x0000000425800000, 0x0000000425800000, 0x0000000426000000|  0%| F|  |TAMS 0x0000000425800000| PB 0x0000000425800000| Untracked |  0
|  10|0x0000000426000000, 0x0000000426000000, 0x0000000426800000|  0%| F|  |TAMS 0x0000000426000000| PB 0x0000000426000000| Untracked |  0
|  11|0x0000000426800000, 0x0000000426800000, 0x0000000427000000|  0%| F|  |TAMS 0x0000000426800000| PB 0x0000000426800000| Untracked |  0
|  12|0x0000000427000000, 0x0000000427000000, 0x0000000427800000|  0%| F|  |TAMS 0x0000000427000000| PB 0x0000000427000000| Untracked |  0
|  13|0x0000000427800000, 0x0000000427800000, 0x0000000428000000|  0%| F|  |TAMS 0x0000000427800000| PB 0x0000000427800000| Untracked |  0
|  14|0x0000000428000000, 0x0000000428000000, 0x0000000428800000|  0%| F|  |TAMS 0x0000000428000000| PB 0x0000000428000000| Untracked |  0
|  15|0x0000000428800000, 0x0000000428800000, 0x0000000429000000|  0%| F|  |TAMS 0x0000000428800000| PB 0x0000000428800000| Untracked |  0
|  16|0x0000000429000000, 0x0000000429000000, 0x0000000429800000|  0%| F|  |TAMS 0x0000000429000000| PB 0x0000000429000000| Untracked |  0
|  17|0x0000000429800000, 0x0000000429800000, 0x000000042a000000|  0%| F|  |TAMS 0x0000000429800000| PB 0x0000000429800000| Untracked |  0
|  18|0x000000042a000000, 0x000000042a000000, 0x000000042a800000|  0%| F|  |TAMS 0x000000042a000000| PB 0x000000042a000000| Untracked |  0
|  19|0x000000042a800000, 0x000000042a800000, 0x000000042b000000|  0%| F|  |TAMS 0x000000042a800000| PB 0x000000042a800000| Untracked |  0
|  20|0x000000042b000000, 0x000000042b000000, 0x000000042b800000|  0%| F|  |TAMS 0x000000042b000000| PB 0x000000042b000000| Untracked |  0
|  21|0x000000042b800000, 0x000000042b800000, 0x000000042c000000|  0%| F|  |TAMS 0x000000042b800000| PB 0x000000042b800000| Untracked |  0
|  22|0x000000042c000000, 0x000000042c000000, 0x000000042c800000|  0%| F|  |TAMS 0x000000042c000000| PB 0x000000042c000000| Untracked |  0
|  23|0x000000042c800000, 0x000000042c800000, 0x000000042d000000|  0%| F|  |TAMS 0x000000042c800000| PB 0x000000042c800000| Untracked |  0
|  24|0x000000042d000000, 0x000000042d000000, 0x000000042d800000|  0%| F|  |TAMS 0x000000042d000000| PB 0x000000042d000000| Untracked |  0
|  25|0x000000042d800000, 0x000000042d800000, 0x000000042e000000|  0%| F|  |TAMS 0x000000042d800000| PB 0x000000042d800000| Untracked |  0
|  26|0x000000042e000000, 0x000000042e000000, 0x000000042e800000|  0%| F|  |TAMS 0x000000042e000000| PB 0x000000042e000000| Untracked |  0
|  27|0x000000042e800000, 0x000000042e800000, 0x000000042f000000|  0%| F|  |TAMS 0x000000042e800000| PB 0x000000042e800000| Untracked |  0
|  28|0x000000042f000000, 0x000000042f000000, 0x000000042f800000|  0%| F|  |TAMS 0x000000042f000000| PB 0x000000042f000000| Untracked |  0
|  29|0x000000042f800000, 0x000000042f800000, 0x0000000430000000|  0%| F|  |TAMS 0x000000042f800000| PB 0x000000042f800000| Untracked |  0
|  30|0x0000000430000000, 0x0000000430000000, 0x0000000430800000|  0%| F|  |TAMS 0x0000000430000000| PB 0x0000000430000000| Untracked |  0
|  31|0x0000000430800000, 0x0000000430800000, 0x0000000431000000|  0%| F|  |TAMS 0x0000000430800000| PB 0x0000000430800000| Untracked |  0
|  32|0x0000000431000000, 0x0000000431000000, 0x0000000431800000|  0%| F|  |TAMS 0x0000000431000000| PB 0x0000000431000000| Untracked |  0
|  33|0x0000000431800000, 0x0000000431800000, 0x0000000432000000|  0%| F|  |TAMS 0x0000000431800000| PB 0x0000000431800000| Untracked |  0
|  34|0x0000000432000000, 0x0000000432000000, 0x0000000432800000|  0%| F|  |TAMS 0x0000000432000000| PB 0x0000000432000000| Untracked |  0
|  35|0x0000000432800000, 0x0000000432800000, 0x0000000433000000|  0%| F|  |TAMS 0x0000000432800000| PB 0x0000000432800000| Untracked |  0
|  36|0x0000000433000000, 0x0000000433000000, 0x0000000433800000|  0%| F|  |TAMS 0x0000000433000000| PB 0x0000000433000000| Untracked |  0
|  37|0x0000000433800000, 0x0000000433800000, 0x0000000434000000|  0%| F|  |TAMS 0x0000000433800000| PB 0x0000000433800000| Untracked |  0
|  38|0x0000000434000000, 0x0000000434000000, 0x0000000434800000|  0%| F|  |TAMS 0x0000000434000000| PB 0x0000000434000000| Untracked |  0
|  39|0x0000000434800000, 0x0000000434800000, 0x0000000435000000|  0%| F|  |TAMS 0x0000000434800000| PB 0x0000000434800000| Untracked |  0
|  40|0x0000000435000000, 0x0000000435000000, 0x0000000435800000|  0%| F|  |TAMS 0x0000000435000000| PB 0x0000000435000000| Untracked |  0
|  41|0x0000000435800000, 0x0000000435800000, 0x0000000436000000|  0%| F|  |TAMS 0x0000000435800000| PB 0x0000000435800000| Untracked |  0
|  42|0x0000000436000000, 0x0000000436000000, 0x0000000436800000|  0%| F|  |TAMS 0x0000000436000000| PB 0x0000000436000000| Untracked |  0
|  43|0x0000000436800000, 0x0000000436800000, 0x0000000437000000|  0%| F|  |TAMS 0x0000000436800000| PB 0x0000000436800000| Untracked |  0
|  44|0x0000000437000000, 0x0000000437000000, 0x0000000437800000|  0%| F|  |TAMS 0x0000000437000000| PB 0x0000000437000000| Untracked |  0
|  45|0x0000000437800000, 0x0000000437800000, 0x0000000438000000|  0%| F|  |TAMS 0x0000000437800000| PB 0x0000000437800000| Untracked |  0
|  46|0x0000000438000000, 0x0000000438000000, 0x0000000438800000|  0%| F|  |TAMS 0x0000000438000000| PB 0x0000000438000000| Untracked |  0
|  47|0x0000000438800000, 0x0000000438800000, 0x0000000439000000|  0%| F|  |TAMS 0x0000000438800000| PB 0x0000000438800000| Untracked |  0
|  48|0x0000000439000000, 0x0000000439000000, 0x0000000439800000|  0%| F|  |TAMS 0x0000000439000000| PB 0x0000000439000000| Untracked |  0
|  49|0x0000000439800000, 0x0000000439800000, 0x000000043a000000|  0%| F|  |TAMS 0x0000000439800000| PB 0x0000000439800000| Untracked |  0
|  50|0x000000043a000000, 0x000000043a000000, 0x000000043a800000|  0%| F|  |TAMS 0x000000043a000000| PB 0x000000043a000000| Untracked |  0
|  51|0x000000043a800000, 0x000000043a800000, 0x000000043b000000|  0%| F|  |TAMS 0x000000043a800000| PB 0x000000043a800000| Untracked |  0
|  52|0x000000043b000000, 0x000000043b000000, 0x000000043b800000|  0%| F|  |TAMS 0x000000043b000000| PB 0x000000043b000000| Untracked |  0
|  53|0x000000043b800000, 0x000000043b800000, 0x000000043c000000|  0%| F|  |TAMS 0x000000043b800000| PB 0x000000043b800000| Untracked |  0
|  54|0x000000043c000000, 0x000000043c000000, 0x000000043c800000|  0%| F|  |TAMS 0x000000043c000000| PB 0x000000043c000000| Untracked |  0
|  55|0x000000043c800000, 0x000000043c800000, 0x000000043d000000|  0%| F|  |TAMS 0x000000043c800000| PB 0x000000043c800000| Untracked |  0
|  56|0x000000043d000000, 0x000000043d000000, 0x000000043d800000|  0%| F|  |TAMS 0x000000043d000000| PB 0x000000043d000000| Untracked |  0
|  57|0x000000043d800000, 0x000000043d800000, 0x000000043e000000|  0%| F|  |TAMS 0x000000043d800000| PB 0x000000043d800000| Untracked |  0
|  58|0x000000043e000000, 0x000000043e000000, 0x000000043e800000|  0%| F|  |TAMS 0x000000043e000000| PB 0x000000043e000000| Untracked |  0
|  59|0x000000043e800000, 0x000000043e800000, 0x000000043f000000|  0%| F|  |TAMS 0x000000043e800000| PB 0x000000043e800000| Untracked |  0
|  60|0x000000043f000000, 0x000000043f000000, 0x000000043f800000|  0%| F|  |TAMS 0x000000043f000000| PB 0x000000043f000000| Untracked |  0
|  61|0x000000043f800000, 0x000000043f800000, 0x0000000440000000|  0%| F|  |TAMS 0x000000043f800000| PB 0x000000043f800000| Untracked |  0
|  62|0x0000000440000000, 0x0000000440000000, 0x0000000440800000|  0%| F|  |TAMS 0x0000000440000000| PB 0x0000000440000000| Untracked |  0
|  63|0x0000000440800000, 0x0000000440800000, 0x0000000441000000|  0%| F|  |TAMS 0x0000000440800000| PB 0x0000000440800000| Untracked |  0
|  64|0x0000000441000000, 0x0000000441000000, 0x0000000441800000|  0%| F|  |TAMS 0x0000000441000000| PB 0x0000000441000000| Untracked |  0
|  65|0x0000000441800000, 0x0000000441800000, 0x0000000442000000|  0%| F|  |TAMS 0x0000000441800000| PB 0x0000000441800000| Untracked |  0
|  66|0x0000000442000000, 0x0000000442000000, 0x0000000442800000|  0%| F|  |TAMS 0x0000000442000000| PB 0x0000000442000000| Untracked |  0
|  67|0x0000000442800000, 0x0000000442800000, 0x0000000443000000|  0%| F|  |TAMS 0x0000000442800000| PB 0x0000000442800000| Untracked |  0
|  68|0x0000000443000000, 0x0000000443000000, 0x0000000443800000|  0%| F|  |TAMS 0x0000000443000000| PB 0x0000000443000000| Untracked |  0
|  69|0x0000000443800000, 0x0000000443800000, 0x0000000444000000|  0%| F|  |TAMS 0x0000000443800000| PB 0x0000000443800000| Untracked |  0
|  70|0x0000000444000000, 0x0000000444000000, 0x0000000444800000|  0%| F|  |TAMS 0x0000000444000000| PB 0x0000000444000000| Untracked |  0
|  71|0x0000000444800000, 0x0000000444800000, 0x0000000445000000|  0%| F|  |TAMS 0x0000000444800000| PB 0x0000000444800000| Untracked |  0
|  72|0x0000000445000000, 0x0000000445000000, 0x0000000445800000|  0%| F|  |TAMS 0x0000000445000000| PB 0x0000000445000000| Untracked |  0
|  73|0x0000000445800000, 0x0000000445800000, 0x0000000446000000|  0%| F|  |TAMS 0x0000000445800000| PB 0x0000000445800000| Untracked |  0
|  74|0x0000000446000000, 0x0000000446000000, 0x0000000446800000|  0%| F|  |TAMS 0x0000000446000000| PB 0x0000000446000000| Untracked |  0
|  75|0x0000000446800000, 0x0000000446800000, 0x0000000447000000|  0%| F|  |TAMS 0x0000000446800000| PB 0x0000000446800000| Untracked |  0
|  76|0x0000000447000000, 0x0000000447000000, 0x0000000447800000|  0%| F|  |TAMS 0x0000000447000000| PB 0x0000000447000000| Untracked |  0
|  77|0x0000000447800000, 0x0000000447800000, 0x0000000448000000|  0%| F|  |TAMS 0x0000000447800000| PB 0x0000000447800000| Untracked |  0
|  78|0x0000000448000000, 0x0000000448000000, 0x0000000448800000|  0%| F|  |TAMS 0x0000000448000000| PB 0x0000000448000000| Untracked |  0
|  79|0x0000000448800000, 0x0000000448800000, 0x0000000449000000|  0%| F|  |TAMS 0x0000000448800000| PB 0x0000000448800000| Untracked |  0
|  80|0x0000000449000000, 0x0000000449000000, 0x0000000449800000|  0%| F|  |TAMS 0x0000000449000000| PB 0x0000000449000000| Untracked |  0
|  81|0x0000000449800000, 0x0000000449800000, 0x000000044a000000|  0%| F|  |TAMS 0x0000000449800000| PB 0x0000000449800000| Untracked |  0
|  82|0x000000044a000000, 0x000000044a000000, 0x000000044a800000|  0%| F|  |TAMS 0x000000044a000000| PB 0x000000044a000000| Untracked |  0
|  83|0x000000044a800000, 0x000000044a800000, 0x000000044b000000|  0%| F|  |TAMS 0x000000044a800000| PB 0x000000044a800000| Untracked |  0
|  84|0x000000044b000000, 0x000000044b000000, 0x000000044b800000|  0%| F|  |TAMS 0x000000044b000000| PB 0x000000044b000000| Untracked |  0
|  85|0x000000044b800000, 0x000000044b800000, 0x000000044c000000|  0%| F|  |TAMS 0x000000044b800000| PB 0x000000044b800000| Untracked |  0
|  86|0x000000044c000000, 0x000000044c000000, 0x000000044c800000|  0%| F|  |TAMS 0x000000044c000000| PB 0x000000044c000000| Untracked |  0
|  87|0x000000044c800000, 0x000000044c800000, 0x000000044d000000|  0%| F|  |TAMS 0x000000044c800000| PB 0x000000044c800000| Untracked |  0
|  88|0x000000044d000000, 0x000000044d000000, 0x000000044d800000|  0%| F|  |TAMS 0x000000044d000000| PB 0x000000044d000000| Untracked |  0
|  89|0x000000044d800000, 0x000000044d800000, 0x000000044e000000|  0%| F|  |TAMS 0x000000044d800000| PB 0x000000044d800000| Untracked |  0
|  90|0x000000044e000000, 0x000000044e000000, 0x000000044e800000|  0%| F|  |TAMS 0x000000044e000000| PB 0x000000044e000000| Untracked |  0
|  91|0x000000044e800000, 0x000000044e800000, 0x000000044f000000|  0%| F|  |TAMS 0x000000044e800000| PB 0x000000044e800000| Untracked |  0
|  92|0x000000044f000000, 0x000000044f000000, 0x000000044f800000|  0%| F|  |TAMS 0x000000044f000000| PB 0x000000044f000000| Untracked |  0
|  93|0x000000044f800000, 0x000000044f800000, 0x0000000450000000|  0%| F|  |TAMS 0x000000044f800000| PB 0x000000044f800000| Untracked |  0
|  94|0x0000000450000000, 0x0000000450000000, 0x0000000450800000|  0%| F|  |TAMS 0x0000000450000000| PB 0x0000000450000000| Untracked |  0
|  95|0x0000000450800000, 0x0000000450800000, 0x0000000451000000|  0%| F|  |TAMS 0x0000000450800000| PB 0x0000000450800000| Untracked |  0
|  96|0x0000000451000000, 0x0000000451000000, 0x0000000451800000|  0%| F|  |TAMS 0x0000000451000000| PB 0x0000000451000000| Untracked |  0
|  97|0x0000000451800000, 0x0000000451800000, 0x0000000452000000|  0%| F|  |TAMS 0x0000000451800000| PB 0x0000000451800000| Untracked |  0
|  98|0x0000000452000000, 0x0000000452000000, 0x0000000452800000|  0%| F|  |TAMS 0x0000000452000000| PB 0x0000000452000000| Untracked |  0
|  99|0x0000000452800000, 0x0000000452800000, 0x0000000453000000|  0%| F|  |TAMS 0x0000000452800000| PB 0x0000000452800000| Untracked |  0
| 100|0x0000000453000000, 0x0000000453000000, 0x0000000453800000|  0%| F|  |TAMS 0x0000000453000000| PB 0x0000000453000000| Untracked |  0
| 101|0x0000000453800000, 0x0000000453800000, 0x0000000454000000|  0%| F|  |TAMS 0x0000000453800000| PB 0x0000000453800000| Untracked |  0
| 102|0x0000000454000000, 0x0000000454000000, 0x0000000454800000|  0%| F|  |TAMS 0x0000000454000000| PB 0x0000000454000000| Untracked |  0
| 103|0x0000000454800000, 0x0000000454800000, 0x0000000455000000|  0%| F|  |TAMS 0x0000000454800000| PB 0x0000000454800000| Untracked |  0
| 104|0x0000000455000000, 0x0000000455000000, 0x0000000455800000|  0%| F|  |TAMS 0x0000000455000000| PB 0x0000000455000000| Untracked |  0
| 105|0x0000000455800000, 0x0000000455800000, 0x0000000456000000|  0%| F|  |TAMS 0x0000000455800000| PB 0x0000000455800000| Untracked |  0
| 106|0x0000000456000000, 0x0000000456000000, 0x0000000456800000|  0%| F|  |TAMS 0x0000000456000000| PB 0x0000000456000000| Untracked |  0
| 107|0x0000000456800000, 0x0000000456800000, 0x0000000457000000|  0%| F|  |TAMS 0x0000000456800000| PB 0x0000000456800000| Untracked |  0
| 108|0x0000000457000000, 0x0000000457000000, 0x0000000457800000|  0%| F|  |TAMS 0x0000000457000000| PB 0x0000000457000000| Untracked |  0
| 109|0x0000000457800000, 0x0000000457800000, 0x0000000458000000|  0%| F|  |TAMS 0x0000000457800000| PB 0x0000000457800000| Untracked |  0
| 110|0x0000000458000000, 0x0000000458000000, 0x0000000458800000|  0%| F|  |TAMS 0x0000000458000000| PB 0x0000000458000000| Untracked |  0
| 111|0x0000000458800000, 0x0000000458800000, 0x0000000459000000|  0%| F|  |TAMS 0x0000000458800000| PB 0x0000000458800000| Untracked |  0
| 112|0x0000000459000000, 0x0000000459000000, 0x0000000459800000|  0%| F|  |TAMS 0x0000000459000000| PB 0x0000000459000000| Untracked |  0
| 113|0x0000000459800000, 0x0000000459800000, 0x000000045a000000|  0%| F|  |TAMS 0x0000000459800000| PB 0x0000000459800000| Untracked |  0
| 114|0x000000045a000000, 0x000000045a000000, 0x000000045a800000|  0%| F|  |TAMS 0x000000045a000000| PB 0x000000045a000000| Untracked |  0
| 115|0x000000045a800000, 0x000000045a800000, 0x000000045b000000|  0%| F|  |TAMS 0x000000045a800000| PB 0x000000045a800000| Untracked |  0
| 116|0x000000045b000000, 0x000000045b000000, 0x000000045b800000|  0%| F|  |TAMS 0x000000045b000000| PB 0x000000045b000000| Untracked |  0
| 117|0x000000045b800000, 0x000000045b800000, 0x000000045c000000|  0%| F|  |TAMS 0x000000045b800000| PB 0x000000045b800000| Untracked |  0
| 118|0x000000045c000000, 0x000000045c000000, 0x000000045c800000|  0%| F|  |TAMS 0x000000045c000000| PB 0x000000045c000000| Untracked |  0
| 119|0x000000045c800000, 0x000000045c800000, 0x000000045d000000|  0%| F|  |TAMS 0x000000045c800000| PB 0x000000045c800000| Untracked |  0
| 120|0x000000045d000000, 0x000000045d000000, 0x000000045d800000|  0%| F|  |TAMS 0x000000045d000000| PB 0x000000045d000000| Untracked |  0
| 121|0x000000045d800000, 0x000000045d800000, 0x000000045e000000|  0%| F|  |TAMS 0x000000045d800000| PB 0x000000045d800000| Untracked |  0
| 122|0x000000045e000000, 0x000000045e1ec898, 0x000000045e800000| 24%| E|  |TAMS 0x000000045e000000| PB 0x000000045e000000| Complete |  0
| 123|0x000000045e800000, 0x000000045f000000, 0x000000045f000000|100%| E|CS|TAMS 0x000000045e800000| PB 0x000000045e800000| Complete |  0
|1981|0x00000007ff800000, 0x00000007ff9211a8, 0x0000000800000000| 14%| O|  |TAMS 0x00000007ff800000| PB 0x00000007ff800000| Untracked |  0

Card table byte_map: [0x00007dfff0610000,0x00007dfff2508000] _byte_map_base: 0x00007dffee508000

Marking Bits: (CMBitMap*) 0x00007e000c0597f0
 Bits: [0x00007dffe0e50000, 0x00007dfff0610000)

Polling page: 0x00007e0014936000

Metaspace:

Usage:
  Non-class:      3.69 MB used.
      Class:    391.20 KB used.
       Both:      4.07 MB used.

Virtual space:
  Non-class space:       64.00 MB reserved,       3.88 MB (  6%) committed,  1 nodes.
      Class space:        1.00 GB reserved,     512.00 KB ( <1%) committed,  1 nodes.
             Both:        1.06 GB reserved,       4.38 MB ( <1%) committed. 

Chunk freelists:
   Non-Class:  10.68 MB
       Class:  15.49 MB
        Both:  26.16 MB

MaxMetaspaceSize: unlimited
CompressedClassSpaceSize: 1.00 GB
Initial GC threshold: 21.00 MB
Current GC threshold: 21.00 MB
CDS: on
 - commit_granule_bytes: 65536.
 - commit_granule_words: 8192.
 - virtual_space_node_default_size: 8388608.
 - enlarge_chunks_in_place: 1.
 - use_allocation_guard: 0.


Internal statistics:

num_allocs_failed_limit: 0.
num_arena_births: 262.
num_arena_deaths: 0.
num_vsnodes_births: 2.
num_vsnodes_deaths: 0.
num_space_committed: 70.
num_space_uncommitted: 0.
num_chunks_returned_to_freelist: 0.
num_chunks_taken_from_freelist: 334.
num_chunk_merges: 0.
num_chunk_splits: 227.
num_chunks_enlarged: 124.
num_inconsistent_stats: 0.

CodeHeap 'non-profiled nmethods': size=119172Kb used=230Kb max_used=230Kb free=118941Kb
 bounds [0x00007dfffbf9f000, 0x00007dfffc20f000, 0x00007e0003400000]
CodeHeap 'profiled nmethods': size=119164Kb used=824Kb max_used=824Kb free=118339Kb
 bounds [0x00007dfff4400000, 0x00007dfff4670000, 0x00007dfffb85f000]
CodeHeap 'non-nmethods': size=7424Kb used=2648Kb max_used=2663Kb free=4775Kb
 bounds [0x00007dfffb85f000, 0x00007dfffbaff000, 0x00007dfffbf9f000]
CodeCache: size=245760Kb, used=3702Kb, max_used=3717Kb, free=242055Kb
 total_blobs=1257, nmethods=733, adapters=427, full_count=0
Compilation: enabled, stopped_count=0, restarted_count=0

Compilation events (20 events):
Event: 0.096 Thread 0x00007dff4c07f5b0 nmethod 718 0x00007dfff44c9908 code [0x00007dfff44c9ac0, 0x00007dfff44ca178]
Event: 0.096 Thread 0x00007e000c1649e0 nmethod 721 0x00007dfff44ca188 code [0x00007dfff44ca2a0, 0x00007dfff44ca3f8]
Event: 0.096 Thread 0x00007dff4c081990 nmethod 720 0x00007dfff44ca488 code [0x00007dfff44ca5e0, 0x00007dfff44ca9d8]
Event: 0.096 Thread 0x00007dff4c07f5b0  723       3       java.lang.invoke.InvokerBytecodeGenerator::storeInsnOpcode (98 bytes)
Event: 0.097 Thread 0x00007e000c1632d0 nmethod 674 0x00007dfffbfd6e08 code [0x00007dfffbfd6f60, 0x00007dfffbfd7548]
Event: 0.097 Thread 0x00007e000c1649e0  724       3       jdk.internal.org.objectweb.asm.Frame::getInputStackSize (6 bytes)
Event: 0.097 Thread 0x00007e000c1632d0  682       4       jdk.internal.org.objectweb.asm.SymbolTable::put (150 bytes)
Event: 0.097 Thread 0x00007e000c1649e0 nmethod 724 0x00007dfff44caa88 code [0x00007dfff44caba0, 0x00007dfff44cacb0]
Event: 0.097 Thread 0x00007dff4c081990  725       3       java.util.ImmutableCollections$List12::size (16 bytes)
Event: 0.097 Thread 0x00007e000c1649e0  726       3       java.lang.invoke.LambdaForm::methodType (48 bytes)
Event: 0.097 Thread 0x00007dff4c081990 nmethod 725 0x00007dfff44cad88 code [0x00007dfff44caea0, 0x00007dfff44cb028]
Event: 0.097 Thread 0x00007dff4c07f5b0 nmethod 723 0x00007dfff44cb088 code [0x00007dfff44cb280, 0x00007dfff44cbc00]
Event: 0.097 Thread 0x00007dff4c07f5b0  727       3       jdk.internal.org.objectweb.asm.Handler::putExceptionTable (63 bytes)
Event: 0.097 Thread 0x00007dff4c081990  728       3       java.util.ImmutableCollections$ListN::get (7 bytes)
Event: 0.097 Thread 0x00007e000c1649e0 nmethod 726 0x00007dfff44cbc88 code [0x00007dfff44cbe00, 0x00007dfff44cc3b8]
Event: 0.097 Thread 0x00007dff4c081990 nmethod 728 0x00007dfff44cc408 code [0x00007dfff44cc520, 0x00007dfff44cc650]
Event: 0.097 Thread 0x00007dff4c07f5b0 nmethod 727 0x00007dfff44cc708 code [0x00007dfff44cc8a0, 0x00007dfff44cccd8]
Event: 0.097 Thread 0x00007dff4c07f5b0  732       3       jdk.internal.org.objectweb.asm.Type::getReturnTypeOffset (64 bytes)
Event: 0.097 Thread 0x00007e000c1649e0  733       1       java.lang.Class::getClassData (5 bytes)
Event: 0.097 Thread 0x00007e000c1649e0 nmethod 733 0x00007dfffbfd7f08 code [0x00007dfffbfd8020, 0x00007dfffbfd80e8]

GC Heap History (0 events):
No events

Dll operation events (8 events):
Event: 0.001 Loaded shared library /usr/lib/jvm/java-23-temurin/lib/libjava.so
Event: 0.012 Loaded shared library /usr/lib/jvm/java-23-temurin/lib/libjsvml.so
Event: 0.019 Loaded shared library /usr/lib/jvm/java-23-temurin/lib/libnio.so
Event: 0.021 Loaded shared library /usr/lib/jvm/java-23-temurin/lib/libzip.so
Event: 0.042 Loaded shared library /usr/lib/jvm/java-23-temurin/lib/libnet.so
Event: 0.046 Loaded shared library /usr/lib/jvm/java-23-temurin/lib/libjimage.so
Event: 0.057 Loaded shared library /tmp/17042007070186241825.so
Event: 0.061 Loaded shared library /usr/lib/jvm/java-23-temurin/lib/libsyslookup.so

Deoptimization events (0 events):
No events

Classes loaded (20 events):
Event: 0.094 Loading class sun/invoke/util/ValueConversions$Handles
Event: 0.094 Loading class sun/invoke/util/ValueConversions$Handles done
Event: 0.094 Loading class java/util/Spliterators$IntArraySpliterator
Event: 0.094 Loading class java/util/Spliterators$IntArraySpliterator done
Event: 0.094 Loading class java/util/stream/Streams$ConcatSpliterator$OfInt
Event: 0.094 Loading class java/util/stream/Streams$ConcatSpliterator$OfPrimitive
Event: 0.094 Loading class java/util/stream/Streams$ConcatSpliterator
Event: 0.094 Loading class java/util/stream/Streams$ConcatSpliterator done
Event: 0.094 Loading class java/util/stream/Streams$ConcatSpliterator$OfPrimitive done
Event: 0.094 Loading class java/util/stream/Streams$ConcatSpliterator$OfInt done
Event: 0.094 Loading class java/util/stream/Streams$2
Event: 0.094 Loading class java/util/stream/Streams$2 done
Event: 0.094 Loading class java/util/stream/Nodes$IntFixedNodeBuilder
Event: 0.094 Loading class java/util/stream/Node$Builder$OfInt
Event: 0.094 Loading class java/util/stream/Node$Builder$OfInt done
Event: 0.094 Loading class java/util/stream/Nodes$IntArrayNode
Event: 0.094 Loading class java/util/stream/Nodes$IntArrayNode done
Event: 0.094 Loading class java/util/stream/Nodes$IntFixedNodeBuilder done
Event: 0.095 Loading class java/lang/invoke/VarHandles$2
Event: 0.095 Loading class java/lang/invoke/VarHandles$2 done

Classes unloaded (0 events):
No events

Classes redefined (0 events):
No events

Internal exceptions (20 events):
Event: 0.079 Thread 0x00007e000c02aa60 Exception <a 'java/lang/NoSuchMethodError'{0x000000045efb6a88}: 'void java.lang.invoke.DirectMethodHandle$Holder.invokeStatic(java.lang.Object, long)'> (0x000000045efb6a88) 
thrown [src/hotspot/share/interpreter/linkResolver.cpp, line 795]
Event: 0.080 Thread 0x00007e000c02aa60 Exception <a 'java/lang/NoSuchMethodError'{0x000000045efbbb40}: 'java.lang.Object java.lang.invoke.DirectMethodHandle$Holder.newInvokeSpecial(java.lang.Object, long)'> (0x000000045efbbb40) 
thrown [src/hotspot/share/interpreter/linkResolver.cpp, line 795]
Event: 0.082 Thread 0x00007e000c02aa60 Exception <a 'java/lang/NoSuchMethodError'{0x000000045efe5c68}: 'void java.lang.invoke.DirectMethodHandle$Holder.invokeStatic(java.lang.Object, int, java.lang.Object)'> (0x000000045efe5c68) 
thrown [src/hotspot/share/interpreter/linkResolver.cpp, line 795]
Event: 0.085 Thread 0x00007e000c02aa60 Exception <a 'java/lang/NoSuchMethodError'{0x000000045e022220}: 'int java.lang.invoke.Invokers$Holder.invokeExact_MT(java.lang.Object, java.lang.Object)'> (0x000000045e022220) 
thrown [src/hotspot/share/interpreter/linkResolver.cpp, line 795]
Event: 0.085 Thread 0x00007e000c02aa60 Exception <a 'java/lang/NoSuchMethodError'{0x000000045e026618}: 'java.lang.Object java.lang.invoke.Invokers$Holder.invoke_MT(java.lang.Object, java.lang.Object, java.lang.Object, java.lang.Object, java.lang.Object)'> (0x000000045e026618) 
thrown [src/hotspot/share/interpreter/linkResolver.cpp, line 795]
Event: 0.090 Thread 0x00007e000c02aa60 Exception <a 'java/lang/NoSuchMethodError'{0x000000045e0a8380}: 'long java.lang.invoke.DirectMethodHandle$Holder.invokeStaticInit(java.lang.Object, long, long, long, long)'> (0x000000045e0a8380) 
thrown [src/hotspot/share/interpreter/linkResolver.cpp, line 795]
Event: 0.090 Thread 0x00007e000c02aa60 Exception <a 'java/lang/NoSuchMethodError'{0x000000045e0abc40}: 'java.lang.Object java.lang.invoke.DirectMethodHandle$Holder.invokeInterface(java.lang.Object, java.lang.Object, long, long)'> (0x000000045e0abc40) 
thrown [src/hotspot/share/interpreter/linkResolver.cpp, line 795]
Event: 0.090 Thread 0x00007e000c02aa60 Exception <a 'java/lang/NoSuchMethodError'{0x000000045e0af730}: 'java.lang.Object java.lang.invoke.DirectMethodHandle$Holder.invokeInterface(java.lang.Object, java.lang.Object, long, java.lang.Object)'> (0x000000045e0af730) 
thrown [src/hotspot/share/interpreter/linkResolver.cpp, line 795]
Event: 0.090 Thread 0x00007e000c02aa60 Exception <a 'java/lang/NoSuchMethodError'{0x000000045e0b5fb0}: 'void java.lang.invoke.DirectMethodHandle$Holder.invokeStaticInit(java.lang.Object, java.lang.Object, long, java.lang.Object)'> (0x000000045e0b5fb0) 
thrown [src/hotspot/share/interpreter/linkResolver.cpp, line 795]
Event: 0.091 Thread 0x00007e000c02aa60 Exception <a 'java/lang/NoSuchMethodError'{0x000000045e0d4c10}: 'java.lang.Object java.lang.invoke.DirectMethodHandle$Holder.invokeStatic(java.lang.Object, java.lang.Object, int)'> (0x000000045e0d4c10) 
thrown [src/hotspot/share/interpreter/linkResolver.cpp, line 795]
Event: 0.092 Thread 0x00007e000c02aa60 Exception <a 'java/lang/NoSuchMethodError'{0x000000045e0e6d88}: 'void java.lang.invoke.DelegatingMethodHandle$Holder.delegate(java.lang.Object, java.lang.Object, int, java.lang.Object)'> (0x000000045e0e6d88) 
thrown [src/hotspot/share/interpreter/linkResolver.cpp, line 795]
Event: 0.093 Thread 0x00007e000c02aa60 Exception <a 'java/lang/NoSuchMethodError'{0x000000045e0ffda8}: 'java.lang.Object java.lang.invoke.DirectMethodHandle$Holder.newInvokeSpecial(java.lang.Object, int, java.lang.Object)'> (0x000000045e0ffda8) 
thrown [src/hotspot/share/interpreter/linkResolver.cpp, line 795]
Event: 0.093 Thread 0x00007e000c02aa60 Exception <a 'java/lang/NoSuchMethodError'{0x000000045e107d60}: 'void java.lang.invoke.DelegatingMethodHandle$Holder.reinvoke_L(java.lang.Object, java.lang.Object, long, java.lang.Object)'> (0x000000045e107d60) 
thrown [src/hotspot/share/interpreter/linkResolver.cpp, line 795]
Event: 0.093 Thread 0x00007e000c02aa60 Exception <a 'java/lang/NoSuchMethodError'{0x000000045e114e80}: 'java.lang.Object java.lang.invoke.DirectMethodHandle$Holder.invokeSpecial(java.lang.Object, java.lang.Object, java.lang.Object, java.lang.Object, long)'> (0x000000045e114e80) 
thrown [src/hotspot/share/interpreter/linkResolver.cpp, line 795]
Event: 0.095 Thread 0x00007e000c02aa60 Exception <a 'java/lang/NoSuchMethodError'{0x000000045e133760}: 'void java.lang.invoke.DelegatingMethodHandle$Holder.reinvoke_L(java.lang.Object, java.lang.Object, java.lang.Object, long, int)'> (0x000000045e133760) 
thrown [src/hotspot/share/interpreter/linkResolver.cpp, line 795]
Event: 0.095 Thread 0x00007e000c02aa60 Exception <a 'java/lang/NoSuchMethodError'{0x000000045e13aeb0}: 'void java.lang.invoke.DirectMethodHandle$Holder.invokeSpecial(java.lang.Object, java.lang.Object, java.lang.Object, long)'> (0x000000045e13aeb0) 
thrown [src/hotspot/share/interpreter/linkResolver.cpp, line 795]
Event: 0.096 Thread 0x00007e000c02aa60 Exception <a 'java/lang/NoSuchMethodError'{0x000000045e158798}: 'void java.lang.invoke.DirectMethodHandle$Holder.invokeStaticInit(java.lang.Object, java.lang.Object, java.lang.Object)'> (0x000000045e158798) 
thrown [src/hotspot/share/interpreter/linkResolver.cpp, line 795]
Event: 0.097 Thread 0x00007e000c02aa60 Exception <a 'java/lang/NoSuchMethodError'{0x000000045e168e20}: 'void java.lang.invoke.Invokers$Holder.invokeExact_MT(java.lang.Object, java.lang.Object)'> (0x000000045e168e20) 
thrown [src/hotspot/share/interpreter/linkResolver.cpp, line 795]
Event: 0.097 Thread 0x00007e000c02aa60 Exception <a 'java/lang/NoSuchMethodError'{0x000000045e16c728}: 'void java.lang.invoke.DirectMethodHandle$Holder.invokeSpecial(java.lang.Object, java.lang.Object, long)'> (0x000000045e16c728) 
thrown [src/hotspot/share/interpreter/linkResolver.cpp, line 795]
Event: 0.097 Thread 0x00007e000c02aa60 Exception <a 'java/lang/NoSuchMethodError'{0x000000045e16f700}: 'void java.lang.invoke.Invokers$Holder.invokeExact_MT(java.lang.Object, long, java.lang.Object)'> (0x000000045e16f700) 
thrown [src/hotspot/share/interpreter/linkResolver.cpp, line 795]

VM Operations (2 events):
Event: 0.021 Executing VM operation: HandshakeAllThreads (Deoptimize)
Event: 0.021 Executing VM operation: HandshakeAllThreads (Deoptimize) done

Memory protections (13 events):
Event: 0.001 Protecting memory [0x00007e0012f00000,0x00007e0012f04000] with protection modes 0
Event: 0.011 Protecting memory [0x00007dffe0d50000,0x00007dffe0d54000] with protection modes 0
Event: 0.011 Protecting memory [0x00007dffe0900000,0x00007dffe0904000] with protection modes 0
Event: 0.011 Protecting memory [0x00007dffe07ff000,0x00007dffe0803000] with protection modes 0
Event: 0.011 Protecting memory [0x00007dffe06fe000,0x00007dffe0702000] with protection modes 0
Event: 0.011 Protecting memory [0x00007dffe05fd000,0x00007dffe0601000] with protection modes 0
Event: 0.011 Protecting memory [0x00007dffe04fc000,0x00007dffe0500000] with protection modes 0
Event: 0.011 Protecting memory [0x00007dffe03fb000,0x00007dffe03ff000] with protection modes 0
Event: 0.013 Protecting memory [0x00007dffe02fa000,0x00007dffe02fe000] with protection modes 0
Event: 0.015 Protecting memory [0x00007dffe01f9000,0x00007dffe01fd000] with protection modes 0
Event: 0.015 Protecting memory [0x00007dffe00f8000,0x00007dffe00fc000] with protection modes 0
Event: 0.018 Protecting memory [0x00007dffd9f00000,0x00007dffd9f04000] with protection modes 0
Event: 0.020 Protecting memory [0x00007dffd9dff000,0x00007dffd9e03000] with protection modes 0

Nmethod flushes (0 events):
No events

Events (14 events):
Event: 0.007 Thread 0x00007e000c02aa60 Thread added: 0x00007e000c02aa60
Event: 0.011 Thread 0x00007e000c02aa60 Thread added: 0x00007e000c15bdd0
Event: 0.011 Thread 0x00007e000c02aa60 Thread added: 0x00007e000c15d340
Event: 0.011 Thread 0x00007e000c02aa60 Thread added: 0x00007e000c15eb50
Event: 0.011 Thread 0x00007e000c02aa60 Thread added: 0x00007e000c160190
Event: 0.011 Thread 0x00007e000c02aa60 Thread added: 0x00007e000c161730
Event: 0.011 Thread 0x00007e000c02aa60 Thread added: 0x00007e000c1632d0
Event: 0.011 Thread 0x00007e000c02aa60 Thread added: 0x00007e000c1649e0
Event: 0.013 Thread 0x00007e000c1632d0 Thread added: 0x00007dff4c07f5b0
Event: 0.015 Thread 0x00007e000c02aa60 Thread added: 0x00007e000c1a5bd0
Event: 0.015 Thread 0x00007e000c02aa60 Thread added: 0x00007e000c1a8630
Event: 0.018 Thread 0x00007e000c02aa60 Thread added: 0x00007e000c1b09b0
Event: 0.020 Thread 0x00007e000c1632d0 Thread added: 0x00007dff4c081990
Event: 0.087 Thread 0x00007e000c1b09b0 Thread exited: 0x00007e000c1b09b0


Dynamic libraries:
421000000-45f000000 rw-p 00000000 00:00 0 
45f000000-7ff800000 ---p 00000000 00:00 0 
7ff800000-7ff922000 rw-p 00dc6000 103:02 52301455                        /usr/lib/jvm/java-23-temurin/lib/server/classes.jsa
7ff922000-800000000 rw-p 00000000 00:00 0 
5b29531a5000-5b29531a6000 r-xp 00000000 103:02 52301289                  /usr/lib/jvm/java-23-temurin/bin/java
5b29531a7000-5b29531a8000 r--p 00001000 103:02 52301289                  /usr/lib/jvm/java-23-temurin/bin/java
5b29531a8000-5b29531a9000 rw-p 00002000 103:02 52301289                  /usr/lib/jvm/java-23-temurin/bin/java
5b2978959000-5b29789a0000 rw-p 00000000 00:00 0                          [heap]
7dff28000000-7dff2829b000 rw-p 00000000 00:00 0 
7dff2829b000-7dff2c000000 ---p 00000000 00:00 0 
7dff30000000-7dff30021000 rw-p 00000000 00:00 0 
7dff30021000-7dff34000000 ---p 00000000 00:00 0 
7dff34000000-7dff34021000 rw-p 00000000 00:00 0 
7dff34021000-7dff38000000 ---p 00000000 00:00 0 
7dff3c000000-7dff3c021000 rw-p 00000000 00:00 0 
7dff3c021000-7dff40000000 ---p 00000000 00:00 0 
7dff40000000-7dff4014b000 rw-p 00000000 00:00 0 
7dff4014b000-7dff44000000 ---p 00000000 00:00 0 
7dff48000000-7dff48168000 rw-p 00000000 00:00 0 
7dff48168000-7dff4c000000 ---p 00000000 00:00 0 
7dff4c000000-7dff4c1c2000 rw-p 00000000 00:00 0 
7dff4c1c2000-7dff50000000 ---p 00000000 00:00 0 
7dff54000000-7dff54021000 rw-p 00000000 00:00 0 
7dff54021000-7dff58000000 ---p 00000000 00:00 0 
7dff58000000-7dff58021000 rw-p 00000000 00:00 0 
7dff58021000-7dff5c000000 ---p 00000000 00:00 0 
7dff60000000-7dff60021000 rw-p 00000000 00:00 0 
7dff60021000-7dff64000000 ---p 00000000 00:00 0 
7dff64000000-7dff64021000 rw-p 00000000 00:00 0 
7dff64021000-7dff68000000 ---p 00000000 00:00 0 
7dff6c000000-7dff6c021000 rw-p 00000000 00:00 0 
7dff6c021000-7dff70000000 ---p 00000000 00:00 0 
7dff70000000-7dff70021000 rw-p 00000000 00:00 0 
7dff70021000-7dff74000000 ---p 00000000 00:00 0 
7dff78000000-7dff78280000 rw-p 00000000 00:00 0 
7dff78280000-7dff78400000 ---p 00000000 00:00 0 
7dff78400000-7dff78560000 rw-p 00000000 00:00 0 
7dff78560000-7dff7c000000 ---p 00000000 00:00 0 
7dff7c000000-7dff7c021000 rw-p 00000000 00:00 0 
7dff7c021000-7dff80000000 ---p 00000000 00:00 0 
7dff82000000-7dff82d97000 rw-p 00001000 103:02 52301455                  /usr/lib/jvm/java-23-temurin/lib/server/classes.jsa
7dff82d97000-7dff83000000 ---p 00000000 00:00 0 
7dff83000000-7dff83030000 rw-p 00000000 00:00 0 
7dff83030000-7dff83040000 ---p 00000000 00:00 0 
7dff83040000-7dff83090000 rw-p 00000000 00:00 0 
7dff83090000-7dffc3000000 ---p 00000000 00:00 0 
7dffc4000000-7dffc4021000 rw-p 00000000 00:00 0 
7dffc4021000-7dffc8000000 ---p 00000000 00:00 0 
7dffc8000000-7dffc8021000 rw-p 00000000 00:00 0 
7dffc8021000-7dffcc000000 ---p 00000000 00:00 0 
7dffd0000000-7dffd0021000 rw-p 00000000 00:00 0 
7dffd0021000-7dffd4000000 ---p 00000000 00:00 0 
7dffd4000000-7dffd4021000 rw-p 00000000 00:00 0 
7dffd4021000-7dffd8000000 ---p 00000000 00:00 0 
7dffd9be1000-7dffd9c2c000 r--p 00000000 00:2f 1143                       /tmp/17042007070186241825.so
7dffd9c2c000-7dffd9d50000 r-xp 0004b000 00:2f 1143                       /tmp/17042007070186241825.so
7dffd9d50000-7dffd9dc5000 r--p 0016f000 00:2f 1143                       /tmp/17042007070186241825.so
7dffd9dc5000-7dffd9dc9000 r--p 001e3000 00:2f 1143                       /tmp/17042007070186241825.so
7dffd9dc9000-7dffd9dcf000 rw-p 001e7000 00:2f 1143                       /tmp/17042007070186241825.so
7dffd9dcf000-7dffd9dfe000 rw-p 00000000 00:00 0 
7dffd9dfe000-7dffd9dff000 ---p 00000000 00:00 0 
7dffd9dff000-7dffd9e03000 ---p 00000000 00:00 0 
7dffd9e03000-7dffd9eff000 rw-p 00000000 00:00 0 
7dffd9eff000-7dffd9f00000 ---p 00000000 00:00 0 
7dffd9f00000-7dffd9f04000 ---p 00000000 00:00 0 
7dffd9f04000-7dffda000000 rw-p 00000000 00:00 0 
7dffda000000-7dffdc021000 rw-p 00000000 00:00 0 
7dffdc021000-7dffe0000000 ---p 00000000 00:00 0 
7dffe00f7000-7dffe00f8000 ---p 00000000 00:00 0 
7dffe00f8000-7dffe00fc000 ---p 00000000 00:00 0 
7dffe00fc000-7dffe01f8000 rw-p 00000000 00:00 0 
7dffe01f8000-7dffe01f9000 ---p 00000000 00:00 0 
7dffe01f9000-7dffe01fd000 ---p 00000000 00:00 0 
7dffe01fd000-7dffe02f9000 rw-p 00000000 00:00 0 
7dffe02f9000-7dffe02fa000 ---p 00000000 00:00 0 
7dffe02fa000-7dffe02fe000 ---p 00000000 00:00 0 
7dffe02fe000-7dffe03fa000 rw-p 00000000 00:00 0 
7dffe03fa000-7dffe03fb000 ---p 00000000 00:00 0 
7dffe03fb000-7dffe03ff000 ---p 00000000 00:00 0 
7dffe03ff000-7dffe04fb000 rw-p 00000000 00:00 0 
7dffe04fb000-7dffe04fc000 ---p 00000000 00:00 0 
7dffe04fc000-7dffe0500000 ---p 00000000 00:00 0 
7dffe0500000-7dffe05fc000 rw-p 00000000 00:00 0 
7dffe05fc000-7dffe05fd000 ---p 00000000 00:00 0 
7dffe05fd000-7dffe0601000 ---p 00000000 00:00 0 
7dffe0601000-7dffe06fd000 rw-p 00000000 00:00 0 
7dffe06fd000-7dffe06fe000 ---p 00000000 00:00 0 
7dffe06fe000-7dffe0702000 ---p 00000000 00:00 0 
7dffe0702000-7dffe07fe000 rw-p 00000000 00:00 0 
7dffe07fe000-7dffe07ff000 ---p 00000000 00:00 0 
7dffe07ff000-7dffe0803000 ---p 00000000 00:00 0 
7dffe0803000-7dffe08ff000 rw-p 00000000 00:00 0 
7dffe08ff000-7dffe0900000 ---p 00000000 00:00 0 
7dffe0900000-7dffe0904000 ---p 00000000 00:00 0 
7dffe0904000-7dffe0a00000 rw-p 00000000 00:00 0 
7dffe0a00000-7dffe0ceb000 r--p 00000000 103:02 51195440                  /usr/lib/locale/locale-archive
7dffe0d4f000-7dffe0d50000 ---p 00000000 00:00 0 
7dffe0d50000-7dffe0d54000 ---p 00000000 00:00 0 
7dffe0d54000-7dffe0e50000 rw-p 00000000 00:00 0 
7dffe0e50000-7dffe1dd0000 rw-p 00000000 00:00 0 
7dffe1dd0000-7dfff05f0000 ---p 00000000 00:00 0 
7dfff05f0000-7dfff0800000 rw-p 00000000 00:00 0 
7dfff0800000-7dfff2504000 ---p 00000000 00:00 0 
7dfff2504000-7dfff26f8000 rw-p 00000000 00:00 0 
7dfff26f8000-7dfff43fc000 ---p 00000000 00:00 0 
7dfff43fc000-7dfff4400000 rw-p 00000000 00:00 0 
7dfff4400000-7dfff4670000 rwxp 00000000 00:00 0 
7dfff4670000-7dfffb85f000 ---p 00000000 00:00 0 
7dfffb85f000-7dfffbaff000 rwxp 00000000 00:00 0 
7dfffbaff000-7dfffbf9f000 ---p 00000000 00:00 0 
7dfffbf9f000-7dfffc20f000 rwxp 00000000 00:00 0 
7dfffc20f000-7e0003400000 ---p 00000000 00:00 0 
7e0003400000-7e000be03000 r--s 00000000 103:02 52301446                  /usr/lib/jvm/java-23-temurin/lib/modules
7e000be2f000-7e000befd000 r-xp 00000000 103:02 52301429                  /usr/lib/jvm/java-23-temurin/lib/libjsvml.so
7e000befd000-7e000befe000 r--p 000cd000 103:02 52301429                  /usr/lib/jvm/java-23-temurin/lib/libjsvml.so
7e000befe000-7e000beff000 rw-p 000ce000 103:02 52301429                  /usr/lib/jvm/java-23-temurin/lib/libjsvml.so
7e000beff000-7e000bf00000 ---p 00000000 00:00 0 
7e000bf00000-7e000c000000 rw-p 00000000 00:00 0 
7e000c000000-7e000c3d1000 rw-p 00000000 00:00 0 
7e000c3d1000-7e0010000000 ---p 00000000 00:00 0 
7e001006c000-7e0010087000 r-xp 00000000 103:02 52301445                  /usr/lib/jvm/java-23-temurin/lib/libzip.so
7e0010087000-7e0010088000 r--p 0001a000 103:02 52301445                  /usr/lib/jvm/java-23-temurin/lib/libzip.so
7e0010088000-7e0010089000 rw-p 0001b000 103:02 52301445                  /usr/lib/jvm/java-23-temurin/lib/libzip.so
7e0010089000-7e0010094000 r-xp 00000000 103:02 52301435                  /usr/lib/jvm/java-23-temurin/lib/libnet.so
7e0010094000-7e0010095000 ---p 0000b000 103:02 52301435                  /usr/lib/jvm/java-23-temurin/lib/libnet.so
7e0010095000-7e0010096000 r--p 0000b000 103:02 52301435                  /usr/lib/jvm/java-23-temurin/lib/libnet.so
7e0010096000-7e0010097000 rw-p 0000c000 103:02 52301435                  /usr/lib/jvm/java-23-temurin/lib/libnet.so
7e0010097000-7e00100ab000 r-xp 00000000 103:02 52301436                  /usr/lib/jvm/java-23-temurin/lib/libnio.so
7e00100ab000-7e00100ac000 r--p 00013000 103:02 52301436                  /usr/lib/jvm/java-23-temurin/lib/libnio.so
7e00100ac000-7e00100ad000 rw-p 00014000 103:02 52301436                  /usr/lib/jvm/java-23-temurin/lib/libnio.so
7e00100ad000-7e00100ae000 ---p 00000000 00:00 0 
7e00100ae000-7e00101ae000 rw-p 00000000 00:00 0 
7e00101ae000-7e00102cb000 rw-p 00000000 00:00 0 
7e00102cb000-7e00102cc000 ---p 00000000 00:00 0 
7e00102cc000-7e00103cc000 rw-p 00000000 00:00 0 
7e00103cc000-7e00103cd000 ---p 00000000 00:00 0 
7e00103cd000-7e00104cd000 rw-p 00000000 00:00 0 
7e00104cd000-7e00116df000 rw-p 00000000 00:00 0 
7e00116df000-7e00116e0000 ---p 00000000 00:00 0 
7e00116e0000-7e00117e0000 rw-p 00000000 00:00 0 
7e00117e0000-7e00117e1000 ---p 00000000 00:00 0 
7e00117e1000-7e00118e1000 rw-p 00000000 00:00 0 
7e00118e1000-7e00118e2000 ---p 00000000 00:00 0 
7e00118e2000-7e00119e2000 rw-p 00000000 00:00 0 
7e00119e2000-7e0012d33000 rw-p 00000000 00:00 0 
7e0012d33000-7e0012e17000 ---p 00000000 00:00 0 
7e0012e17000-7e0012e1c000 rw-p 00000000 00:00 0 
7e0012e1c000-7e0012f00000 ---p 00000000 00:00 0 
7e0012f00000-7e0012f04000 ---p 00000000 00:00 0 
7e0012f04000-7e0013000000 rw-p 00000000 00:00 0 
7e0013000000-7e0014409000 r-xp 00000000 103:02 52301458                  /usr/lib/jvm/java-23-temurin/lib/server/libjvm.so
7e0014409000-7e00144dc000 r--p 01408000 103:02 52301458                  /usr/lib/jvm/java-23-temurin/lib/server/libjvm.so
7e00144dc000-7e001450b000 rw-p 014db000 103:02 52301458                  /usr/lib/jvm/java-23-temurin/lib/server/libjvm.so
7e001450b000-7e0014582000 rw-p 00000000 00:00 0 
7e0014585000-7e0014607000 rw-p 00000000 00:00 0 
7e0014607000-7e0014610000 ---p 00000000 00:00 0 
7e0014610000-7e0014630000 r-xp 00000000 103:02 52301421                  /usr/lib/jvm/java-23-temurin/lib/libjava.so
7e0014630000-7e0014631000 ---p 00020000 103:02 52301421                  /usr/lib/jvm/java-23-temurin/lib/libjava.so
7e0014631000-7e0014632000 r--p 00020000 103:02 52301421                  /usr/lib/jvm/java-23-temurin/lib/libjava.so
7e0014632000-7e0014633000 rw-p 00021000 103:02 52301421                  /usr/lib/jvm/java-23-temurin/lib/libjava.so
7e0014633000-7e0014634000 rw-p 00000000 00:00 0 
7e0014634000-7e0014642000 r--p 00000000 103:02 51121489                  /usr/lib/libm.so.6
7e0014642000-7e00146c5000 r-xp 0000e000 103:02 51121489                  /usr/lib/libm.so.6
7e00146c5000-7e0014721000 r--p 00091000 103:02 51121489                  /usr/lib/libm.so.6
7e0014721000-7e0014722000 r--p 000ec000 103:02 51121489                  /usr/lib/libm.so.6
7e0014722000-7e0014723000 rw-p 000ed000 103:02 51121489                  /usr/lib/libm.so.6
7e0014723000-7e0014724000 r--p 00000000 103:02 51121522                  /usr/lib/librt.so.1
7e0014724000-7e0014725000 r-xp 00001000 103:02 51121522                  /usr/lib/librt.so.1
7e0014725000-7e0014726000 r--p 00002000 103:02 51121522                  /usr/lib/librt.so.1
7e0014726000-7e0014727000 r--p 00002000 103:02 51121522                  /usr/lib/librt.so.1
7e0014727000-7e0014728000 rw-p 00003000 103:02 51121522                  /usr/lib/librt.so.1
7e0014728000-7e001472a000 rw-p 00000000 00:00 0 
7e001472a000-7e001474e000 r--p 00000000 103:02 51121474                  /usr/lib/libc.so.6
7e001474e000-7e00148bf000 r-xp 00024000 103:02 51121474                  /usr/lib/libc.so.6
7e00148bf000-7e001490d000 r--p 00195000 103:02 51121474                  /usr/lib/libc.so.6
7e001490d000-7e0014911000 r--p 001e3000 103:02 51121474                  /usr/lib/libc.so.6
7e0014911000-7e0014913000 rw-p 001e7000 103:02 51121474                  /usr/lib/libc.so.6
7e0014913000-7e001491b000 rw-p 00000000 00:00 0 
7e001491b000-7e001491c000 r--p 00000000 103:02 51121516                  /usr/lib/libpthread.so.0
7e001491c000-7e001491d000 r-xp 00001000 103:02 51121516                  /usr/lib/libpthread.so.0
7e001491d000-7e001491e000 r--p 00002000 103:02 51121516                  /usr/lib/libpthread.so.0
7e001491e000-7e001491f000 r--p 00002000 103:02 51121516                  /usr/lib/libpthread.so.0
7e001491f000-7e0014920000 rw-p 00003000 103:02 51121516                  /usr/lib/libpthread.so.0
7e0014920000-7e0014921000 r--p 00000000 103:02 51121482                  /usr/lib/libdl.so.2
7e0014921000-7e0014922000 r-xp 00001000 103:02 51121482                  /usr/lib/libdl.so.2
7e0014922000-7e0014923000 r--p 00002000 103:02 51121482                  /usr/lib/libdl.so.2
7e0014923000-7e0014924000 r--p 00002000 103:02 51121482                  /usr/lib/libdl.so.2
7e0014924000-7e0014925000 rw-p 00003000 103:02 51121482                  /usr/lib/libdl.so.2
7e001492b000-7e001492c000 r-xp 00000000 103:02 52301443                  /usr/lib/jvm/java-23-temurin/lib/libsyslookup.so
7e001492c000-7e001492d000 r--p 00000000 103:02 52301443                  /usr/lib/jvm/java-23-temurin/lib/libsyslookup.so
7e001492d000-7e001492e000 rw-p 00001000 103:02 52301443                  /usr/lib/jvm/java-23-temurin/lib/libsyslookup.so
7e001492e000-7e0014936000 rw-s 00000000 00:2f 1141                       /tmp/hsperfdata_alniarez/69464
7e0014936000-7e0014937000 ---p 00000000 00:00 0 
7e0014937000-7e0014938000 r--p 00000000 00:00 0 
7e0014938000-7e0014939000 ---p 00000000 00:00 0 
7e0014939000-7e0014954000 r-xp 00000000 103:02 52301425                  /usr/lib/jvm/java-23-temurin/lib/libjimage.so
7e0014954000-7e0014955000 ---p 0001b000 103:02 52301425                  /usr/lib/jvm/java-23-temurin/lib/libjimage.so
7e0014955000-7e0014957000 r--p 0001b000 103:02 52301425                  /usr/lib/jvm/java-23-temurin/lib/libjimage.so
7e0014957000-7e0014958000 rw-p 0001d000 103:02 52301425                  /usr/lib/jvm/java-23-temurin/lib/libjimage.so
7e0014958000-7e0014971000 r-xp 00000000 103:02 52301426                  /usr/lib/jvm/java-23-temurin/lib/libjli.so
7e0014971000-7e0014972000 r--p 00018000 103:02 52301426                  /usr/lib/jvm/java-23-temurin/lib/libjli.so
7e0014972000-7e0014973000 rw-p 00019000 103:02 52301426                  /usr/lib/jvm/java-23-temurin/lib/libjli.so
7e0014973000-7e0014975000 rw-p 00000000 00:00 0 
7e0014975000-7e0014979000 r--p 00000000 00:00 0                          [vvar]
7e0014979000-7e001497b000 r-xp 00000000 00:00 0                          [vdso]
7e001497b000-7e001497c000 r--p 00000000 103:02 51121463                  /usr/lib/ld-linux-x86-64.so.2
7e001497c000-7e00149a5000 r-xp 00001000 103:02 51121463                  /usr/lib/ld-linux-x86-64.so.2
7e00149a5000-7e00149af000 r--p 0002a000 103:02 51121463                  /usr/lib/ld-linux-x86-64.so.2
7e00149af000-7e00149b1000 r--p 00034000 103:02 51121463                  /usr/lib/ld-linux-x86-64.so.2
7e00149b1000-7e00149b3000 rw-p 00036000 103:02 51121463                  /usr/lib/ld-linux-x86-64.so.2
7ffdba2c3000-7ffdba2e4000 rw-p 00000000 00:00 0                          [stack]
ffffffffff600000-ffffffffff601000 --xp 00000000 00:00 0                  [vsyscall]
Total number of mappings: 212


VM Arguments:
jvm_args: --enable-native-access=ALL-UNNAMED --enable-preview -Dfile.encoding=UTF-8 -Duser.country=US -Duser.language=en -Duser.variant 
java_command: de.alniarez.day2.Game
java_class_path (initial): /home/alniarez/Documents/GitHub/java-videogame-dev/raylib-game-gradle/build/classes/java/main:/home/alniarez/Documents/GitHub/java-videogame-dev/raylib-game-gradle/build/resources/main:/home/alniarez/.gradle/caches/modules-2/files-2.1/io.github.electronstudio/jaylib-ffm/0.0.3/5b56eca5cbea8cba8e0d0ccef5239c2ba362918f/jaylib-ffm-0.0.3.jar
Launcher Type: SUN_STANDARD

[Global flags]
     intx CICompilerCount                          = 12                                        {product} {ergonomic}
     uint ConcGCThreads                            = 5                                         {product} {ergonomic}
     uint G1ConcRefinementThreads                  = 18                                        {product} {ergonomic}
   size_t G1HeapRegionSize                         = 8388608                                   {product} {ergonomic}
   size_t InitialHeapSize                          = 1040187392                                {product} {ergonomic}
   size_t MarkStackSize                            = 4194304                                   {product} {ergonomic}
   size_t MarkStackSizeMax                         = 536870912                                 {product} {ergonomic}
   size_t MaxHeapSize                              = 16626221056                               {product} {ergonomic}
   size_t MaxNewSize                               = 9974054912                                {product} {ergonomic}
   size_t MinHeapDeltaBytes                        = 8388608                                   {product} {ergonomic}
   size_t MinHeapSize                              = 8388608                                   {product} {ergonomic}
    uintx NonNMethodCodeHeapSize                   = 7602176                                {pd product} {ergonomic}
    uintx NonProfiledCodeHeapSize                  = 122032128                              {pd product} {ergonomic}
    uintx ProfiledCodeHeapSize                     = 122023936                              {pd product} {ergonomic}
    uintx ReservedCodeCacheSize                    = 251658240                              {pd product} {ergonomic}
     bool SegmentedCodeCache                       = true                                      {product} {ergonomic}
   size_t SoftMaxHeapSize                          = 16626221056                            {manageable} {ergonomic}
     bool UseCompressedOops                        = true                           {product lp64_product} {ergonomic}
     bool UseG1GC                                  = true                                      {product} {ergonomic}

Logging:
Log output configuration:
 #0: stdout all=warning uptime,level,tags foldmultilines=false
 #1: stderr all=off uptime,level,tags foldmultilines=false

Environment Variables:
PATH=/usr/local/sbin:/usr/local/bin:/usr/bin:/var/lib/flatpak/exports/bin:/usr/lib/jvm/default/bin:/usr/bin/site_perl:/usr/bin/vendor_perl:/usr/bin/core_perl:/usr/lib/rustup/bin
SHELL=/usr/bin/zsh
DISPLAY=:1
LANG=en_US.UTF-8
LC_TIME=en_DE.UTF-8

Active Locale:
LC_ALL=C
LC_COLLATE=C
LC_CTYPE=C
LC_MESSAGES=C
LC_MONETARY=C
LC_NUMERIC=C
LC_TIME=C

Signal Handlers:
   SIGSEGV: crash_handler in libjvm.so, mask=11100100010111111101111111111110, flags=SA_RESTART|SA_SIGINFO, unblocked
    SIGBUS: crash_handler in libjvm.so, mask=11100100010111111101111111111110, flags=SA_RESTART|SA_SIGINFO, unblocked
    SIGFPE: crash_handler in libjvm.so, mask=11100100010111111101111111111110, flags=SA_RESTART|SA_SIGINFO, unblocked
   SIGPIPE: javaSignalHandler in libjvm.so, mask=11100100010111111101111111111110, flags=SA_RESTART|SA_SIGINFO, blocked
   SIGXFSZ: javaSignalHandler in libjvm.so, mask=11100100010111111101111111111110, flags=SA_RESTART|SA_SIGINFO, blocked
    SIGILL: crash_handler in libjvm.so, mask=11100100010111111101111111111110, flags=SA_RESTART|SA_SIGINFO, unblocked
   SIGUSR2: SR_handler in libjvm.so, mask=00000000000000000000000000000000, flags=SA_RESTART|SA_SIGINFO, blocked
    SIGHUP: UserHandler in libjvm.so, mask=11100100010111111101111111111110, flags=SA_RESTART|SA_SIGINFO, blocked
    SIGINT: UserHandler in libjvm.so, mask=11100100010111111101111111111110, flags=SA_RESTART|SA_SIGINFO, blocked
   SIGTERM: UserHandler in libjvm.so, mask=11100100010111111101111111111110, flags=SA_RESTART|SA_SIGINFO, blocked
   SIGQUIT: UserHandler in libjvm.so, mask=11100100010111111101111111111110, flags=SA_RESTART|SA_SIGINFO, blocked
   SIGTRAP: crash_handler in libjvm.so, mask=11100100010111111101111111111110, flags=SA_RESTART|SA_SIGINFO, unblocked


Periodic native trim disabled

---------------  S Y S T E M  ---------------

OS:
DISTRIB_ID="Arch"
DISTRIB_RELEASE="rolling"
DISTRIB_DESCRIPTION="Arch Linux"
uname: Linux 6.11.9-arch1-1 #1 SMP PREEMPT_DYNAMIC Sun, 17 Nov 2024 16:06:17 +0000 x86_64
OS uptime: 0 days 10:05 hours
libc: glibc 2.40 NPTL 2.40 
rlimit (soft/hard): STACK 8192k/infinity , CORE infinity/infinity , NPROC 253075/253075 , NOFILE 524288/524288 , AS infinity/infinity , CPU infinity/infinity , DATA infinity/infinity , FSIZE infinity/infinity , MEMLOCK 8192k/8192k
load average: 2.41 1.16 0.94

/proc/meminfo:
MemTotal:       64924008 kB
MemFree:        28558852 kB
MemAvailable:   51344948 kB
Buffers:          542788 kB
Cached:         22803088 kB
SwapCached:            0 kB
Active:         14706524 kB
Inactive:       19286924 kB
Active(anon):   11088200 kB
Inactive(anon):    31316 kB
Active(file):    3618324 kB
Inactive(file): 19255608 kB
Unevictable:        1140 kB
Mlocked:            1140 kB
SwapTotal:       4194300 kB
SwapFree:        4073212 kB
Zswap:                 0 kB
Zswapped:              0 kB
Dirty:              7204 kB
Writeback:             0 kB
AnonPages:      10396420 kB
Mapped:          3018104 kB
Shmem:            471936 kB
KReclaimable:     634980 kB
Slab:             898608 kB
SReclaimable:     634980 kB
SUnreclaim:       263628 kB
KernelStack:       38032 kB
PageTables:        82352 kB
SecPageTables:      5656 kB
NFS_Unstable:          0 kB
Bounce:                0 kB
WritebackTmp:          0 kB
CommitLimit:    36656304 kB
Committed_AS:   27885664 kB
VmallocTotal:   34359738367 kB
VmallocUsed:      171216 kB
VmallocChunk:          0 kB
Percpu:            25920 kB
HardwareCorrupted:     0 kB
AnonHugePages:   4790272 kB
ShmemHugePages:        0 kB
ShmemPmdMapped:        0 kB
FileHugePages:   1476608 kB
FilePmdMapped:    591872 kB
CmaTotal:              0 kB
CmaFree:               0 kB
Unaccepted:            0 kB
HugePages_Total:       0
HugePages_Free:        0
HugePages_Rsvd:        0
HugePages_Surp:        0
Hugepagesize:       2048 kB
Hugetlb:               0 kB
DirectMap4k:     1220292 kB
DirectMap2M:    29308928 kB
DirectMap1G:    35651584 kB

/sys/kernel/mm/transparent_hugepage/enabled: [always] madvise never
/sys/kernel/mm/transparent_hugepage/hpage_pmd_size: 2097152
/sys/kernel/mm/transparent_hugepage/shmem_enabled: always within_size advise [never] deny force
/sys/kernel/mm/transparent_hugepage/defrag (defrag/compaction efforts parameter): always defer defer+madvise [madvise] never

Process Memory:
Virtual Size: 19514080K (peak: 19572752K)
Resident Set Size: 76904K (peak: 76904K) (anon: 49980K, file: 26304K, shmem: 620K)
Swapped out: 0K
C-Heap outstanding allocations: 54128K, retained: 2739K
glibc malloc tunables: (default)

/proc/sys/kernel/threads-max (system-wide limit on the number of threads): 506151
/proc/sys/vm/max_map_count (maximum number of memory map areas a process may have): 1048576
/proc/sys/vm/swappiness (control to define how aggressively the kernel swaps out anonymous memory): 60
/proc/sys/kernel/pid_max (system-wide limit on number of process identifiers): 4194304

container (cgroup) information:
container_type: cgroupv2
cpu_cpuset_cpus: not supported
cpu_memory_nodes: not supported
active_processor_count: 24
cpu_quota: not supported
cpu_period: not supported
cpu_shares: not supported
memory_limit_in_bytes: unlimited
memory_and_swap_limit_in_bytes: unlimited
memory_soft_limit_in_bytes: 0
memory_usage_in_bytes: 5614952 k
memory_max_usage_in_bytes: not supported
rss_usage_in_bytes: 3543872 k
cache_usage_in_bytes: 1606516 k
memory_swap_current_in_bytes: 0
memory_swap_max_limit_in_bytes: unlimited
maximum number of tasks: 75922
current number of tasks: 305

Steal ticks since vm start: 0
Steal ticks percentage since vm start:  0.000

CPU: total 24 (initial active 24) (24 cores per cpu, 2 threads per core) family 25 model 97 stepping 2 microcode 0xa601206, cx8, cmov, fxsr, ht, mmx, 3dnowpref, sse, sse2, sse3, ssse3, sse4a, sse4.1, sse4.2, popcnt, lzcnt, tsc, tscinvbit, avx, avx2, aes, erms, clmul, bmi1, bmi2, adx, avx512f, avx512dq, avx512cd, avx512bw, avx512vl, sha, fma, vzeroupper, avx512_vpopcntdq, avx512_vpclmulqdq, avx512_vaes, avx512_vnni, clflush, clflushopt, avx512_vbmi2, avx512_vbmi, rdtscp, rdpid, fsrm, gfni, avx512_bitalg, f16c, pku, ospke, cet_ss, avx512_ifma
CPU Model and flags from /proc/cpuinfo:
model name	: AMD Ryzen 9 7900X 12-Core Processor
flags		: fpu vme de pse tsc msr pae mce cx8 apic sep mtrr pge mca cmov pat pse36 clflush mmx fxsr sse sse2 ht syscall nx mmxext fxsr_opt pdpe1gb rdtscp lm constant_tsc rep_good amd_lbr_v2 nopl xtopology nonstop_tsc cpuid extd_apicid aperfmperf rapl pni pclmulqdq monitor ssse3 fma cx16 sse4_1 sse4_2 movbe popcnt aes xsave avx f16c rdrand lahf_lm cmp_legacy svm extapic cr8_legacy abm sse4a misalignsse 3dnowprefetch osvw ibs skinit wdt tce topoext perfctr_core perfctr_nb bpext perfctr_llc mwaitx cpb cat_l3 cdp_l3 hw_pstate ssbd mba perfmon_v2 ibrs ibpb stibp ibrs_enhanced vmmcall fsgsbase bmi1 avx2 smep bmi2 erms invpcid cqm rdt_a avx512f avx512dq rdseed adx smap avx512ifma clflushopt clwb avx512cd sha_ni avx512bw avx512vl xsaveopt xsavec xgetbv1 xsaves cqm_llc cqm_occup_llc cqm_mbm_total cqm_mbm_local user_shstk avx512_bf16 clzero irperf xsaveerptr rdpru wbnoinvd cppc arat npt lbrv svm_lock nrip_save tsc_scale vmcb_clean flushbyasid decodeassists pausefilter pfthreshold avic v_vmsave_vmload vgif x2avic v_spec_ctrl vnmi avx512vbmi umip pku ospke avx512_vbmi2 gfni vaes vpclmulqdq avx512_vnni avx512_bitalg avx512_vpopcntdq rdpid overflow_recov succor smca fsrm flush_l1d amd_lbr_pmc_freeze

Online cpus: 0-23
Offline cpus: 
BIOS frequency limitation: <Not Available>
Frequency switch latency (ns): 0
Available cpu frequencies: <Not Available>
Current governor: powersave
Core performance/turbo boost: 1

Memory: 4k page, physical 64924008k(51344948k free), swap 4194300k(4073212k free)
Page Sizes: 4k

vm_info: OpenJDK 64-Bit Server VM (23.0.1+11) for linux-amd64 JRE (23.0.1+11), built on 2024-10-15T00:00:00Z with gcc 11.3.0

END.
