#
# A fatal error has been detected by the Java Runtime Environment:
#
#  SIGSEGV (0xb) at pc=0x0000000000000000, pid=69705, tid=69707
#
# JRE version: OpenJDK Runtime Environment Temurin-23.0.1+11 (23.0.1+11) (build 23.0.1+11)
# Java VM: OpenJDK 64-Bit Server VM Temurin-23.0.1+11 (23.0.1+11, mixed mode, sharing, tiered, compressed oops, compressed class ptrs, g1 gc, linux-amd64)
# Problematic frame:
# C  [5155673739508388805.so+0x64694]  rlUnloadRenderBatch+0x2e
#
# Core dump will be written. Default location: Core dumps may be processed with "/usr/lib/systemd/systemd-coredump %P %u %g %s %t %c %h" (or dumping to /home/alniarez/Documents/GitHub/java-videogame-dev/raylib-game-gradle/core.69705)
#
# If you would like to submit a bug report, please visit:
#   https://github.com/adoptium/adoptium-support/issues
# The crash happened outside the Java Virtual Machine in native code.
# See problematic frame for where to report the bug.
#

---------------  S U M M A R Y ------------

Command Line: --enable-native-access=ALL-UNNAMED --enable-preview -Dfile.encoding=UTF-8 -Duser.country=US -Duser.language=en -Duser.variant de.alniarez.Main

Host: AMD Ryzen 9 7900X 12-Core Processor, 24 cores, 61G, Arch Linux
Time: Fri Nov 22 17:32:38 2024 CET elapsed time: 0.099236 seconds (0d 0h 0m 0s)

---------------  T H R E A D  ---------------

Current thread (0x000073b82002aa60):  JavaThread "main"             [_thread_in_native, id=69707, stack(0x000073b824211000,0x000073b824311000) (1024K)]

Stack: [0x000073b824211000,0x000073b824311000],  sp=0x000073b82430f3c0,  free space=1016k
Native frames: (J=compiled Java code, j=interpreted, Vv=VM code, C=native code)
C  [5155673739508388805.so+0x64694]  rlUnloadRenderBatch+0x2e
Java frames: (J=compiled Java code, j=interpreted, Vv=VM code)
v  ~RuntimeStub::nep_invoker_blob 0x000073b80fae41e4
j  java.lang.invoke.LambdaForm$MH+0x000073b793080c00.invoke(Ljava/lang/Object;J)V+7 java.base@23.0.1
j  java.lang.invoke.LambdaForm$MH+0x000073b793083000.invokeExact_MT(Ljava/lang/Object;JLjava/lang/Object;)V+19 java.base@23.0.1
j  jdk.internal.foreign.abi.DowncallStub+0x000073b793081000.invoke(Ljava/lang/foreign/SegmentAllocator;Ljava/lang/foreign/MemorySegment;)V+39 java.base@23.0.1
j  java.lang.invoke.LambdaForm$DMH+0x000073b793081400.invokeStaticInit(Ljava/lang/Object;Ljava/lang/Object;Ljava/lang/Object;)V+11 java.base@23.0.1
j  java.lang.invoke.LambdaForm$MH+0x000073b793082400.invoke(Ljava/lang/Object;)V+41 java.base@23.0.1
j  java.lang.invoke.LambdaForm$MH+0x000073b793082800.invokeExact_MT(Ljava/lang/Object;Ljava/lang/Object;)V+18 java.base@23.0.1
j  com.raylib.jextract.raylib_h_1.CloseWindow()V+20
j  com.raylib.Raylib.closeWindow()V+0
j  de.alniarez.day2.Game.stop()V+27
j  de.alniarez.day2.Game.renderingLoop()V+53
j  de.alniarez.day2.Game.start()V+32
j  de.alniarez.Main.main([Ljava/lang/String;)V+7
v  ~StubRoutines::call_stub 0x000073b80f85fc86

siginfo: si_signo: 11 (SIGSEGV), si_code: 1 (SEGV_MAPERR), si_addr: 0x0000000000000000

Registers:
RAX=0x0000000000000000, RBX=0x000073b7eb1fa408, RCX=0xfffffffffffffff4, RDX=0x000000045e23a338
RSP=0x000073b82430f3b8, RBP=0x0000000000000000, RSI=0x0000000000000000, RDI=0x0000000000008892
R8 =0x000073b7882765b0, R9 =0x0000000000000002, R10=0x0000000000000000, R11=0x000073b7eb06e666
R12=0x0000000000000000, R13=0x000073b82430f488, R14=0x000073b82430f510, R15=0x0000000000000000
RIP=0x0000000000000000, EFLAGS=0x0000000000010206, CSGSFS=0x002b000000000033, ERR=0x0000000000000014
  TRAPNO=0x000000000000000e


Register to memory mapping:

RAX=0x0 is null
RBX=0x000073b7eb1fa408: glad_glBindBuffer+0x0000000000000000 in /tmp/5155673739508388805.so at 0x000073b7eb00a000
RCX=0xfffffffffffffff4 is an unknown value
RDX=0x000000045e23a338 is an oop: jdk.internal.foreign.abi.NativeEntryPoint 
{0x000000045e23a338} - klass: 'jdk/internal/foreign/abi/NativeEntryPoint'
 - ---- fields (total size 3 words):
 - private final 'methodType' 'Ljava/lang/invoke/MethodType;' @12  a 'java/lang/invoke/MethodType'{0x000000045e0affc8} = (J)V (0x8bc15ff9)
 - private final 'downcallStubAddress' 'J' @16  127234374255072 (0x000073b80fae41e0)
RSP=0x000073b82430f3b8 is pointing into the stack for thread: 0x000073b82002aa60
RBP=0x0 is null
RSI=0x0 is null
RDI=0x0000000000008892 is an unknown value
R8 ={method} {0x000073b7882765b0} 'linkToNative' '(JLjava/lang/Object;)V' in 'java/lang/invoke/MethodHandle'
R9 =0x0000000000000002 is an unknown value
R10=0x0 is null
R11=0x000073b7eb06e666: rlUnloadRenderBatch+0x0000000000000000 in /tmp/5155673739508388805.so at 0x000073b7eb00a000
R12=0x0 is null
R13=0x000073b82430f488 is pointing into the stack for thread: 0x000073b82002aa60
R14=0x000073b82430f510 is pointing into the stack for thread: 0x000073b82002aa60
R15=0x0 is null

Top of Stack: (sp=0x000073b82430f3b8)
0x000073b82430f3b8:   000073b7eb06e694 0000730000000000
0x000073b82430f3c8:   000073b7882765b0 000073b82430f470
0x000073b82430f3d8:   0000000000000000 000073b82430f488
0x000073b82430f3e8:   000073b82430f510 000073b82002aa60
0x000073b82430f3f8:   000073b7eb06e7df 0000000000000000
0x000073b82430f408:   0000000000000000 0000000000000000
0x000073b82430f418:   0000000000000000 000073b7882765b0
0x000073b82430f428:   000073b7eb07d00c 0000000000000000
0x000073b82430f438:   000073b78854e24f 000073b82430f510
0x000073b82430f448:   000073b82002aa60 000073b82430f470
0x000073b82430f458:   7ab3c4689bdef700 00000000000000b8
0x000073b82430f468:   000073b80fae4217 000073b82430f4e8
0x000073b82430f478:   000073b80f867020 000073b80f867020
0x000073b82430f488:   000000045e23a338 000073b7eb07cfde
0x000073b82430f498:   0000000000000000 fffffffffffffff7
0x000073b82430f4a8:   000073b78854e24f 0000000000000005
0x000073b82430f4b8:   000073b78854e3f8 0000000000000000
0x000073b82430f4c8:   000000045e23ce78 000073b78854e260
0x000073b82430f4d8:   fffffffffffffff4 000073b82430f500
0x000073b82430f4e8:   000073b82430f560 000073b80f867020
0x000073b82430f4f8:   000000045e23a338 000073b7eb07cfde
0x000073b82430f508:   0000000000000000 000000045e23cfa0
0x000073b82430f518:   fffffffffffffff7 000073b788552a9b
0x000073b82430f528:   0000000000000005 000073b788552c58
0x000073b82430f538:   0000000000000000 000000045e2617d8
0x000073b82430f548:   000073b788552aa8 fffffffffffffff4
0x000073b82430f558:   000073b82430f570 000073b82430f5d8
0x000073b82430f568:   000073b80f867020 000000045e0affc8
0x000073b82430f578:   000073b7eb07cfde 0000000000000000
0x000073b82430f588:   000000045e23cfa0 fffffffffffffff7
0x000073b82430f598:   000073b78854eb87 0000000000000007
0x000073b82430f5a8:   000073b78854ed58 0000000000000000 

Instructions: (pc=0x000073b7eb06e694)
0x000073b7eb06e594:   02 07 00 00 00 c7 42 04 00 00 00 00 c7 42 08 00
0x000073b7eb06e5a4:   00 00 00 89 72 0c 48 83 c2 10 48 39 ca 75 e0 48
0x000073b7eb06e5b4:   8b 4c 24 50 8b 5c 24 68 89 19 c7 41 04 00 00 00
0x000073b7eb06e5c4:   00 48 8b 5c 24 58 48 89 59 08 48 89 41 10 c7 41
0x000073b7eb06e5d4:   18 01 00 00 00 c7 41 1c 00 00 80 bf 48 89 c8 48
0x000073b7eb06e5e4:   83 c4 78 5b 5d 41 5c 41 5d 41 5e 41 5f c3 48 8d
0x000073b7eb06e5f4:   35 97 12 11 00 bf 03 00 00 00 b8 00 00 00 00 e8
0x000073b7eb06e604:   a8 db fe ff 48 63 44 24 6c 48 c1 e0 02 48 89 44
0x000073b7eb06e614:   24 10 48 63 44 24 08 48 c1 e0 02 48 89 44 24 08
0x000073b7eb06e624:   44 89 f8 c1 e0 04 48 98 48 89 44 24 18 43 8d 04
0x000073b7eb06e634:   7f 01 c0 48 98 48 c1 e0 02 48 89 44 24 20 48 8b
0x000073b7eb06e644:   44 24 58 48 8d 58 2c 48 8b 4c 24 60 48 8d 44 08
0x000073b7eb06e654:   6c 48 89 44 24 28 4c 8d 35 1f 12 19 00 e9 9f fe
0x000073b7eb06e664:   ff ff f3 0f 1e fa 41 57 41 56 41 55 41 54 55 53
0x000073b7eb06e674:   48 83 ec 08 8b 6c 24 40 4c 8b 7c 24 48 48 8b 1d
0x000073b7eb06e684:   98 1b 18 00 be 00 00 00 00 bf 92 88 00 00 ff 13
0x000073b7eb06e694:   be 00 00 00 00 bf 93 88 00 00 ff 13 85 ed 0f 8e
0x000073b7eb06e6a4:   f4 00 00 00 49 8d 5f 2c 8d 45 ff 48 c1 e0 06 4d
0x000073b7eb06e6b4:   8d 74 07 6c 4c 8d 2d c1 11 19 00 eb 31 48 8b 7d
0x000073b7eb06e6c4:   dc e8 06 e8 fe ff 48 8b 7d e4 e8 fd e7 fe ff 48
0x000073b7eb06e6d4:   8b 7d ec e8 f4 e7 fe ff 48 8b 7d f4 e8 eb e7 fe
0x000073b7eb06e6e4:   ff 48 83 c3 40 4c 39 f3 0f 84 aa 00 00 00 41 80
0x000073b7eb06e6f4:   bd 88 0a 00 00 00 74 3e 8b 7b fc 4c 8b 25 5a 19
0x000073b7eb06e704:   18 00 41 ff 14 24 48 8b 2d f7 2b 18 00 bf 00 00
0x000073b7eb06e714:   00 00 ff 55 00 bf 01 00 00 00 ff 55 00 bf 02 00
0x000073b7eb06e724:   00 00 ff 55 00 bf 03 00 00 00 ff 55 00 bf 00 00
0x000073b7eb06e734:   00 00 41 ff 14 24 48 89 dd 4c 8b 25 84 19 18 00
0x000073b7eb06e744:   48 89 de bf 01 00 00 00 41 ff 14 24 48 8d 73 04
0x000073b7eb06e754:   bf 01 00 00 00 41 ff 14 24 48 8d 73 08 bf 01 00
0x000073b7eb06e764:   00 00 41 ff 14 24 48 8d 73 0c bf 01 00 00 00 41
0x000073b7eb06e774:   ff 14 24 41 80 bd 88 0a 00 00 00 0f 84 3c ff ff
0x000073b7eb06e784:   ff 48 8d 73 fc bf 01 00 00 00 48 8b 05 8b 2b 18 


Stack slot to memory mapping:

stack at sp + 0 slots: 0x0000730000000000 is an unknown value
stack at sp + 1 slots: {method} {0x000073b7882765b0} 'linkToNative' '(JLjava/lang/Object;)V' in 'java/lang/invoke/MethodHandle'
stack at sp + 2 slots: 0x000073b82430f470 is pointing into the stack for thread: 0x000073b82002aa60
stack at sp + 3 slots: 0x0 is null
stack at sp + 4 slots: 0x000073b82430f488 is pointing into the stack for thread: 0x000073b82002aa60
stack at sp + 5 slots: 0x000073b82430f510 is pointing into the stack for thread: 0x000073b82002aa60
stack at sp + 6 slots: 0x000073b82002aa60 is a thread
stack at sp + 7 slots: 0x000073b7eb06e7df: rlglClose+0x0000000000000022 in /tmp/5155673739508388805.so at 0x000073b7eb00a000

Lock stack of current Java thread (top to bottom):

--------------------------------------------------------------------------------
Decoding CodeBlob, name: nep_invoker_blob, at  [0x000073b80fae41e0, 0x000073b80fae42c0]  224 bytes
[MachCode]
  0x000073b80fae41e0: 5548 8bec | c5f8 7749 | 89af b003 | 0000 49ba | e441 ae0f | b873 0000 | 4d89 97a8 | 0300 0049 
  0x000073b80fae4200: 89a7 a003 | 0000 41c7 | 8744 0400 | 0004 0000 | 004c 8bd6 | 41ff d2c5 | f877 41c7 | 8744 0400 
  0x000073b80fae4220: 0005 0000 | 00f0 8344 | 24c0 0049 | 3baf 4804 | 0000 0f87 | 4d00 0000 | 4183 bf40 | 0400 0000 
  0x000073b80fae4240: 0f85 3f00 | 0000 41c7 | 8744 0400 | 0008 0000 | 0041 83bf | c804 0000 | 020f 8444 | 0000 0049 
  0x000073b80fae4260: c787 a003 | 0000 0000 | 0000 49c7 | 87b0 0300 | 0000 0000 | 0049 c787 | a803 0000 | 0000 0000 
  0x000073b80fae4280: c5f8 77c9 | c349 8bff | c5f8 774c | 8be4 4883 | ec00 4883 | e4f0 e825 | de22 1549 | 8be4 4d33 
  0x000073b80fae42a0: e4eb a3c5 | f877 4c8b | e448 83ec | 0048 83e4 | f0e8 4a55 | 6d15 498b | e44d 33e4 | eba1 f4f4 
[/MachCode]
--------------------------------------------------------------------------------


---------------  P R O C E S S  ---------------

Threads class SMR info:
_java_thread_list=0x000073b7400025c0, length=12, elements={
0x000073b82002aa60, 0x000073b82015bdd0, 0x000073b82015d340, 0x000073b82015eb50,
0x000073b820160190, 0x000073b820161730, 0x000073b8201632d0, 0x000073b8201649e0,
0x000073b75804d730, 0x000073b82019db50, 0x000073b8201a05e0, 0x000073b7580516a0
}

Java Threads: ( => current thread )
=>0x000073b82002aa60 JavaThread "main"                              [_thread_in_native, id=69707, stack(0x000073b824211000,0x000073b824311000) (1024K)]
  0x000073b82015bdd0 JavaThread "Reference Handler"          daemon [_thread_blocked, id=69718, stack(0x000073b7f010f000,0x000073b7f020f000) (1024K)]
  0x000073b82015d340 JavaThread "Finalizer"                  daemon [_thread_blocked, id=69719, stack(0x000073b7f000e000,0x000073b7f010e000) (1024K)]
  0x000073b82015eb50 JavaThread "Signal Dispatcher"          daemon [_thread_blocked, id=69720, stack(0x000073b7ebf00000,0x000073b7ec000000) (1024K)]
  0x000073b820160190 JavaThread "Service Thread"             daemon [_thread_blocked, id=69721, stack(0x000073b7ebb00000,0x000073b7ebc00000) (1024K)]
  0x000073b820161730 JavaThread "Monitor Deflation Thread"   daemon [_thread_blocked, id=69722, stack(0x000073b7eb9ff000,0x000073b7ebaff000) (1024K)]
  0x000073b8201632d0 JavaThread "C2 CompilerThread0"         daemon [_thread_blocked, id=69723, stack(0x000073b7eb8fe000,0x000073b7eb9fe000) (1024K)]
  0x000073b8201649e0 JavaThread "C1 CompilerThread0"         daemon [_thread_blocked, id=69724, stack(0x000073b7eb7fd000,0x000073b7eb8fd000) (1024K)]
  0x000073b75804d730 JavaThread "C1 CompilerThread1"         daemon [_thread_blocked, id=69727, stack(0x000073b7eb62c000,0x000073b7eb72c000) (1024K)]
  0x000073b82019db50 JavaThread "Notification Thread"        daemon [_thread_blocked, id=69728, stack(0x000073b7eb52b000,0x000073b7eb62b000) (1024K)]
  0x000073b8201a05e0 JavaThread "Common-Cleaner"             daemon [_thread_blocked, id=69729, stack(0x000073b7eb42a000,0x000073b7eb52a000) (1024K)]
  0x000073b7580516a0 JavaThread "C1 CompilerThread2"         daemon [_thread_blocked, id=69731, stack(0x000073b7eb228000,0x000073b7eb328000) (1024K)]
Total: 12

Other Threads:
  0x000073b8201510f0 VMThread "VM Thread"                           [id=69717, stack(0x000073b7f0210000,0x000073b7f0310000) (1024K)]
  0x000073b82013ec50 WatcherThread "VM Periodic Task Thread"        [id=69715, stack(0x000073b7f0311000,0x000073b7f0411000) (1024K)]
  0x000073b820058cc0 WorkerThread "GC Thread#0"                     [id=69710, stack(0x000073b7f3b43000,0x000073b7f3c43000) (1024K)]
  0x000073b82006d940 ConcurrentGCThread "G1 Main Marker"            [id=69711, stack(0x000073b7f3a42000,0x000073b7f3b42000) (1024K)]
  0x000073b82006e910 WorkerThread "G1 Conc#0"                       [id=69712, stack(0x000073b7f3941000,0x000073b7f3a41000) (1024K)]
  0x000073b82012bde0 ConcurrentGCThread "G1 Refine#0"               [id=69713, stack(0x000073b7f05ef000,0x000073b7f06ef000) (1024K)]
  0x000073b82012cda0 ConcurrentGCThread "G1 Service"                [id=69714, stack(0x000073b7f04ee000,0x000073b7f05ee000) (1024K)]
Total: 7

Threads with active compile tasks:
Total: 0

VM state: not at safepoint (normal execution)

VM Mutex/Monitor currently owned by a thread: None

Heap address: 0x0000000421000000, size: 15856 MB, Compressed Oops mode: Zero based, Oop shift amount: 3

CDS archive(s) mapped at: [0x000073b792000000-0x000073b792d97000-0x000073b792d97000), size 14249984, SharedBaseAddress: 0x000073b792000000, ArchiveRelocationMode: 1.
Compressed class space mapped at: 0x000073b793000000-0x000073b7d3000000, reserved size: 1073741824
Narrow klass base: 0x000073b792000000, Narrow klass shift: 0, Narrow klass range: 0x100000000

GC Precious Log:
 CardTable entry size: 512
 Card Set container configuration: InlinePtr #cards 4 size 8 Array Of Cards #cards 64 size 144 Howl #buckets 8 coarsen threshold 14745 Howl Bitmap #cards 2048 size 272 coarsen threshold 1843 Card regions per heap region 1 cards per card region 16384
 CPUs: 24 total, 24 available
 Memory: 63402M
 Large Page Support: Disabled
 NUMA Support: Disabled
 Compressed Oops: Enabled (Zero based)
 Heap Region Size: 8M
 Heap Min Capacity: 8M
 Heap Initial Capacity: 992M
 Heap Max Capacity: 15856M
 Pre-touch: Disabled
 Parallel Workers: 18
 Concurrent Workers: 5
 Concurrent Refinement Workers: 18
 Periodic GC: Disabled

Heap:
 garbage-first heap   total reserved 16236544K, committed 1024000K, used 9348K [0x0000000421000000, 0x0000000800000000)
  region size 8192K, 2 young (16384K), 0 survivors (0K)
 Metaspace       used 4171K, committed 4480K, reserved 1114112K
  class space    used 392K, committed 512K, reserved 1048576K

Heap Regions: E=young(eden), S=young(survivor), O=old, HS=humongous(starts), HC=humongous(continues), CS=collection set, F=free, TAMS=top-at-mark-start, PB=parsable bottom
|   0|0x0000000421000000, 0x0000000421000000, 0x0000000421800000|  0%| F|  |TAMS 0x0000000421000000| PB 0x0000000421000000| Untracked |  0
|   1|0x0000000421800000, 0x0000000421800000, 0x0000000422000000|  0%| F|  |TAMS 0x0000000421800000| PB 0x0000000421800000| Untracked |  0
|   2|0x0000000422000000, 0x0000000422000000, 0x0000000422800000|  0%| F|  |TAMS 0x0000000422000000| PB 0x0000000422000000| Untracked |  0
|   3|0x0000000422800000, 0x0000000422800000, 0x0000000423000000|  0%| F|  |TAMS 0x0000000422800000| PB 0x0000000422800000| Untracked |  0
|   4|0x0000000423000000, 0x0000000423000000, 0x0000000423800000|  0%| F|  |TAMS 0x0000000423000000| PB 0x0000000423000000| Untracked |  0
|   5|0x0000000423800000, 0x0000000423800000, 0x0000000424000000|  0%| F|  |TAMS 0x0000000423800000| PB 0x0000000423800000| Untracked |  0
|   6|0x0000000424000000, 0x0000000424000000, 0x0000000424800000|  0%| F|  |TAMS 0x0000000424000000| PB 0x0000000424000000| Untracked |  0
|   7|0x0000000424800000, 0x0000000424800000, 0x0000000425000000|  0%| F|  |TAMS 0x0000000424800000| PB 0x0000000424800000| Untracked |  0
|   8|0x0000000425000000, 0x0000000425000000, 0x0000000425800000|  0%| F|  |TAMS 0x0000000425000000| PB 0x0000000425000000| Untracked |  0
|   9|0x0000000425800000, 0x0000000425800000, 0x0000000426000000|  0%| F|  |TAMS 0x0000000425800000| PB 0x0000000425800000| Untracked |  0
|  10|0x0000000426000000, 0x0000000426000000, 0x0000000426800000|  0%| F|  |TAMS 0x0000000426000000| PB 0x0000000426000000| Untracked |  0
|  11|0x0000000426800000, 0x0000000426800000, 0x0000000427000000|  0%| F|  |TAMS 0x0000000426800000| PB 0x0000000426800000| Untracked |  0
|  12|0x0000000427000000, 0x0000000427000000, 0x0000000427800000|  0%| F|  |TAMS 0x0000000427000000| PB 0x0000000427000000| Untracked |  0
|  13|0x0000000427800000, 0x0000000427800000, 0x0000000428000000|  0%| F|  |TAMS 0x0000000427800000| PB 0x0000000427800000| Untracked |  0
|  14|0x0000000428000000, 0x0000000428000000, 0x0000000428800000|  0%| F|  |TAMS 0x0000000428000000| PB 0x0000000428000000| Untracked |  0
|  15|0x0000000428800000, 0x0000000428800000, 0x0000000429000000|  0%| F|  |TAMS 0x0000000428800000| PB 0x0000000428800000| Untracked |  0
|  16|0x0000000429000000, 0x0000000429000000, 0x0000000429800000|  0%| F|  |TAMS 0x0000000429000000| PB 0x0000000429000000| Untracked |  0
|  17|0x0000000429800000, 0x0000000429800000, 0x000000042a000000|  0%| F|  |TAMS 0x0000000429800000| PB 0x0000000429800000| Untracked |  0
|  18|0x000000042a000000, 0x000000042a000000, 0x000000042a800000|  0%| F|  |TAMS 0x000000042a000000| PB 0x000000042a000000| Untracked |  0
|  19|0x000000042a800000, 0x000000042a800000, 0x000000042b000000|  0%| F|  |TAMS 0x000000042a800000| PB 0x000000042a800000| Untracked |  0
|  20|0x000000042b000000, 0x000000042b000000, 0x000000042b800000|  0%| F|  |TAMS 0x000000042b000000| PB 0x000000042b000000| Untracked |  0
|  21|0x000000042b800000, 0x000000042b800000, 0x000000042c000000|  0%| F|  |TAMS 0x000000042b800000| PB 0x000000042b800000| Untracked |  0
|  22|0x000000042c000000, 0x000000042c000000, 0x000000042c800000|  0%| F|  |TAMS 0x000000042c000000| PB 0x000000042c000000| Untracked |  0
|  23|0x000000042c800000, 0x000000042c800000, 0x000000042d000000|  0%| F|  |TAMS 0x000000042c800000| PB 0x000000042c800000| Untracked |  0
|  24|0x000000042d000000, 0x000000042d000000, 0x000000042d800000|  0%| F|  |TAMS 0x000000042d000000| PB 0x000000042d000000| Untracked |  0
|  25|0x000000042d800000, 0x000000042d800000, 0x000000042e000000|  0%| F|  |TAMS 0x000000042d800000| PB 0x000000042d800000| Untracked |  0
|  26|0x000000042e000000, 0x000000042e000000, 0x000000042e800000|  0%| F|  |TAMS 0x000000042e000000| PB 0x000000042e000000| Untracked |  0
|  27|0x000000042e800000, 0x000000042e800000, 0x000000042f000000|  0%| F|  |TAMS 0x000000042e800000| PB 0x000000042e800000| Untracked |  0
|  28|0x000000042f000000, 0x000000042f000000, 0x000000042f800000|  0%| F|  |TAMS 0x000000042f000000| PB 0x000000042f000000| Untracked |  0
|  29|0x000000042f800000, 0x000000042f800000, 0x0000000430000000|  0%| F|  |TAMS 0x000000042f800000| PB 0x000000042f800000| Untracked |  0
|  30|0x0000000430000000, 0x0000000430000000, 0x0000000430800000|  0%| F|  |TAMS 0x0000000430000000| PB 0x0000000430000000| Untracked |  0
|  31|0x0000000430800000, 0x0000000430800000, 0x0000000431000000|  0%| F|  |TAMS 0x0000000430800000| PB 0x0000000430800000| Untracked |  0
|  32|0x0000000431000000, 0x0000000431000000, 0x0000000431800000|  0%| F|  |TAMS 0x0000000431000000| PB 0x0000000431000000| Untracked |  0
|  33|0x0000000431800000, 0x0000000431800000, 0x0000000432000000|  0%| F|  |TAMS 0x0000000431800000| PB 0x0000000431800000| Untracked |  0
|  34|0x0000000432000000, 0x0000000432000000, 0x0000000432800000|  0%| F|  |TAMS 0x0000000432000000| PB 0x0000000432000000| Untracked |  0
|  35|0x0000000432800000, 0x0000000432800000, 0x0000000433000000|  0%| F|  |TAMS 0x0000000432800000| PB 0x0000000432800000| Untracked |  0
|  36|0x0000000433000000, 0x0000000433000000, 0x0000000433800000|  0%| F|  |TAMS 0x0000000433000000| PB 0x0000000433000000| Untracked |  0
|  37|0x0000000433800000, 0x0000000433800000, 0x0000000434000000|  0%| F|  |TAMS 0x0000000433800000| PB 0x0000000433800000| Untracked |  0
|  38|0x0000000434000000, 0x0000000434000000, 0x0000000434800000|  0%| F|  |TAMS 0x0000000434000000| PB 0x0000000434000000| Untracked |  0
|  39|0x0000000434800000, 0x0000000434800000, 0x0000000435000000|  0%| F|  |TAMS 0x0000000434800000| PB 0x0000000434800000| Untracked |  0
|  40|0x0000000435000000, 0x0000000435000000, 0x0000000435800000|  0%| F|  |TAMS 0x0000000435000000| PB 0x0000000435000000| Untracked |  0
|  41|0x0000000435800000, 0x0000000435800000, 0x0000000436000000|  0%| F|  |TAMS 0x0000000435800000| PB 0x0000000435800000| Untracked |  0
|  42|0x0000000436000000, 0x0000000436000000, 0x0000000436800000|  0%| F|  |TAMS 0x0000000436000000| PB 0x0000000436000000| Untracked |  0
|  43|0x0000000436800000, 0x0000000436800000, 0x0000000437000000|  0%| F|  |TAMS 0x0000000436800000| PB 0x0000000436800000| Untracked |  0
|  44|0x0000000437000000, 0x0000000437000000, 0x0000000437800000|  0%| F|  |TAMS 0x0000000437000000| PB 0x0000000437000000| Untracked |  0
|  45|0x0000000437800000, 0x0000000437800000, 0x0000000438000000|  0%| F|  |TAMS 0x0000000437800000| PB 0x0000000437800000| Untracked |  0
|  46|0x0000000438000000, 0x0000000438000000, 0x0000000438800000|  0%| F|  |TAMS 0x0000000438000000| PB 0x0000000438000000| Untracked |  0
|  47|0x0000000438800000, 0x0000000438800000, 0x0000000439000000|  0%| F|  |TAMS 0x0000000438800000| PB 0x0000000438800000| Untracked |  0
|  48|0x0000000439000000, 0x0000000439000000, 0x0000000439800000|  0%| F|  |TAMS 0x0000000439000000| PB 0x0000000439000000| Untracked |  0
|  49|0x0000000439800000, 0x0000000439800000, 0x000000043a000000|  0%| F|  |TAMS 0x0000000439800000| PB 0x0000000439800000| Untracked |  0
|  50|0x000000043a000000, 0x000000043a000000, 0x000000043a800000|  0%| F|  |TAMS 0x000000043a000000| PB 0x000000043a000000| Untracked |  0
|  51|0x000000043a800000, 0x000000043a800000, 0x000000043b000000|  0%| F|  |TAMS 0x000000043a800000| PB 0x000000043a800000| Untracked |  0
|  52|0x000000043b000000, 0x000000043b000000, 0x000000043b800000|  0%| F|  |TAMS 0x000000043b000000| PB 0x000000043b000000| Untracked |  0
|  53|0x000000043b800000, 0x000000043b800000, 0x000000043c000000|  0%| F|  |TAMS 0x000000043b800000| PB 0x000000043b800000| Untracked |  0
|  54|0x000000043c000000, 0x000000043c000000, 0x000000043c800000|  0%| F|  |TAMS 0x000000043c000000| PB 0x000000043c000000| Untracked |  0
|  55|0x000000043c800000, 0x000000043c800000, 0x000000043d000000|  0%| F|  |TAMS 0x000000043c800000| PB 0x000000043c800000| Untracked |  0
|  56|0x000000043d000000, 0x000000043d000000, 0x000000043d800000|  0%| F|  |TAMS 0x000000043d000000| PB 0x000000043d000000| Untracked |  0
|  57|0x000000043d800000, 0x000000043d800000, 0x000000043e000000|  0%| F|  |TAMS 0x000000043d800000| PB 0x000000043d800000| Untracked |  0
|  58|0x000000043e000000, 0x000000043e000000, 0x000000043e800000|  0%| F|  |TAMS 0x000000043e000000| PB 0x000000043e000000| Untracked |  0
|  59|0x000000043e800000, 0x000000043e800000, 0x000000043f000000|  0%| F|  |TAMS 0x000000043e800000| PB 0x000000043e800000| Untracked |  0
|  60|0x000000043f000000, 0x000000043f000000, 0x000000043f800000|  0%| F|  |TAMS 0x000000043f000000| PB 0x000000043f000000| Untracked |  0
|  61|0x000000043f800000, 0x000000043f800000, 0x0000000440000000|  0%| F|  |TAMS 0x000000043f800000| PB 0x000000043f800000| Untracked |  0
|  62|0x0000000440000000, 0x0000000440000000, 0x0000000440800000|  0%| F|  |TAMS 0x0000000440000000| PB 0x0000000440000000| Untracked |  0
|  63|0x0000000440800000, 0x0000000440800000, 0x0000000441000000|  0%| F|  |TAMS 0x0000000440800000| PB 0x0000000440800000| Untracked |  0
|  64|0x0000000441000000, 0x0000000441000000, 0x0000000441800000|  0%| F|  |TAMS 0x0000000441000000| PB 0x0000000441000000| Untracked |  0
|  65|0x0000000441800000, 0x0000000441800000, 0x0000000442000000|  0%| F|  |TAMS 0x0000000441800000| PB 0x0000000441800000| Untracked |  0
|  66|0x0000000442000000, 0x0000000442000000, 0x0000000442800000|  0%| F|  |TAMS 0x0000000442000000| PB 0x0000000442000000| Untracked |  0
|  67|0x0000000442800000, 0x0000000442800000, 0x0000000443000000|  0%| F|  |TAMS 0x0000000442800000| PB 0x0000000442800000| Untracked |  0
|  68|0x0000000443000000, 0x0000000443000000, 0x0000000443800000|  0%| F|  |TAMS 0x0000000443000000| PB 0x0000000443000000| Untracked |  0
|  69|0x0000000443800000, 0x0000000443800000, 0x0000000444000000|  0%| F|  |TAMS 0x0000000443800000| PB 0x0000000443800000| Untracked |  0
|  70|0x0000000444000000, 0x0000000444000000, 0x0000000444800000|  0%| F|  |TAMS 0x0000000444000000| PB 0x0000000444000000| Untracked |  0
|  71|0x0000000444800000, 0x0000000444800000, 0x0000000445000000|  0%| F|  |TAMS 0x0000000444800000| PB 0x0000000444800000| Untracked |  0
|  72|0x0000000445000000, 0x0000000445000000, 0x0000000445800000|  0%| F|  |TAMS 0x0000000445000000| PB 0x0000000445000000| Untracked |  0
|  73|0x0000000445800000, 0x0000000445800000, 0x0000000446000000|  0%| F|  |TAMS 0x0000000445800000| PB 0x0000000445800000| Untracked |  0
|  74|0x0000000446000000, 0x0000000446000000, 0x0000000446800000|  0%| F|  |TAMS 0x0000000446000000| PB 0x0000000446000000| Untracked |  0
|  75|0x0000000446800000, 0x0000000446800000, 0x0000000447000000|  0%| F|  |TAMS 0x0000000446800000| PB 0x0000000446800000| Untracked |  0
|  76|0x0000000447000000, 0x0000000447000000, 0x0000000447800000|  0%| F|  |TAMS 0x0000000447000000| PB 0x0000000447000000| Untracked |  0
|  77|0x0000000447800000, 0x0000000447800000, 0x0000000448000000|  0%| F|  |TAMS 0x0000000447800000| PB 0x0000000447800000| Untracked |  0
|  78|0x0000000448000000, 0x0000000448000000, 0x0000000448800000|  0%| F|  |TAMS 0x0000000448000000| PB 0x0000000448000000| Untracked |  0
|  79|0x0000000448800000, 0x0000000448800000, 0x0000000449000000|  0%| F|  |TAMS 0x0000000448800000| PB 0x0000000448800000| Untracked |  0
|  80|0x0000000449000000, 0x0000000449000000, 0x0000000449800000|  0%| F|  |TAMS 0x0000000449000000| PB 0x0000000449000000| Untracked |  0
|  81|0x0000000449800000, 0x0000000449800000, 0x000000044a000000|  0%| F|  |TAMS 0x0000000449800000| PB 0x0000000449800000| Untracked |  0
|  82|0x000000044a000000, 0x000000044a000000, 0x000000044a800000|  0%| F|  |TAMS 0x000000044a000000| PB 0x000000044a000000| Untracked |  0
|  83|0x000000044a800000, 0x000000044a800000, 0x000000044b000000|  0%| F|  |TAMS 0x000000044a800000| PB 0x000000044a800000| Untracked |  0
|  84|0x000000044b000000, 0x000000044b000000, 0x000000044b800000|  0%| F|  |TAMS 0x000000044b000000| PB 0x000000044b000000| Untracked |  0
|  85|0x000000044b800000, 0x000000044b800000, 0x000000044c000000|  0%| F|  |TAMS 0x000000044b800000| PB 0x000000044b800000| Untracked |  0
|  86|0x000000044c000000, 0x000000044c000000, 0x000000044c800000|  0%| F|  |TAMS 0x000000044c000000| PB 0x000000044c000000| Untracked |  0
|  87|0x000000044c800000, 0x000000044c800000, 0x000000044d000000|  0%| F|  |TAMS 0x000000044c800000| PB 0x000000044c800000| Untracked |  0
|  88|0x000000044d000000, 0x000000044d000000, 0x000000044d800000|  0%| F|  |TAMS 0x000000044d000000| PB 0x000000044d000000| Untracked |  0
|  89|0x000000044d800000, 0x000000044d800000, 0x000000044e000000|  0%| F|  |TAMS 0x000000044d800000| PB 0x000000044d800000| Untracked |  0
|  90|0x000000044e000000, 0x000000044e000000, 0x000000044e800000|  0%| F|  |TAMS 0x000000044e000000| PB 0x000000044e000000| Untracked |  0
|  91|0x000000044e800000, 0x000000044e800000, 0x000000044f000000|  0%| F|  |TAMS 0x000000044e800000| PB 0x000000044e800000| Untracked |  0
|  92|0x000000044f000000, 0x000000044f000000, 0x000000044f800000|  0%| F|  |TAMS 0x000000044f000000| PB 0x000000044f000000| Untracked |  0
|  93|0x000000044f800000, 0x000000044f800000, 0x0000000450000000|  0%| F|  |TAMS 0x000000044f800000| PB 0x000000044f800000| Untracked |  0
|  94|0x0000000450000000, 0x0000000450000000, 0x0000000450800000|  0%| F|  |TAMS 0x0000000450000000| PB 0x0000000450000000| Untracked |  0
|  95|0x0000000450800000, 0x0000000450800000, 0x0000000451000000|  0%| F|  |TAMS 0x0000000450800000| PB 0x0000000450800000| Untracked |  0
|  96|0x0000000451000000, 0x0000000451000000, 0x0000000451800000|  0%| F|  |TAMS 0x0000000451000000| PB 0x0000000451000000| Untracked |  0
|  97|0x0000000451800000, 0x0000000451800000, 0x0000000452000000|  0%| F|  |TAMS 0x0000000451800000| PB 0x0000000451800000| Untracked |  0
|  98|0x0000000452000000, 0x0000000452000000, 0x0000000452800000|  0%| F|  |TAMS 0x0000000452000000| PB 0x0000000452000000| Untracked |  0
|  99|0x0000000452800000, 0x0000000452800000, 0x0000000453000000|  0%| F|  |TAMS 0x0000000452800000| PB 0x0000000452800000| Untracked |  0
| 100|0x0000000453000000, 0x0000000453000000, 0x0000000453800000|  0%| F|  |TAMS 0x0000000453000000| PB 0x0000000453000000| Untracked |  0
| 101|0x0000000453800000, 0x0000000453800000, 0x0000000454000000|  0%| F|  |TAMS 0x0000000453800000| PB 0x0000000453800000| Untracked |  0
| 102|0x0000000454000000, 0x0000000454000000, 0x0000000454800000|  0%| F|  |TAMS 0x0000000454000000| PB 0x0000000454000000| Untracked |  0
| 103|0x0000000454800000, 0x0000000454800000, 0x0000000455000000|  0%| F|  |TAMS 0x0000000454800000| PB 0x0000000454800000| Untracked |  0
| 104|0x0000000455000000, 0x0000000455000000, 0x0000000455800000|  0%| F|  |TAMS 0x0000000455000000| PB 0x0000000455000000| Untracked |  0
| 105|0x0000000455800000, 0x0000000455800000, 0x0000000456000000|  0%| F|  |TAMS 0x0000000455800000| PB 0x0000000455800000| Untracked |  0
| 106|0x0000000456000000, 0x0000000456000000, 0x0000000456800000|  0%| F|  |TAMS 0x0000000456000000| PB 0x0000000456000000| Untracked |  0
| 107|0x0000000456800000, 0x0000000456800000, 0x0000000457000000|  0%| F|  |TAMS 0x0000000456800000| PB 0x0000000456800000| Untracked |  0
| 108|0x0000000457000000, 0x0000000457000000, 0x0000000457800000|  0%| F|  |TAMS 0x0000000457000000| PB 0x0000000457000000| Untracked |  0
| 109|0x0000000457800000, 0x0000000457800000, 0x0000000458000000|  0%| F|  |TAMS 0x0000000457800000| PB 0x0000000457800000| Untracked |  0
| 110|0x0000000458000000, 0x0000000458000000, 0x0000000458800000|  0%| F|  |TAMS 0x0000000458000000| PB 0x0000000458000000| Untracked |  0
| 111|0x0000000458800000, 0x0000000458800000, 0x0000000459000000|  0%| F|  |TAMS 0x0000000458800000| PB 0x0000000458800000| Untracked |  0
| 112|0x0000000459000000, 0x0000000459000000, 0x0000000459800000|  0%| F|  |TAMS 0x0000000459000000| PB 0x0000000459000000| Untracked |  0
| 113|0x0000000459800000, 0x0000000459800000, 0x000000045a000000|  0%| F|  |TAMS 0x0000000459800000| PB 0x0000000459800000| Untracked |  0
| 114|0x000000045a000000, 0x000000045a000000, 0x000000045a800000|  0%| F|  |TAMS 0x000000045a000000| PB 0x000000045a000000| Untracked |  0
| 115|0x000000045a800000, 0x000000045a800000, 0x000000045b000000|  0%| F|  |TAMS 0x000000045a800000| PB 0x000000045a800000| Untracked |  0
| 116|0x000000045b000000, 0x000000045b000000, 0x000000045b800000|  0%| F|  |TAMS 0x000000045b000000| PB 0x000000045b000000| Untracked |  0
| 117|0x000000045b800000, 0x000000045b800000, 0x000000045c000000|  0%| F|  |TAMS 0x000000045b800000| PB 0x000000045b800000| Untracked |  0
| 118|0x000000045c000000, 0x000000045c000000, 0x000000045c800000|  0%| F|  |TAMS 0x000000045c000000| PB 0x000000045c000000| Untracked |  0
| 119|0x000000045c800000, 0x000000045c800000, 0x000000045d000000|  0%| F|  |TAMS 0x000000045c800000| PB 0x000000045c800000| Untracked |  0
| 120|0x000000045d000000, 0x000000045d000000, 0x000000045d800000|  0%| F|  |TAMS 0x000000045d000000| PB 0x000000045d000000| Untracked |  0
| 121|0x000000045d800000, 0x000000045d800000, 0x000000045e000000|  0%| F|  |TAMS 0x000000045d800000| PB 0x000000045d800000| Untracked |  0
| 122|0x000000045e000000, 0x000000045e2e14f8, 0x000000045e800000| 36%| E|  |TAMS 0x000000045e000000| PB 0x000000045e000000| Complete |  0
| 123|0x000000045e800000, 0x000000045f000000, 0x000000045f000000|100%| E|CS|TAMS 0x000000045e800000| PB 0x000000045e800000| Complete |  0
|1981|0x00000007ff800000, 0x00000007ff9211a8, 0x0000000800000000| 14%| O|  |TAMS 0x00000007ff800000| PB 0x00000007ff800000| Untracked |  0

Card table byte_map: [0x000073b8034ff000,0x000073b8053f7000] _byte_map_base: 0x000073b8013f7000

Marking Bits: (CMBitMap*) 0x000073b8200597f0
 Bits: [0x000073b7f3d3f000, 0x000073b8034ff000)

Polling page: 0x000073b825bdb000

Metaspace:

Usage:
  Non-class:      3.69 MB used.
      Class:    392.19 KB used.
       Both:      4.07 MB used.

Virtual space:
  Non-class space:       64.00 MB reserved,       3.88 MB (  6%) committed,  1 nodes.
      Class space:        1.00 GB reserved,     512.00 KB ( <1%) committed,  1 nodes.
             Both:        1.06 GB reserved,       4.38 MB ( <1%) committed. 

Chunk freelists:
   Non-Class:  10.68 MB
       Class:  15.49 MB
        Both:  26.16 MB

MaxMetaspaceSize: unlimited
CompressedClassSpaceSize: 1.00 GB
Initial GC threshold: 21.00 MB
Current GC threshold: 21.00 MB
CDS: on
 - commit_granule_bytes: 65536.
 - commit_granule_words: 8192.
 - virtual_space_node_default_size: 8388608.
 - enlarge_chunks_in_place: 1.
 - use_allocation_guard: 0.


Internal statistics:

num_allocs_failed_limit: 0.
num_arena_births: 262.
num_arena_deaths: 0.
num_vsnodes_births: 2.
num_vsnodes_deaths: 0.
num_space_committed: 70.
num_space_uncommitted: 0.
num_chunks_returned_to_freelist: 0.
num_chunks_taken_from_freelist: 334.
num_chunk_merges: 0.
num_chunk_splits: 227.
num_chunks_enlarged: 124.
num_inconsistent_stats: 0.

CodeHeap 'non-profiled nmethods': size=119172Kb used=230Kb max_used=230Kb free=118941Kb
 bounds [0x000073b80ff9f000, 0x000073b81020f000, 0x000073b817400000]
CodeHeap 'profiled nmethods': size=119164Kb used=818Kb max_used=818Kb free=118345Kb
 bounds [0x000073b808400000, 0x000073b808670000, 0x000073b80f85f000]
CodeHeap 'non-nmethods': size=7424Kb used=2648Kb max_used=2663Kb free=4775Kb
 bounds [0x000073b80f85f000, 0x000073b80faff000, 0x000073b80ff9f000]
CodeCache: size=245760Kb, used=3696Kb, max_used=3711Kb, free=242061Kb
 total_blobs=1252, nmethods=728, adapters=427, full_count=0
Compilation: enabled, stopped_count=0, restarted_count=0

Compilation events (20 events):
Event: 0.098 Thread 0x000073b7580516a0 nmethod 714 0x000073b80ffd6508 code [0x000073b80ffd6620, 0x000073b80ffd66e0]
Event: 0.098 Thread 0x000073b8201649e0  715       3       jdk.internal.classfile.impl.EntryMap::put (200 bytes)
Event: 0.098 Thread 0x000073b8201649e0 nmethod 715 0x000073b8084c8b08 code [0x000073b8084c8cc0, 0x000073b8084c9378]
Event: 0.098 Thread 0x000073b8201632d0 nmethod 673 0x000073b80ffd6808 code [0x000073b80ffd6960, 0x000073b80ffd6f48]
Event: 0.098 Thread 0x000073b8201632d0  681       4       jdk.internal.org.objectweb.asm.SymbolTable::put (150 bytes)
Event: 0.098 Thread 0x000073b7580516a0  717       3       java.lang.invoke.InvokerBytecodeGenerator::storeInsnOpcode (98 bytes)
Event: 0.098 Thread 0x000073b75804d730  718       3       jdk.internal.org.objectweb.asm.Frame::getInputStackSize (6 bytes)
Event: 0.098 Thread 0x000073b75804d730 nmethod 718 0x000073b8084c9388 code [0x000073b8084c94a0, 0x000073b8084c95b0]
Event: 0.098 Thread 0x000073b75804d730  719       3       java.util.ImmutableCollections$List12::size (16 bytes)
Event: 0.098 Thread 0x000073b8201649e0  720       3       java.lang.invoke.LambdaForm::methodType (48 bytes)
Event: 0.099 Thread 0x000073b75804d730 nmethod 719 0x000073b8084c9688 code [0x000073b8084c97a0, 0x000073b8084c9928]
Event: 0.099 Thread 0x000073b7580516a0 nmethod 717 0x000073b8084c9988 code [0x000073b8084c9b80, 0x000073b8084ca500]
Event: 0.099 Thread 0x000073b7580516a0  722       3       jdk.internal.org.objectweb.asm.Handler::putExceptionTable (63 bytes)
Event: 0.099 Thread 0x000073b75804d730  723       3       java.util.ImmutableCollections$ListN::get (7 bytes)
Event: 0.099 Thread 0x000073b75804d730 nmethod 723 0x000073b8084ca588 code [0x000073b8084ca6a0, 0x000073b8084ca7d0]
Event: 0.099 Thread 0x000073b8201649e0 nmethod 720 0x000073b8084ca888 code [0x000073b8084caa00, 0x000073b8084cafb8]
Event: 0.099 Thread 0x000073b7580516a0 nmethod 722 0x000073b8084cb008 code [0x000073b8084cb1a0, 0x000073b8084cb5d8]
Event: 0.099 Thread 0x000073b75804d730  727       3       jdk.internal.org.objectweb.asm.Type::getReturnTypeOffset (64 bytes)
Event: 0.099 Thread 0x000073b7580516a0  728       1       java.lang.Class::getClassData (5 bytes)
Event: 0.099 Thread 0x000073b7580516a0 nmethod 728 0x000073b80ffd7c08 code [0x000073b80ffd7d20, 0x000073b80ffd7de8]

GC Heap History (0 events):
No events

Dll operation events (8 events):
Event: 0.001 Loaded shared library /usr/lib/jvm/java-23-temurin/lib/libjava.so
Event: 0.013 Loaded shared library /usr/lib/jvm/java-23-temurin/lib/libjsvml.so
Event: 0.021 Loaded shared library /usr/lib/jvm/java-23-temurin/lib/libnio.so
Event: 0.023 Loaded shared library /usr/lib/jvm/java-23-temurin/lib/libzip.so
Event: 0.046 Loaded shared library /usr/lib/jvm/java-23-temurin/lib/libnet.so
Event: 0.050 Loaded shared library /usr/lib/jvm/java-23-temurin/lib/libjimage.so
Event: 0.060 Loaded shared library /tmp/5155673739508388805.so
Event: 0.064 Loaded shared library /usr/lib/jvm/java-23-temurin/lib/libsyslookup.so

Deoptimization events (0 events):
No events

Classes loaded (20 events):
Event: 0.096 Loading class sun/invoke/util/ValueConversions$Handles
Event: 0.096 Loading class sun/invoke/util/ValueConversions$Handles done
Event: 0.096 Loading class java/util/Spliterators$IntArraySpliterator
Event: 0.096 Loading class java/util/Spliterators$IntArraySpliterator done
Event: 0.096 Loading class java/util/stream/Streams$ConcatSpliterator$OfInt
Event: 0.096 Loading class java/util/stream/Streams$ConcatSpliterator$OfPrimitive
Event: 0.096 Loading class java/util/stream/Streams$ConcatSpliterator
Event: 0.096 Loading class java/util/stream/Streams$ConcatSpliterator done
Event: 0.096 Loading class java/util/stream/Streams$ConcatSpliterator$OfPrimitive done
Event: 0.096 Loading class java/util/stream/Streams$ConcatSpliterator$OfInt done
Event: 0.096 Loading class java/util/stream/Streams$2
Event: 0.096 Loading class java/util/stream/Streams$2 done
Event: 0.096 Loading class java/util/stream/Nodes$IntFixedNodeBuilder
Event: 0.096 Loading class java/util/stream/Node$Builder$OfInt
Event: 0.096 Loading class java/util/stream/Node$Builder$OfInt done
Event: 0.096 Loading class java/util/stream/Nodes$IntArrayNode
Event: 0.096 Loading class java/util/stream/Nodes$IntArrayNode done
Event: 0.096 Loading class java/util/stream/Nodes$IntFixedNodeBuilder done
Event: 0.097 Loading class java/lang/invoke/VarHandles$2
Event: 0.097 Loading class java/lang/invoke/VarHandles$2 done

Classes unloaded (0 events):
No events

Classes redefined (0 events):
No events

Internal exceptions (20 events):
Event: 0.083 Thread 0x000073b82002aa60 Exception <a 'java/lang/NoSuchMethodError'{0x000000045e0b07b0}: 'void java.lang.invoke.DirectMethodHandle$Holder.invokeStatic(java.lang.Object, long)'> (0x000000045e0b07b0) 
thrown [src/hotspot/share/interpreter/linkResolver.cpp, line 795]
Event: 0.083 Thread 0x000073b82002aa60 Exception <a 'java/lang/NoSuchMethodError'{0x000000045e0b5868}: 'java.lang.Object java.lang.invoke.DirectMethodHandle$Holder.newInvokeSpecial(java.lang.Object, long)'> (0x000000045e0b5868) 
thrown [src/hotspot/share/interpreter/linkResolver.cpp, line 795]
Event: 0.086 Thread 0x000073b82002aa60 Exception <a 'java/lang/NoSuchMethodError'{0x000000045e0df990}: 'void java.lang.invoke.DirectMethodHandle$Holder.invokeStatic(java.lang.Object, int, java.lang.Object)'> (0x000000045e0df990) 
thrown [src/hotspot/share/interpreter/linkResolver.cpp, line 795]
Event: 0.088 Thread 0x000073b82002aa60 Exception <a 'java/lang/NoSuchMethodError'{0x000000045e111788}: 'int java.lang.invoke.Invokers$Holder.invokeExact_MT(java.lang.Object, java.lang.Object)'> (0x000000045e111788) 
thrown [src/hotspot/share/interpreter/linkResolver.cpp, line 795]
Event: 0.088 Thread 0x000073b82002aa60 Exception <a 'java/lang/NoSuchMethodError'{0x000000045e115b80}: 'java.lang.Object java.lang.invoke.Invokers$Holder.invoke_MT(java.lang.Object, java.lang.Object, java.lang.Object, java.lang.Object, java.lang.Object)'> (0x000000045e115b80) 
thrown [src/hotspot/share/interpreter/linkResolver.cpp, line 795]
Event: 0.092 Thread 0x000073b82002aa60 Exception <a 'java/lang/NoSuchMethodError'{0x000000045e1976f8}: 'long java.lang.invoke.DirectMethodHandle$Holder.invokeStaticInit(java.lang.Object, long, long, long, long)'> (0x000000045e1976f8) 
thrown [src/hotspot/share/interpreter/linkResolver.cpp, line 795]
Event: 0.092 Thread 0x000073b82002aa60 Exception <a 'java/lang/NoSuchMethodError'{0x000000045e19afb8}: 'java.lang.Object java.lang.invoke.DirectMethodHandle$Holder.invokeInterface(java.lang.Object, java.lang.Object, long, long)'> (0x000000045e19afb8) 
thrown [src/hotspot/share/interpreter/linkResolver.cpp, line 795]
Event: 0.092 Thread 0x000073b82002aa60 Exception <a 'java/lang/NoSuchMethodError'{0x000000045e19eaa8}: 'java.lang.Object java.lang.invoke.DirectMethodHandle$Holder.invokeInterface(java.lang.Object, java.lang.Object, long, java.lang.Object)'> (0x000000045e19eaa8) 
thrown [src/hotspot/share/interpreter/linkResolver.cpp, line 795]
Event: 0.092 Thread 0x000073b82002aa60 Exception <a 'java/lang/NoSuchMethodError'{0x000000045e1a5328}: 'void java.lang.invoke.DirectMethodHandle$Holder.invokeStaticInit(java.lang.Object, java.lang.Object, long, java.lang.Object)'> (0x000000045e1a5328) 
thrown [src/hotspot/share/interpreter/linkResolver.cpp, line 795]
Event: 0.093 Thread 0x000073b82002aa60 Exception <a 'java/lang/NoSuchMethodError'{0x000000045e1c3f88}: 'java.lang.Object java.lang.invoke.DirectMethodHandle$Holder.invokeStatic(java.lang.Object, java.lang.Object, int)'> (0x000000045e1c3f88) 
thrown [src/hotspot/share/interpreter/linkResolver.cpp, line 795]
Event: 0.094 Thread 0x000073b82002aa60 Exception <a 'java/lang/NoSuchMethodError'{0x000000045e1d6100}: 'void java.lang.invoke.DelegatingMethodHandle$Holder.delegate(java.lang.Object, java.lang.Object, int, java.lang.Object)'> (0x000000045e1d6100) 
thrown [src/hotspot/share/interpreter/linkResolver.cpp, line 795]
Event: 0.095 Thread 0x000073b82002aa60 Exception <a 'java/lang/NoSuchMethodError'{0x000000045e1ef100}: 'java.lang.Object java.lang.invoke.DirectMethodHandle$Holder.newInvokeSpecial(java.lang.Object, int, java.lang.Object)'> (0x000000045e1ef100) 
thrown [src/hotspot/share/interpreter/linkResolver.cpp, line 795]
Event: 0.095 Thread 0x000073b82002aa60 Exception <a 'java/lang/NoSuchMethodError'{0x000000045e1f70b8}: 'void java.lang.invoke.DelegatingMethodHandle$Holder.reinvoke_L(java.lang.Object, java.lang.Object, long, java.lang.Object)'> (0x000000045e1f70b8) 
thrown [src/hotspot/share/interpreter/linkResolver.cpp, line 795]
Event: 0.095 Thread 0x000073b82002aa60 Exception <a 'java/lang/NoSuchMethodError'{0x000000045e2041d8}: 'java.lang.Object java.lang.invoke.DirectMethodHandle$Holder.invokeSpecial(java.lang.Object, java.lang.Object, java.lang.Object, java.lang.Object, long)'> (0x000000045e2041d8) 
thrown [src/hotspot/share/interpreter/linkResolver.cpp, line 795]
Event: 0.096 Thread 0x000073b82002aa60 Exception <a 'java/lang/NoSuchMethodError'{0x000000045e222ab8}: 'void java.lang.invoke.DelegatingMethodHandle$Holder.reinvoke_L(java.lang.Object, java.lang.Object, java.lang.Object, long, int)'> (0x000000045e222ab8) 
thrown [src/hotspot/share/interpreter/linkResolver.cpp, line 795]
Event: 0.097 Thread 0x000073b82002aa60 Exception <a 'java/lang/NoSuchMethodError'{0x000000045e22a208}: 'void java.lang.invoke.DirectMethodHandle$Holder.invokeSpecial(java.lang.Object, java.lang.Object, java.lang.Object, long)'> (0x000000045e22a208) 
thrown [src/hotspot/share/interpreter/linkResolver.cpp, line 795]
Event: 0.098 Thread 0x000073b82002aa60 Exception <a 'java/lang/NoSuchMethodError'{0x000000045e247a80}: 'void java.lang.invoke.DirectMethodHandle$Holder.invokeStaticInit(java.lang.Object, java.lang.Object, java.lang.Object)'> (0x000000045e247a80) 
thrown [src/hotspot/share/interpreter/linkResolver.cpp, line 795]
Event: 0.099 Thread 0x000073b82002aa60 Exception <a 'java/lang/NoSuchMethodError'{0x000000045e258108}: 'void java.lang.invoke.Invokers$Holder.invokeExact_MT(java.lang.Object, java.lang.Object)'> (0x000000045e258108) 
thrown [src/hotspot/share/interpreter/linkResolver.cpp, line 795]
Event: 0.099 Thread 0x000073b82002aa60 Exception <a 'java/lang/NoSuchMethodError'{0x000000045e25ba10}: 'void java.lang.invoke.DirectMethodHandle$Holder.invokeSpecial(java.lang.Object, java.lang.Object, long)'> (0x000000045e25ba10) 
thrown [src/hotspot/share/interpreter/linkResolver.cpp, line 795]
Event: 0.099 Thread 0x000073b82002aa60 Exception <a 'java/lang/NoSuchMethodError'{0x000000045e25e9e8}: 'void java.lang.invoke.Invokers$Holder.invokeExact_MT(java.lang.Object, long, java.lang.Object)'> (0x000000045e25e9e8) 
thrown [src/hotspot/share/interpreter/linkResolver.cpp, line 795]

VM Operations (2 events):
Event: 0.023 Executing VM operation: HandshakeAllThreads (Deoptimize)
Event: 0.023 Executing VM operation: HandshakeAllThreads (Deoptimize) done

Memory protections (13 events):
Event: 0.001 Protecting memory [0x000073b824211000,0x000073b824215000] with protection modes 0
Event: 0.012 Protecting memory [0x000073b7f010f000,0x000073b7f0113000] with protection modes 0
Event: 0.012 Protecting memory [0x000073b7f000e000,0x000073b7f0012000] with protection modes 0
Event: 0.012 Protecting memory [0x000073b7ebf00000,0x000073b7ebf04000] with protection modes 0
Event: 0.012 Protecting memory [0x000073b7ebb00000,0x000073b7ebb04000] with protection modes 0
Event: 0.012 Protecting memory [0x000073b7eb9ff000,0x000073b7eba03000] with protection modes 0
Event: 0.012 Protecting memory [0x000073b7eb8fe000,0x000073b7eb902000] with protection modes 0
Event: 0.012 Protecting memory [0x000073b7eb7fd000,0x000073b7eb801000] with protection modes 0
Event: 0.015 Protecting memory [0x000073b7eb62c000,0x000073b7eb630000] with protection modes 0
Event: 0.016 Protecting memory [0x000073b7eb52b000,0x000073b7eb52f000] with protection modes 0
Event: 0.017 Protecting memory [0x000073b7eb42a000,0x000073b7eb42e000] with protection modes 0
Event: 0.020 Protecting memory [0x000073b7eb329000,0x000073b7eb32d000] with protection modes 0
Event: 0.022 Protecting memory [0x000073b7eb228000,0x000073b7eb22c000] with protection modes 0

Nmethod flushes (0 events):
No events

Events (14 events):
Event: 0.007 Thread 0x000073b82002aa60 Thread added: 0x000073b82002aa60
Event: 0.012 Thread 0x000073b82002aa60 Thread added: 0x000073b82015bdd0
Event: 0.012 Thread 0x000073b82002aa60 Thread added: 0x000073b82015d340
Event: 0.012 Thread 0x000073b82002aa60 Thread added: 0x000073b82015eb50
Event: 0.012 Thread 0x000073b82002aa60 Thread added: 0x000073b820160190
Event: 0.012 Thread 0x000073b82002aa60 Thread added: 0x000073b820161730
Event: 0.012 Thread 0x000073b82002aa60 Thread added: 0x000073b8201632d0
Event: 0.012 Thread 0x000073b82002aa60 Thread added: 0x000073b8201649e0
Event: 0.015 Thread 0x000073b8201649e0 Thread added: 0x000073b75804d730
Event: 0.016 Thread 0x000073b82002aa60 Thread added: 0x000073b82019db50
Event: 0.017 Thread 0x000073b82002aa60 Thread added: 0x000073b8201a05e0
Event: 0.020 Thread 0x000073b82002aa60 Thread added: 0x000073b8201a8f90
Event: 0.022 Thread 0x000073b8201649e0 Thread added: 0x000073b7580516a0
Event: 0.089 Thread 0x000073b8201a8f90 Thread exited: 0x000073b8201a8f90


Dynamic libraries:
421000000-45f000000 rw-p 00000000 00:00 0 
45f000000-7ff800000 ---p 00000000 00:00 0 
7ff800000-7ff922000 rw-p 00dc6000 103:02 52301455                        /usr/lib/jvm/java-23-temurin/lib/server/classes.jsa
7ff922000-800000000 rw-p 00000000 00:00 0 
582e7b57a000-582e7b57b000 r-xp 00000000 103:02 52301289                  /usr/lib/jvm/java-23-temurin/bin/java
582e7b57c000-582e7b57d000 r--p 00001000 103:02 52301289                  /usr/lib/jvm/java-23-temurin/bin/java
582e7b57d000-582e7b57e000 rw-p 00002000 103:02 52301289                  /usr/lib/jvm/java-23-temurin/bin/java
582e817a2000-582e817e9000 rw-p 00000000 00:00 0                          [heap]
73b738000000-73b73826e000 rw-p 00000000 00:00 0 
73b73826e000-73b73c000000 ---p 00000000 00:00 0 
73b740000000-73b740021000 rw-p 00000000 00:00 0 
73b740021000-73b744000000 ---p 00000000 00:00 0 
73b744000000-73b744021000 rw-p 00000000 00:00 0 
73b744021000-73b748000000 ---p 00000000 00:00 0 
73b74c000000-73b74c021000 rw-p 00000000 00:00 0 
73b74c021000-73b750000000 ---p 00000000 00:00 0 
73b750000000-73b7501bc000 rw-p 00000000 00:00 0 
73b7501bc000-73b754000000 ---p 00000000 00:00 0 
73b758000000-73b7581a6000 rw-p 00000000 00:00 0 
73b7581a6000-73b75c000000 ---p 00000000 00:00 0 
73b75c000000-73b75c16d000 rw-p 00000000 00:00 0 
73b75c16d000-73b760000000 ---p 00000000 00:00 0 
73b764000000-73b764021000 rw-p 00000000 00:00 0 
73b764021000-73b768000000 ---p 00000000 00:00 0 
73b768000000-73b768021000 rw-p 00000000 00:00 0 
73b768021000-73b76c000000 ---p 00000000 00:00 0 
73b770000000-73b770021000 rw-p 00000000 00:00 0 
73b770021000-73b774000000 ---p 00000000 00:00 0 
73b774000000-73b774021000 rw-p 00000000 00:00 0 
73b774021000-73b778000000 ---p 00000000 00:00 0 
73b77c000000-73b77c021000 rw-p 00000000 00:00 0 
73b77c021000-73b780000000 ---p 00000000 00:00 0 
73b780000000-73b780021000 rw-p 00000000 00:00 0 
73b780021000-73b784000000 ---p 00000000 00:00 0 
73b788000000-73b788280000 rw-p 00000000 00:00 0 
73b788280000-73b788400000 ---p 00000000 00:00 0 
73b788400000-73b788560000 rw-p 00000000 00:00 0 
73b788560000-73b78c000000 ---p 00000000 00:00 0 
73b78c000000-73b78c021000 rw-p 00000000 00:00 0 
73b78c021000-73b790000000 ---p 00000000 00:00 0 
73b792000000-73b792d97000 rw-p 00001000 103:02 52301455                  /usr/lib/jvm/java-23-temurin/lib/server/classes.jsa
73b792d97000-73b793000000 ---p 00000000 00:00 0 
73b793000000-73b793030000 rw-p 00000000 00:00 0 
73b793030000-73b793040000 ---p 00000000 00:00 0 
73b793040000-73b793090000 rw-p 00000000 00:00 0 
73b793090000-73b7d3000000 ---p 00000000 00:00 0 
73b7d4000000-73b7d4021000 rw-p 00000000 00:00 0 
73b7d4021000-73b7d8000000 ---p 00000000 00:00 0 
73b7d8000000-73b7d8021000 rw-p 00000000 00:00 0 
73b7d8021000-73b7dc000000 ---p 00000000 00:00 0 
73b7e0000000-73b7e0021000 rw-p 00000000 00:00 0 
73b7e0021000-73b7e4000000 ---p 00000000 00:00 0 
73b7e4000000-73b7e4021000 rw-p 00000000 00:00 0 
73b7e4021000-73b7e8000000 ---p 00000000 00:00 0 
73b7eb00a000-73b7eb055000 r--p 00000000 00:2f 1150                       /tmp/5155673739508388805.so
73b7eb055000-73b7eb179000 r-xp 0004b000 00:2f 1150                       /tmp/5155673739508388805.so
73b7eb179000-73b7eb1ee000 r--p 0016f000 00:2f 1150                       /tmp/5155673739508388805.so
73b7eb1ee000-73b7eb1f2000 r--p 001e3000 00:2f 1150                       /tmp/5155673739508388805.so
73b7eb1f2000-73b7eb1f8000 rw-p 001e7000 00:2f 1150                       /tmp/5155673739508388805.so
73b7eb1f8000-73b7eb227000 rw-p 00000000 00:00 0 
73b7eb227000-73b7eb228000 ---p 00000000 00:00 0 
73b7eb228000-73b7eb22c000 ---p 00000000 00:00 0 
73b7eb22c000-73b7eb328000 rw-p 00000000 00:00 0 
73b7eb328000-73b7eb329000 ---p 00000000 00:00 0 
73b7eb329000-73b7eb32d000 ---p 00000000 00:00 0 
73b7eb32d000-73b7eb429000 rw-p 00000000 00:00 0 
73b7eb429000-73b7eb42a000 ---p 00000000 00:00 0 
73b7eb42a000-73b7eb42e000 ---p 00000000 00:00 0 
73b7eb42e000-73b7eb52a000 rw-p 00000000 00:00 0 
73b7eb52a000-73b7eb52b000 ---p 00000000 00:00 0 
73b7eb52b000-73b7eb52f000 ---p 00000000 00:00 0 
73b7eb52f000-73b7eb62b000 rw-p 00000000 00:00 0 
73b7eb62b000-73b7eb62c000 ---p 00000000 00:00 0 
73b7eb62c000-73b7eb630000 ---p 00000000 00:00 0 
73b7eb630000-73b7eb72c000 rw-p 00000000 00:00 0 
73b7eb72c000-73b7eb7fa000 r-xp 00000000 103:02 52301429                  /usr/lib/jvm/java-23-temurin/lib/libjsvml.so
73b7eb7fa000-73b7eb7fb000 r--p 000cd000 103:02 52301429                  /usr/lib/jvm/java-23-temurin/lib/libjsvml.so
73b7eb7fb000-73b7eb7fc000 rw-p 000ce000 103:02 52301429                  /usr/lib/jvm/java-23-temurin/lib/libjsvml.so
73b7eb7fc000-73b7eb7fd000 ---p 00000000 00:00 0 
73b7eb7fd000-73b7eb801000 ---p 00000000 00:00 0 
73b7eb801000-73b7eb8fd000 rw-p 00000000 00:00 0 
73b7eb8fd000-73b7eb8fe000 ---p 00000000 00:00 0 
73b7eb8fe000-73b7eb902000 ---p 00000000 00:00 0 
73b7eb902000-73b7eb9fe000 rw-p 00000000 00:00 0 
73b7eb9fe000-73b7eb9ff000 ---p 00000000 00:00 0 
73b7eb9ff000-73b7eba03000 ---p 00000000 00:00 0 
73b7eba03000-73b7ebaff000 rw-p 00000000 00:00 0 
73b7ebaff000-73b7ebb00000 ---p 00000000 00:00 0 
73b7ebb00000-73b7ebb04000 ---p 00000000 00:00 0 
73b7ebb04000-73b7ebc00000 rw-p 00000000 00:00 0 
73b7ebc00000-73b7ebeeb000 r--p 00000000 103:02 51195440                  /usr/lib/locale/locale-archive
73b7ebeff000-73b7ebf00000 ---p 00000000 00:00 0 
73b7ebf00000-73b7ebf04000 ---p 00000000 00:00 0 
73b7ebf04000-73b7ec000000 rw-p 00000000 00:00 0 
73b7ec000000-73b7ec021000 rw-p 00000000 00:00 0 
73b7ec021000-73b7f0000000 ---p 00000000 00:00 0 
73b7f000d000-73b7f000e000 ---p 00000000 00:00 0 
73b7f000e000-73b7f0012000 ---p 00000000 00:00 0 
73b7f0012000-73b7f010e000 rw-p 00000000 00:00 0 
73b7f010e000-73b7f010f000 ---p 00000000 00:00 0 
73b7f010f000-73b7f0113000 ---p 00000000 00:00 0 
73b7f0113000-73b7f020f000 rw-p 00000000 00:00 0 
73b7f020f000-73b7f0210000 ---p 00000000 00:00 0 
73b7f0210000-73b7f0310000 rw-p 00000000 00:00 0 
73b7f0310000-73b7f0311000 ---p 00000000 00:00 0 
73b7f0311000-73b7f0411000 rw-p 00000000 00:00 0 
73b7f0411000-73b7f04ed000 rw-p 00000000 00:00 0 
73b7f04ed000-73b7f04ee000 ---p 00000000 00:00 0 
73b7f04ee000-73b7f05ee000 rw-p 00000000 00:00 0 
73b7f05ee000-73b7f05ef000 ---p 00000000 00:00 0 
73b7f05ef000-73b7f06ef000 rw-p 00000000 00:00 0 
73b7f06ef000-73b7f3800000 rw-p 00000000 00:00 0 
73b7f383f000-73b7f3940000 rw-p 00000000 00:00 0 
73b7f3940000-73b7f3941000 ---p 00000000 00:00 0 
73b7f3941000-73b7f3a41000 rw-p 00000000 00:00 0 
73b7f3a41000-73b7f3a42000 ---p 00000000 00:00 0 
73b7f3a42000-73b7f3b42000 rw-p 00000000 00:00 0 
73b7f3b42000-73b7f3b43000 ---p 00000000 00:00 0 
73b7f3b43000-73b7f3c43000 rw-p 00000000 00:00 0 
73b7f3c43000-73b7f4cbf000 rw-p 00000000 00:00 0 
73b7f4cbf000-73b8034df000 ---p 00000000 00:00 0 
73b8034df000-73b8036ef000 rw-p 00000000 00:00 0 
73b8036ef000-73b8053f3000 ---p 00000000 00:00 0 
73b8053f3000-73b8055e7000 rw-p 00000000 00:00 0 
73b8055e7000-73b8072eb000 ---p 00000000 00:00 0 
73b8072eb000-73b808400000 rw-p 00000000 00:00 0 
73b808400000-73b808670000 rwxp 00000000 00:00 0 
73b808670000-73b80f85f000 ---p 00000000 00:00 0 
73b80f85f000-73b80faff000 rwxp 00000000 00:00 0 
73b80faff000-73b80ff9f000 ---p 00000000 00:00 0 
73b80ff9f000-73b81020f000 rwxp 00000000 00:00 0 
73b81020f000-73b817400000 ---p 00000000 00:00 0 
73b817400000-73b81fe03000 r--s 00000000 103:02 52301446                  /usr/lib/jvm/java-23-temurin/lib/modules
73b81fe0f000-73b81fe2a000 r-xp 00000000 103:02 52301445                  /usr/lib/jvm/java-23-temurin/lib/libzip.so
73b81fe2a000-73b81fe2b000 r--p 0001a000 103:02 52301445                  /usr/lib/jvm/java-23-temurin/lib/libzip.so
73b81fe2b000-73b81fe2c000 rw-p 0001b000 103:02 52301445                  /usr/lib/jvm/java-23-temurin/lib/libzip.so
73b81fe2c000-73b81fe40000 r-xp 00000000 103:02 52301436                  /usr/lib/jvm/java-23-temurin/lib/libnio.so
73b81fe40000-73b81fe41000 r--p 00013000 103:02 52301436                  /usr/lib/jvm/java-23-temurin/lib/libnio.so
73b81fe41000-73b81fe42000 rw-p 00014000 103:02 52301436                  /usr/lib/jvm/java-23-temurin/lib/libnio.so
73b81fe42000-73b8203bf000 rw-p 00000000 00:00 0 
73b8203bf000-73b824000000 ---p 00000000 00:00 0 
73b824001000-73b824044000 rw-p 00000000 00:00 0 
73b824044000-73b824128000 ---p 00000000 00:00 0 
73b824128000-73b82412d000 rw-p 00000000 00:00 0 
73b82412d000-73b824211000 ---p 00000000 00:00 0 
73b824211000-73b824215000 ---p 00000000 00:00 0 
73b824215000-73b824311000 rw-p 00000000 00:00 0 
73b824311000-73b82431f000 r--p 00000000 103:02 51121489                  /usr/lib/libm.so.6
73b82431f000-73b8243a2000 r-xp 0000e000 103:02 51121489                  /usr/lib/libm.so.6
73b8243a2000-73b8243fe000 r--p 00091000 103:02 51121489                  /usr/lib/libm.so.6
73b8243fe000-73b8243ff000 r--p 000ec000 103:02 51121489                  /usr/lib/libm.so.6
73b8243ff000-73b824400000 rw-p 000ed000 103:02 51121489                  /usr/lib/libm.so.6
73b824400000-73b825809000 r-xp 00000000 103:02 52301458                  /usr/lib/jvm/java-23-temurin/lib/server/libjvm.so
73b825809000-73b8258dc000 r--p 01408000 103:02 52301458                  /usr/lib/jvm/java-23-temurin/lib/server/libjvm.so
73b8258dc000-73b82590b000 rw-p 014db000 103:02 52301458                  /usr/lib/jvm/java-23-temurin/lib/server/libjvm.so
73b82590b000-73b825982000 rw-p 00000000 00:00 0 
73b825987000-73b825992000 r-xp 00000000 103:02 52301435                  /usr/lib/jvm/java-23-temurin/lib/libnet.so
73b825992000-73b825993000 ---p 0000b000 103:02 52301435                  /usr/lib/jvm/java-23-temurin/lib/libnet.so
73b825993000-73b825994000 r--p 0000b000 103:02 52301435                  /usr/lib/jvm/java-23-temurin/lib/libnet.so
73b825994000-73b825995000 rw-p 0000c000 103:02 52301435                  /usr/lib/jvm/java-23-temurin/lib/libnet.so
73b825995000-73b82599b000 rw-p 00000000 00:00 0 
73b82599b000-73b8259a4000 ---p 00000000 00:00 0 
73b8259a4000-73b8259c4000 r-xp 00000000 103:02 52301421                  /usr/lib/jvm/java-23-temurin/lib/libjava.so
73b8259c4000-73b8259c5000 ---p 00020000 103:02 52301421                  /usr/lib/jvm/java-23-temurin/lib/libjava.so
73b8259c5000-73b8259c6000 r--p 00020000 103:02 52301421                  /usr/lib/jvm/java-23-temurin/lib/libjava.so
73b8259c6000-73b8259c7000 rw-p 00021000 103:02 52301421                  /usr/lib/jvm/java-23-temurin/lib/libjava.so
73b8259c7000-73b8259c8000 rw-p 00000000 00:00 0 
73b8259c8000-73b8259c9000 r--p 00000000 103:02 51121522                  /usr/lib/librt.so.1
73b8259c9000-73b8259ca000 r-xp 00001000 103:02 51121522                  /usr/lib/librt.so.1
73b8259ca000-73b8259cb000 r--p 00002000 103:02 51121522                  /usr/lib/librt.so.1
73b8259cb000-73b8259cc000 r--p 00002000 103:02 51121522                  /usr/lib/librt.so.1
73b8259cc000-73b8259cd000 rw-p 00003000 103:02 51121522                  /usr/lib/librt.so.1
73b8259cd000-73b8259cf000 rw-p 00000000 00:00 0 
73b8259cf000-73b8259f3000 r--p 00000000 103:02 51121474                  /usr/lib/libc.so.6
73b8259f3000-73b825b64000 r-xp 00024000 103:02 51121474                  /usr/lib/libc.so.6
73b825b64000-73b825bb2000 r--p 00195000 103:02 51121474                  /usr/lib/libc.so.6
73b825bb2000-73b825bb6000 r--p 001e3000 103:02 51121474                  /usr/lib/libc.so.6
73b825bb6000-73b825bb8000 rw-p 001e7000 103:02 51121474                  /usr/lib/libc.so.6
73b825bb8000-73b825bc0000 rw-p 00000000 00:00 0 
73b825bc0000-73b825bc1000 r--p 00000000 103:02 51121516                  /usr/lib/libpthread.so.0
73b825bc1000-73b825bc2000 r-xp 00001000 103:02 51121516                  /usr/lib/libpthread.so.0
73b825bc2000-73b825bc3000 r--p 00002000 103:02 51121516                  /usr/lib/libpthread.so.0
73b825bc3000-73b825bc4000 r--p 00002000 103:02 51121516                  /usr/lib/libpthread.so.0
73b825bc4000-73b825bc5000 rw-p 00003000 103:02 51121516                  /usr/lib/libpthread.so.0
73b825bc5000-73b825bc6000 r--p 00000000 103:02 51121482                  /usr/lib/libdl.so.2
73b825bc6000-73b825bc7000 r-xp 00001000 103:02 51121482                  /usr/lib/libdl.so.2
73b825bc7000-73b825bc8000 r--p 00002000 103:02 51121482                  /usr/lib/libdl.so.2
73b825bc8000-73b825bc9000 r--p 00002000 103:02 51121482                  /usr/lib/libdl.so.2
73b825bc9000-73b825bca000 rw-p 00003000 103:02 51121482                  /usr/lib/libdl.so.2
73b825bd0000-73b825bd1000 r-xp 00000000 103:02 52301443                  /usr/lib/jvm/java-23-temurin/lib/libsyslookup.so
73b825bd1000-73b825bd2000 r--p 00000000 103:02 52301443                  /usr/lib/jvm/java-23-temurin/lib/libsyslookup.so
73b825bd2000-73b825bd3000 rw-p 00001000 103:02 52301443                  /usr/lib/jvm/java-23-temurin/lib/libsyslookup.so
73b825bd3000-73b825bdb000 rw-s 00000000 00:2f 1148                       /tmp/hsperfdata_alniarez/69705
73b825bdb000-73b825bdc000 ---p 00000000 00:00 0 
73b825bdc000-73b825bdd000 r--p 00000000 00:00 0 
73b825bdd000-73b825bde000 ---p 00000000 00:00 0 
73b825bde000-73b825bf9000 r-xp 00000000 103:02 52301425                  /usr/lib/jvm/java-23-temurin/lib/libjimage.so
73b825bf9000-73b825bfa000 ---p 0001b000 103:02 52301425                  /usr/lib/jvm/java-23-temurin/lib/libjimage.so
73b825bfa000-73b825bfc000 r--p 0001b000 103:02 52301425                  /usr/lib/jvm/java-23-temurin/lib/libjimage.so
73b825bfc000-73b825bfd000 rw-p 0001d000 103:02 52301425                  /usr/lib/jvm/java-23-temurin/lib/libjimage.so
73b825bfd000-73b825c16000 r-xp 00000000 103:02 52301426                  /usr/lib/jvm/java-23-temurin/lib/libjli.so
73b825c16000-73b825c17000 r--p 00018000 103:02 52301426                  /usr/lib/jvm/java-23-temurin/lib/libjli.so
73b825c17000-73b825c18000 rw-p 00019000 103:02 52301426                  /usr/lib/jvm/java-23-temurin/lib/libjli.so
73b825c18000-73b825c1a000 rw-p 00000000 00:00 0 
73b825c1a000-73b825c1e000 r--p 00000000 00:00 0                          [vvar]
73b825c1e000-73b825c20000 r-xp 00000000 00:00 0                          [vdso]
73b825c20000-73b825c21000 r--p 00000000 103:02 51121463                  /usr/lib/ld-linux-x86-64.so.2
73b825c21000-73b825c4a000 r-xp 00001000 103:02 51121463                  /usr/lib/ld-linux-x86-64.so.2
73b825c4a000-73b825c54000 r--p 0002a000 103:02 51121463                  /usr/lib/ld-linux-x86-64.so.2
73b825c54000-73b825c56000 r--p 00034000 103:02 51121463                  /usr/lib/ld-linux-x86-64.so.2
73b825c56000-73b825c58000 rw-p 00036000 103:02 51121463                  /usr/lib/ld-linux-x86-64.so.2
7ffc445e4000-7ffc44605000 rw-p 00000000 00:00 0                          [stack]
ffffffffff600000-ffffffffff601000 --xp 00000000 00:00 0                  [vsyscall]
Total number of mappings: 213


VM Arguments:
jvm_args: --enable-native-access=ALL-UNNAMED --enable-preview -Dfile.encoding=UTF-8 -Duser.country=US -Duser.language=en -Duser.variant 
java_command: de.alniarez.Main
java_class_path (initial): /home/alniarez/Documents/GitHub/java-videogame-dev/raylib-game-gradle/build/classes/java/main:/home/alniarez/Documents/GitHub/java-videogame-dev/raylib-game-gradle/build/resources/main:/home/alniarez/.gradle/caches/modules-2/files-2.1/io.github.electronstudio/jaylib-ffm/0.0.3/5b56eca5cbea8cba8e0d0ccef5239c2ba362918f/jaylib-ffm-0.0.3.jar
Launcher Type: SUN_STANDARD

[Global flags]
     intx CICompilerCount                          = 12                                        {product} {ergonomic}
     uint ConcGCThreads                            = 5                                         {product} {ergonomic}
     uint G1ConcRefinementThreads                  = 18                                        {product} {ergonomic}
   size_t G1HeapRegionSize                         = 8388608                                   {product} {ergonomic}
   size_t InitialHeapSize                          = 1040187392                                {product} {ergonomic}
   size_t MarkStackSize                            = 4194304                                   {product} {ergonomic}
   size_t MarkStackSizeMax                         = 536870912                                 {product} {ergonomic}
   size_t MaxHeapSize                              = 16626221056                               {product} {ergonomic}
   size_t MaxNewSize                               = 9974054912                                {product} {ergonomic}
   size_t MinHeapDeltaBytes                        = 8388608                                   {product} {ergonomic}
   size_t MinHeapSize                              = 8388608                                   {product} {ergonomic}
    uintx NonNMethodCodeHeapSize                   = 7602176                                {pd product} {ergonomic}
    uintx NonProfiledCodeHeapSize                  = 122032128                              {pd product} {ergonomic}
    uintx ProfiledCodeHeapSize                     = 122023936                              {pd product} {ergonomic}
    uintx ReservedCodeCacheSize                    = 251658240                              {pd product} {ergonomic}
     bool SegmentedCodeCache                       = true                                      {product} {ergonomic}
   size_t SoftMaxHeapSize                          = 16626221056                            {manageable} {ergonomic}
     bool UseCompressedOops                        = true                           {product lp64_product} {ergonomic}
     bool UseG1GC                                  = true                                      {product} {ergonomic}

Logging:
Log output configuration:
 #0: stdout all=warning uptime,level,tags foldmultilines=false
 #1: stderr all=off uptime,level,tags foldmultilines=false

Environment Variables:
PATH=/usr/local/sbin:/usr/local/bin:/usr/bin:/var/lib/flatpak/exports/bin:/usr/lib/jvm/default/bin:/usr/bin/site_perl:/usr/bin/vendor_perl:/usr/bin/core_perl:/usr/lib/rustup/bin
SHELL=/usr/bin/zsh
DISPLAY=:1
LANG=en_US.UTF-8
LC_TIME=en_DE.UTF-8

Active Locale:
LC_ALL=C
LC_COLLATE=C
LC_CTYPE=C
LC_MESSAGES=C
LC_MONETARY=C
LC_NUMERIC=C
LC_TIME=C

Signal Handlers:
   SIGSEGV: crash_handler in libjvm.so, mask=11100100010111111101111111111110, flags=SA_RESTART|SA_SIGINFO, unblocked
    SIGBUS: crash_handler in libjvm.so, mask=11100100010111111101111111111110, flags=SA_RESTART|SA_SIGINFO, unblocked
    SIGFPE: crash_handler in libjvm.so, mask=11100100010111111101111111111110, flags=SA_RESTART|SA_SIGINFO, unblocked
   SIGPIPE: javaSignalHandler in libjvm.so, mask=11100100010111111101111111111110, flags=SA_RESTART|SA_SIGINFO, blocked
   SIGXFSZ: javaSignalHandler in libjvm.so, mask=11100100010111111101111111111110, flags=SA_RESTART|SA_SIGINFO, blocked
    SIGILL: crash_handler in libjvm.so, mask=11100100010111111101111111111110, flags=SA_RESTART|SA_SIGINFO, unblocked
   SIGUSR2: SR_handler in libjvm.so, mask=00000000000000000000000000000000, flags=SA_RESTART|SA_SIGINFO, blocked
    SIGHUP: UserHandler in libjvm.so, mask=11100100010111111101111111111110, flags=SA_RESTART|SA_SIGINFO, blocked
    SIGINT: UserHandler in libjvm.so, mask=11100100010111111101111111111110, flags=SA_RESTART|SA_SIGINFO, blocked
   SIGTERM: UserHandler in libjvm.so, mask=11100100010111111101111111111110, flags=SA_RESTART|SA_SIGINFO, blocked
   SIGQUIT: UserHandler in libjvm.so, mask=11100100010111111101111111111110, flags=SA_RESTART|SA_SIGINFO, blocked
   SIGTRAP: crash_handler in libjvm.so, mask=11100100010111111101111111111110, flags=SA_RESTART|SA_SIGINFO, unblocked


Periodic native trim disabled

---------------  S Y S T E M  ---------------

OS:
DISTRIB_ID="Arch"
DISTRIB_RELEASE="rolling"
DISTRIB_DESCRIPTION="Arch Linux"
uname: Linux 6.11.9-arch1-1 #1 SMP PREEMPT_DYNAMIC Sun, 17 Nov 2024 16:06:17 +0000 x86_64
OS uptime: 0 days 10:06 hours
libc: glibc 2.40 NPTL 2.40 
rlimit (soft/hard): STACK 8192k/infinity , CORE infinity/infinity , NPROC 253075/253075 , NOFILE 524288/524288 , AS infinity/infinity , CPU infinity/infinity , DATA infinity/infinity , FSIZE infinity/infinity , MEMLOCK 8192k/8192k
load average: 2.33 1.40 1.04

/proc/meminfo:
MemTotal:       64924008 kB
MemFree:        28356508 kB
MemAvailable:   51282184 kB
Buffers:          543160 kB
Cached:         22942820 kB
SwapCached:            0 kB
Active:         14881776 kB
Inactive:       19387748 kB
Active(anon):   11240600 kB
Inactive(anon):    17792 kB
Active(file):    3641176 kB
Inactive(file): 19369956 kB
Unevictable:        1140 kB
Mlocked:            1140 kB
SwapTotal:       4194300 kB
SwapFree:        4071164 kB
Zswap:                 0 kB
Zswapped:              0 kB
Dirty:              7512 kB
Writeback:           208 kB
AnonPages:      10531892 kB
Mapped:          3011880 kB
Shmem:            474440 kB
KReclaimable:     637360 kB
Slab:             901380 kB
SReclaimable:     637360 kB
SUnreclaim:       264020 kB
KernelStack:       38328 kB
PageTables:        82816 kB
SecPageTables:      5656 kB
NFS_Unstable:          0 kB
Bounce:                0 kB
WritebackTmp:          0 kB
CommitLimit:    36656304 kB
Committed_AS:   28141360 kB
VmallocTotal:   34359738367 kB
VmallocUsed:      171568 kB
VmallocChunk:          0 kB
Percpu:            26208 kB
HardwareCorrupted:     0 kB
AnonHugePages:   4868096 kB
ShmemHugePages:        0 kB
ShmemPmdMapped:        0 kB
FileHugePages:   1519616 kB
FilePmdMapped:    591872 kB
CmaTotal:              0 kB
CmaFree:               0 kB
Unaccepted:            0 kB
HugePages_Total:       0
HugePages_Free:        0
HugePages_Rsvd:        0
HugePages_Surp:        0
Hugepagesize:       2048 kB
Hugetlb:               0 kB
DirectMap4k:     1220292 kB
DirectMap2M:    29308928 kB
DirectMap1G:    35651584 kB

/sys/kernel/mm/transparent_hugepage/enabled: [always] madvise never
/sys/kernel/mm/transparent_hugepage/hpage_pmd_size: 2097152
/sys/kernel/mm/transparent_hugepage/shmem_enabled: always within_size advise [never] deny force
/sys/kernel/mm/transparent_hugepage/defrag (defrag/compaction efforts parameter): always defer defer+madvise [madvise] never

Process Memory:
Virtual Size: 19514080K (peak: 19572752K)
Resident Set Size: 78628K (peak: 78628K) (anon: 52004K, file: 26224K, shmem: 400K)
Swapped out: 0K
C-Heap outstanding allocations: 54223K, retained: 2752K
glibc malloc tunables: (default)

/proc/sys/kernel/threads-max (system-wide limit on the number of threads): 506151
/proc/sys/vm/max_map_count (maximum number of memory map areas a process may have): 1048576
/proc/sys/vm/swappiness (control to define how aggressively the kernel swaps out anonymous memory): 60
/proc/sys/kernel/pid_max (system-wide limit on number of process identifiers): 4194304

container (cgroup) information:
container_type: cgroupv2
cpu_cpuset_cpus: not supported
cpu_memory_nodes: not supported
active_processor_count: 24
cpu_quota: not supported
cpu_period: not supported
cpu_shares: not supported
memory_limit_in_bytes: unlimited
memory_and_swap_limit_in_bytes: unlimited
memory_soft_limit_in_bytes: 0
memory_usage_in_bytes: 5780940 k
memory_max_usage_in_bytes: not supported
rss_usage_in_bytes: 3664776 k
cache_usage_in_bytes: 1609768 k
memory_swap_current_in_bytes: 0
memory_swap_max_limit_in_bytes: unlimited
maximum number of tasks: 75922
current number of tasks: 315

Steal ticks since vm start: 0
Steal ticks percentage since vm start:  0.000

CPU: total 24 (initial active 24) (24 cores per cpu, 2 threads per core) family 25 model 97 stepping 2 microcode 0xa601206, cx8, cmov, fxsr, ht, mmx, 3dnowpref, sse, sse2, sse3, ssse3, sse4a, sse4.1, sse4.2, popcnt, lzcnt, tsc, tscinvbit, avx, avx2, aes, erms, clmul, bmi1, bmi2, adx, avx512f, avx512dq, avx512cd, avx512bw, avx512vl, sha, fma, vzeroupper, avx512_vpopcntdq, avx512_vpclmulqdq, avx512_vaes, avx512_vnni, clflush, clflushopt, avx512_vbmi2, avx512_vbmi, rdtscp, rdpid, fsrm, gfni, avx512_bitalg, f16c, pku, ospke, cet_ss, avx512_ifma
CPU Model and flags from /proc/cpuinfo:
model name	: AMD Ryzen 9 7900X 12-Core Processor
flags		: fpu vme de pse tsc msr pae mce cx8 apic sep mtrr pge mca cmov pat pse36 clflush mmx fxsr sse sse2 ht syscall nx mmxext fxsr_opt pdpe1gb rdtscp lm constant_tsc rep_good amd_lbr_v2 nopl xtopology nonstop_tsc cpuid extd_apicid aperfmperf rapl pni pclmulqdq monitor ssse3 fma cx16 sse4_1 sse4_2 movbe popcnt aes xsave avx f16c rdrand lahf_lm cmp_legacy svm extapic cr8_legacy abm sse4a misalignsse 3dnowprefetch osvw ibs skinit wdt tce topoext perfctr_core perfctr_nb bpext perfctr_llc mwaitx cpb cat_l3 cdp_l3 hw_pstate ssbd mba perfmon_v2 ibrs ibpb stibp ibrs_enhanced vmmcall fsgsbase bmi1 avx2 smep bmi2 erms invpcid cqm rdt_a avx512f avx512dq rdseed adx smap avx512ifma clflushopt clwb avx512cd sha_ni avx512bw avx512vl xsaveopt xsavec xgetbv1 xsaves cqm_llc cqm_occup_llc cqm_mbm_total cqm_mbm_local user_shstk avx512_bf16 clzero irperf xsaveerptr rdpru wbnoinvd cppc arat npt lbrv svm_lock nrip_save tsc_scale vmcb_clean flushbyasid decodeassists pausefilter pfthreshold avic v_vmsave_vmload vgif x2avic v_spec_ctrl vnmi avx512vbmi umip pku ospke avx512_vbmi2 gfni vaes vpclmulqdq avx512_vnni avx512_bitalg avx512_vpopcntdq rdpid overflow_recov succor smca fsrm flush_l1d amd_lbr_pmc_freeze

Online cpus: 0-23
Offline cpus: 
BIOS frequency limitation: <Not Available>
Frequency switch latency (ns): 0
Available cpu frequencies: <Not Available>
Current governor: powersave
Core performance/turbo boost: 1

Memory: 4k page, physical 64924008k(51282184k free), swap 4194300k(4071164k free)
Page Sizes: 4k

vm_info: OpenJDK 64-Bit Server VM (23.0.1+11) for linux-amd64 JRE (23.0.1+11), built on 2024-10-15T00:00:00Z with gcc 11.3.0

END.
