#
# A fatal error has been detected by the Java Runtime Environment:
#
#  SIGSEGV (0xb) at pc=0x0000000000000000, pid=69216, tid=69228
#
# JRE version: OpenJDK Runtime Environment Temurin-23.0.1+11 (23.0.1+11) (build 23.0.1+11)
# Java VM: OpenJDK 64-Bit Server VM Temurin-23.0.1+11 (23.0.1+11, mixed mode, sharing, tiered, compressed oops, compressed class ptrs, g1 gc, linux-amd64)
# Problematic frame:
# C  [6079607880513980141.so+0x64694]  rlUnloadRenderBatch+0x2e
#
# Core dump will be written. Default location: Core dumps may be processed with "/usr/lib/systemd/systemd-coredump %P %u %g %s %t %c %h" (or dumping to /home/alniarez/Documents/GitHub/java-videogame-dev/raylib-game-gradle/core.69216)
#
# If you would like to submit a bug report, please visit:
#   https://github.com/adoptium/adoptium-support/issues
# The crash happened outside the Java Virtual Machine in native code.
# See problematic frame for where to report the bug.
#

---------------  S U M M A R Y ------------

Command Line: --enable-native-access=ALL-UNNAMED --enable-preview -Dfile.encoding=UTF-8 -Duser.country=US -Duser.language=en -Duser.variant de.alniarez.day2.Game

Host: AMD Ryzen 9 7900X 12-Core Processor, 24 cores, 61G, Arch Linux
Time: Fri Nov 22 17:31:23 2024 CET elapsed time: 0.106715 seconds (0d 0h 0m 0s)

---------------  T H R E A D  ---------------

Current thread (0x0000787e3402aa60):  JavaThread "main"             [_thread_in_native, id=69228, stack(0x0000787e38300000,0x0000787e38400000) (1024K)]

Stack: [0x0000787e38300000,0x0000787e38400000],  sp=0x0000787e383fe3c0,  free space=1016k
Native frames: (J=compiled Java code, j=interpreted, Vv=VM code, C=native code)
C  [6079607880513980141.so+0x64694]  rlUnloadRenderBatch+0x2e
Java frames: (J=compiled Java code, j=interpreted, Vv=VM code)
v  ~RuntimeStub::nep_invoker_blob 0x0000787e23ae4964
j  java.lang.invoke.LambdaForm$MH+0x0000787da7081400.invoke(Ljava/lang/Object;J)V+7 java.base@23.0.1
j  java.lang.invoke.LambdaForm$MH+0x0000787da7083800.invokeExact_MT(Ljava/lang/Object;JLjava/lang/Object;)V+19 java.base@23.0.1
j  jdk.internal.foreign.abi.DowncallStub+0x0000787da7081800.invoke(Ljava/lang/foreign/SegmentAllocator;Ljava/lang/foreign/MemorySegment;)V+39 java.base@23.0.1
j  java.lang.invoke.LambdaForm$DMH+0x0000787da7081c00.invokeStaticInit(Ljava/lang/Object;Ljava/lang/Object;Ljava/lang/Object;)V+11 java.base@23.0.1
j  java.lang.invoke.LambdaForm$MH+0x0000787da7082c00.invoke(Ljava/lang/Object;)V+41 java.base@23.0.1
j  java.lang.invoke.LambdaForm$MH+0x0000787da7083000.invokeExact_MT(Ljava/lang/Object;Ljava/lang/Object;)V+18 java.base@23.0.1
j  com.raylib.jextract.raylib_h_1.CloseWindow()V+20
j  com.raylib.Raylib.closeWindow()V+0
j  de.alniarez.day2.Game.stop()V+27
j  de.alniarez.day2.Game.renderingLoop()V+53
j  de.alniarez.day2.Game.start()V+32
j  de.alniarez.day2.Game.main([Ljava/lang/String;)V+9
v  ~StubRoutines::call_stub 0x0000787e2385fc86

siginfo: si_signo: 11 (SIGSEGV), si_code: 1 (SEGV_MAPERR), si_addr: 0x0000000000000000

Registers:
RAX=0x0000000000000000, RBX=0x0000787dff2fb408, RCX=0xfffffffffffffff4, RDX=0x000000045e2367f8
RSP=0x0000787e383fe3b8, RBP=0x0000000000000000, RSI=0x0000000000000000, RDI=0x0000000000008892
R8 =0x0000787d9c2756c0, R9 =0x0000000000000002, R10=0x0000000000000000, R11=0x0000787dff16f666
R12=0x0000000000000000, R13=0x0000787e383fe480, R14=0x0000787e383fe508, R15=0x0000000000000000
RIP=0x0000000000000000, EFLAGS=0x0000000000010206, CSGSFS=0x002b000000000033, ERR=0x0000000000000014
  TRAPNO=0x000000000000000e


Register to memory mapping:

RAX=0x0 is null
RBX=0x0000787dff2fb408: glad_glBindBuffer+0x0000000000000000 in /tmp/6079607880513980141.so at 0x0000787dff10b000
RCX=0xfffffffffffffff4 is an unknown value
RDX=0x000000045e2367f8 is an oop: jdk.internal.foreign.abi.NativeEntryPoint 
{0x000000045e2367f8} - klass: 'jdk/internal/foreign/abi/NativeEntryPoint'
 - ---- fields (total size 3 words):
 - private final 'methodType' 'Ljava/lang/invoke/MethodType;' @12  a 'java/lang/invoke/MethodType'{0x000000045e0ac060} = (J)V (0x8bc1580c)
 - private final 'downcallStubAddress' 'J' @16  132483159837024 (0x0000787e23ae4960)
RSP=0x0000787e383fe3b8 is pointing into the stack for thread: 0x0000787e3402aa60
RBP=0x0 is null
RSI=0x0 is null
RDI=0x0000000000008892 is an unknown value
R8 ={method} {0x0000787d9c2756c0} 'linkToNative' '(JLjava/lang/Object;)V' in 'java/lang/invoke/MethodHandle'
R9 =0x0000000000000002 is an unknown value
R10=0x0 is null
R11=0x0000787dff16f666: rlUnloadRenderBatch+0x0000000000000000 in /tmp/6079607880513980141.so at 0x0000787dff10b000
R12=0x0 is null
R13=0x0000787e383fe480 is pointing into the stack for thread: 0x0000787e3402aa60
R14=0x0000787e383fe508 is pointing into the stack for thread: 0x0000787e3402aa60
R15=0x0 is null

Top of Stack: (sp=0x0000787e383fe3b8)
0x0000787e383fe3b8:   0000787dff16f694 0000787e383fe480
0x0000787e383fe3c8:   0000787d9c2756c0 0000787e383fe470
0x0000787e383fe3d8:   0000000000000000 0000787e383fe480
0x0000787e383fe3e8:   0000787e383fe508 0000787e3402aa60
0x0000787e383fe3f8:   0000787dff16f7df 0000000000000000
0x0000787e383fe408:   0000000000000000 0000000000000000
0x0000787e383fe418:   0000000000000000 0000787d9c2756c0
0x0000787e383fe428:   0000787dff17e00c 0000787e383fe508
0x0000787e383fe438:   0000787e3402aa60 0000787e383fe460
0x0000787e383fe448:   0000787e38cf2395 00000000000000b8
0x0000787e383fe458:   81b0de8730a99500 0000787e383fe4e0
0x0000787e383fe468:   0000787e23ae4997 0000787e383fe4e0
0x0000787e383fe478:   0000787e23867020 000000045e2367f8
0x0000787e383fe488:   0000787dff17dfde 0000000000000000
0x0000787e383fe498:   fffffffffffffff7 0000787d9c54e24f
0x0000787e383fe4a8:   0000000000000005 0000787d9c54e3f8
0x0000787e383fe4b8:   0000000000000000 000000045e239338
0x0000787e383fe4c8:   0000787d9c54e260 fffffffffffffff4
0x0000787e383fe4d8:   0000787e383fe4f8 0000787e383fe558
0x0000787e383fe4e8:   0000787e23867020 000000045e2367f8
0x0000787e383fe4f8:   0000787dff17dfde 0000000000000000
0x0000787e383fe508:   000000045e239460 fffffffffffffff7
0x0000787e383fe518:   0000787d9c552a9b 0000000000000005
0x0000787e383fe528:   0000787d9c552c58 0000000000000000
0x0000787e383fe538:   000000045e25dc98 0000787d9c552aa8
0x0000787e383fe548:   fffffffffffffff4 0000787e383fe568
0x0000787e383fe558:   0000787e383fe5d0 0000787e23867020
0x0000787e383fe568:   000000045e0ac060 0000787dff17dfde
0x0000787e383fe578:   0000000000000000 000000045e239460
0x0000787e383fe588:   fffffffffffffff7 0000787d9c54eb87
0x0000787e383fe598:   0000000000000007 0000787d9c54ed58
0x0000787e383fe5a8:   0000000000000000 000000045e2439b8 

Instructions: (pc=0x0000787dff16f694)
0x0000787dff16f594:   02 07 00 00 00 c7 42 04 00 00 00 00 c7 42 08 00
0x0000787dff16f5a4:   00 00 00 89 72 0c 48 83 c2 10 48 39 ca 75 e0 48
0x0000787dff16f5b4:   8b 4c 24 50 8b 5c 24 68 89 19 c7 41 04 00 00 00
0x0000787dff16f5c4:   00 48 8b 5c 24 58 48 89 59 08 48 89 41 10 c7 41
0x0000787dff16f5d4:   18 01 00 00 00 c7 41 1c 00 00 80 bf 48 89 c8 48
0x0000787dff16f5e4:   83 c4 78 5b 5d 41 5c 41 5d 41 5e 41 5f c3 48 8d
0x0000787dff16f5f4:   35 97 12 11 00 bf 03 00 00 00 b8 00 00 00 00 e8
0x0000787dff16f604:   a8 db fe ff 48 63 44 24 6c 48 c1 e0 02 48 89 44
0x0000787dff16f614:   24 10 48 63 44 24 08 48 c1 e0 02 48 89 44 24 08
0x0000787dff16f624:   44 89 f8 c1 e0 04 48 98 48 89 44 24 18 43 8d 04
0x0000787dff16f634:   7f 01 c0 48 98 48 c1 e0 02 48 89 44 24 20 48 8b
0x0000787dff16f644:   44 24 58 48 8d 58 2c 48 8b 4c 24 60 48 8d 44 08
0x0000787dff16f654:   6c 48 89 44 24 28 4c 8d 35 1f 12 19 00 e9 9f fe
0x0000787dff16f664:   ff ff f3 0f 1e fa 41 57 41 56 41 55 41 54 55 53
0x0000787dff16f674:   48 83 ec 08 8b 6c 24 40 4c 8b 7c 24 48 48 8b 1d
0x0000787dff16f684:   98 1b 18 00 be 00 00 00 00 bf 92 88 00 00 ff 13
0x0000787dff16f694:   be 00 00 00 00 bf 93 88 00 00 ff 13 85 ed 0f 8e
0x0000787dff16f6a4:   f4 00 00 00 49 8d 5f 2c 8d 45 ff 48 c1 e0 06 4d
0x0000787dff16f6b4:   8d 74 07 6c 4c 8d 2d c1 11 19 00 eb 31 48 8b 7d
0x0000787dff16f6c4:   dc e8 06 e8 fe ff 48 8b 7d e4 e8 fd e7 fe ff 48
0x0000787dff16f6d4:   8b 7d ec e8 f4 e7 fe ff 48 8b 7d f4 e8 eb e7 fe
0x0000787dff16f6e4:   ff 48 83 c3 40 4c 39 f3 0f 84 aa 00 00 00 41 80
0x0000787dff16f6f4:   bd 88 0a 00 00 00 74 3e 8b 7b fc 4c 8b 25 5a 19
0x0000787dff16f704:   18 00 41 ff 14 24 48 8b 2d f7 2b 18 00 bf 00 00
0x0000787dff16f714:   00 00 ff 55 00 bf 01 00 00 00 ff 55 00 bf 02 00
0x0000787dff16f724:   00 00 ff 55 00 bf 03 00 00 00 ff 55 00 bf 00 00
0x0000787dff16f734:   00 00 41 ff 14 24 48 89 dd 4c 8b 25 84 19 18 00
0x0000787dff16f744:   48 89 de bf 01 00 00 00 41 ff 14 24 48 8d 73 04
0x0000787dff16f754:   bf 01 00 00 00 41 ff 14 24 48 8d 73 08 bf 01 00
0x0000787dff16f764:   00 00 41 ff 14 24 48 8d 73 0c bf 01 00 00 00 41
0x0000787dff16f774:   ff 14 24 41 80 bd 88 0a 00 00 00 0f 84 3c ff ff
0x0000787dff16f784:   ff 48 8d 73 fc bf 01 00 00 00 48 8b 05 8b 2b 18 


Stack slot to memory mapping:

stack at sp + 0 slots: 0x0000787e383fe480 is pointing into the stack for thread: 0x0000787e3402aa60
stack at sp + 1 slots: {method} {0x0000787d9c2756c0} 'linkToNative' '(JLjava/lang/Object;)V' in 'java/lang/invoke/MethodHandle'
stack at sp + 2 slots: 0x0000787e383fe470 is pointing into the stack for thread: 0x0000787e3402aa60
stack at sp + 3 slots: 0x0 is null
stack at sp + 4 slots: 0x0000787e383fe480 is pointing into the stack for thread: 0x0000787e3402aa60
stack at sp + 5 slots: 0x0000787e383fe508 is pointing into the stack for thread: 0x0000787e3402aa60
stack at sp + 6 slots: 0x0000787e3402aa60 is a thread
stack at sp + 7 slots: 0x0000787dff16f7df: rlglClose+0x0000000000000022 in /tmp/6079607880513980141.so at 0x0000787dff10b000

Lock stack of current Java thread (top to bottom):

--------------------------------------------------------------------------------
Decoding CodeBlob, name: nep_invoker_blob, at  [0x0000787e23ae4960, 0x0000787e23ae4a40]  224 bytes
[MachCode]
  0x0000787e23ae4960: 5548 8bec | c5f8 7749 | 89af b003 | 0000 49ba | 6449 ae23 | 7e78 0000 | 4d89 97a8 | 0300 0049 
  0x0000787e23ae4980: 89a7 a003 | 0000 41c7 | 8744 0400 | 0004 0000 | 004c 8bd6 | 41ff d2c5 | f877 41c7 | 8744 0400 
  0x0000787e23ae49a0: 0005 0000 | 00f0 8344 | 24c0 0049 | 3baf 4804 | 0000 0f87 | 4d00 0000 | 4183 bf40 | 0400 0000 
  0x0000787e23ae49c0: 0f85 3f00 | 0000 41c7 | 8744 0400 | 0008 0000 | 0041 83bf | c804 0000 | 020f 8444 | 0000 0049 
  0x0000787e23ae49e0: c787 a003 | 0000 0000 | 0000 49c7 | 87b0 0300 | 0000 0000 | 0049 c787 | a803 0000 | 0000 0000 
  0x0000787e23ae4a00: c5f8 77c9 | c349 8bff | c5f8 774c | 8be4 4883 | ec00 4883 | e4f0 e8a5 | d622 1549 | 8be4 4d33 
  0x0000787e23ae4a20: e4eb a3c5 | f877 4c8b | e448 83ec | 0048 83e4 | f0e8 ca4d | 6d15 498b | e44d 33e4 | eba1 f4f4 
[/MachCode]
--------------------------------------------------------------------------------


---------------  P R O C E S S  ---------------

Threads class SMR info:
_java_thread_list=0x0000787d540025c0, length=12, elements={
0x0000787e3402aa60, 0x0000787e3415bdd0, 0x0000787e3415d340, 0x0000787e3415eb50,
0x0000787e34160190, 0x0000787e34161730, 0x0000787e341632d0, 0x0000787e341649e0,
0x0000787d700a7560, 0x0000787e3419d850, 0x0000787e341a02b0, 0x0000787d700a9ac0
}

Java Threads: ( => current thread )
=>0x0000787e3402aa60 JavaThread "main"                              [_thread_in_native, id=69228, stack(0x0000787e38300000,0x0000787e38400000) (1024K)]
  0x0000787e3415bdd0 JavaThread "Reference Handler"          daemon [_thread_blocked, id=69237, stack(0x0000787e04269000,0x0000787e04369000) (1024K)]
  0x0000787e3415d340 JavaThread "Finalizer"                  daemon [_thread_blocked, id=69238, stack(0x0000787e04168000,0x0000787e04268000) (1024K)]
  0x0000787e3415eb50 JavaThread "Signal Dispatcher"          daemon [_thread_blocked, id=69239, stack(0x0000787e04067000,0x0000787e04167000) (1024K)]
  0x0000787e34160190 JavaThread "Service Thread"             daemon [_thread_blocked, id=69240, stack(0x0000787dfff00000,0x0000787e00000000) (1024K)]
  0x0000787e34161730 JavaThread "Monitor Deflation Thread"   daemon [_thread_blocked, id=69241, stack(0x0000787dffb00000,0x0000787dffc00000) (1024K)]
  0x0000787e341632d0 JavaThread "C2 CompilerThread0"         daemon [_thread_blocked, id=69242, stack(0x0000787dff9ff000,0x0000787dffaff000) (1024K)]
  0x0000787e341649e0 JavaThread "C1 CompilerThread0"         daemon [_thread_blocked, id=69243, stack(0x0000787dff8fe000,0x0000787dff9fe000) (1024K)]
  0x0000787d700a7560 JavaThread "C1 CompilerThread1"         daemon [_thread_blocked, id=69244, stack(0x0000787dff72d000,0x0000787dff82d000) (1024K)]
  0x0000787e3419d850 JavaThread "Notification Thread"        daemon [_thread_blocked, id=69245, stack(0x0000787dff62c000,0x0000787dff72c000) (1024K)]
  0x0000787e341a02b0 JavaThread "Common-Cleaner"             daemon [_thread_blocked, id=69246, stack(0x0000787dff52b000,0x0000787dff62b000) (1024K)]
  0x0000787d700a9ac0 JavaThread "C1 CompilerThread2"         daemon [_thread_blocked, id=69248, stack(0x0000787dff329000,0x0000787dff429000) (1024K)]
Total: 12

Other Threads:
  0x0000787e341510f0 VMThread "VM Thread"                           [id=69236, stack(0x0000787e0436a000,0x0000787e0446a000) (1024K)]
  0x0000787e3413ec50 WatcherThread "VM Periodic Task Thread"        [id=69235, stack(0x0000787e0446b000,0x0000787e0456b000) (1024K)]
  0x0000787e34058cc0 WorkerThread "GC Thread#0"                     [id=69230, stack(0x0000787e07d02000,0x0000787e07e02000) (1024K)]
  0x0000787e3406d940 ConcurrentGCThread "G1 Main Marker"            [id=69231, stack(0x0000787e07c01000,0x0000787e07d01000) (1024K)]
  0x0000787e3406e910 WorkerThread "G1 Conc#0"                       [id=69232, stack(0x0000787e07b00000,0x0000787e07c00000) (1024K)]
  0x0000787e3412bde0 ConcurrentGCThread "G1 Refine#0"               [id=69233, stack(0x0000787e046ee000,0x0000787e047ee000) (1024K)]
  0x0000787e3412cda0 ConcurrentGCThread "G1 Service"                [id=69234, stack(0x0000787e045ed000,0x0000787e046ed000) (1024K)]
Total: 7

Threads with active compile tasks:
Total: 0

VM state: not at safepoint (normal execution)

VM Mutex/Monitor currently owned by a thread: None

Heap address: 0x0000000421000000, size: 15856 MB, Compressed Oops mode: Zero based, Oop shift amount: 3

CDS archive(s) mapped at: [0x0000787da6000000-0x0000787da6d97000-0x0000787da6d97000), size 14249984, SharedBaseAddress: 0x0000787da6000000, ArchiveRelocationMode: 1.
Compressed class space mapped at: 0x0000787da7000000-0x0000787de7000000, reserved size: 1073741824
Narrow klass base: 0x0000787da6000000, Narrow klass shift: 0, Narrow klass range: 0x100000000

GC Precious Log:
 CardTable entry size: 512
 Card Set container configuration: InlinePtr #cards 4 size 8 Array Of Cards #cards 64 size 144 Howl #buckets 8 coarsen threshold 14745 Howl Bitmap #cards 2048 size 272 coarsen threshold 1843 Card regions per heap region 1 cards per card region 16384
 CPUs: 24 total, 24 available
 Memory: 63402M
 Large Page Support: Disabled
 NUMA Support: Disabled
 Compressed Oops: Enabled (Zero based)
 Heap Region Size: 8M
 Heap Min Capacity: 8M
 Heap Initial Capacity: 992M
 Heap Max Capacity: 15856M
 Pre-touch: Disabled
 Parallel Workers: 18
 Concurrent Workers: 5
 Concurrent Refinement Workers: 18
 Periodic GC: Disabled

Heap:
 garbage-first heap   total reserved 16236544K, committed 1024000K, used 9348K [0x0000000421000000, 0x0000000800000000)
  region size 8192K, 2 young (16384K), 0 survivors (0K)
 Metaspace       used 4172K, committed 4480K, reserved 1114112K
  class space    used 391K, committed 512K, reserved 1048576K

Heap Regions: E=young(eden), S=young(survivor), O=old, HS=humongous(starts), HC=humongous(continues), CS=collection set, F=free, TAMS=top-at-mark-start, PB=parsable bottom
|   0|0x0000000421000000, 0x0000000421000000, 0x0000000421800000|  0%| F|  |TAMS 0x0000000421000000| PB 0x0000000421000000| Untracked |  0
|   1|0x0000000421800000, 0x0000000421800000, 0x0000000422000000|  0%| F|  |TAMS 0x0000000421800000| PB 0x0000000421800000| Untracked |  0
|   2|0x0000000422000000, 0x0000000422000000, 0x0000000422800000|  0%| F|  |TAMS 0x0000000422000000| PB 0x0000000422000000| Untracked |  0
|   3|0x0000000422800000, 0x0000000422800000, 0x0000000423000000|  0%| F|  |TAMS 0x0000000422800000| PB 0x0000000422800000| Untracked |  0
|   4|0x0000000423000000, 0x0000000423000000, 0x0000000423800000|  0%| F|  |TAMS 0x0000000423000000| PB 0x0000000423000000| Untracked |  0
|   5|0x0000000423800000, 0x0000000423800000, 0x0000000424000000|  0%| F|  |TAMS 0x0000000423800000| PB 0x0000000423800000| Untracked |  0
|   6|0x0000000424000000, 0x0000000424000000, 0x0000000424800000|  0%| F|  |TAMS 0x0000000424000000| PB 0x0000000424000000| Untracked |  0
|   7|0x0000000424800000, 0x0000000424800000, 0x0000000425000000|  0%| F|  |TAMS 0x0000000424800000| PB 0x0000000424800000| Untracked |  0
|   8|0x0000000425000000, 0x0000000425000000, 0x0000000425800000|  0%| F|  |TAMS 0x0000000425000000| PB 0x0000000425000000| Untracked |  0
|   9|0x0000000425800000, 0x0000000425800000, 0x0000000426000000|  0%| F|  |TAMS 0x0000000425800000| PB 0x0000000425800000| Untracked |  0
|  10|0x0000000426000000, 0x0000000426000000, 0x0000000426800000|  0%| F|  |TAMS 0x0000000426000000| PB 0x0000000426000000| Untracked |  0
|  11|0x0000000426800000, 0x0000000426800000, 0x0000000427000000|  0%| F|  |TAMS 0x0000000426800000| PB 0x0000000426800000| Untracked |  0
|  12|0x0000000427000000, 0x0000000427000000, 0x0000000427800000|  0%| F|  |TAMS 0x0000000427000000| PB 0x0000000427000000| Untracked |  0
|  13|0x0000000427800000, 0x0000000427800000, 0x0000000428000000|  0%| F|  |TAMS 0x0000000427800000| PB 0x0000000427800000| Untracked |  0
|  14|0x0000000428000000, 0x0000000428000000, 0x0000000428800000|  0%| F|  |TAMS 0x0000000428000000| PB 0x0000000428000000| Untracked |  0
|  15|0x0000000428800000, 0x0000000428800000, 0x0000000429000000|  0%| F|  |TAMS 0x0000000428800000| PB 0x0000000428800000| Untracked |  0
|  16|0x0000000429000000, 0x0000000429000000, 0x0000000429800000|  0%| F|  |TAMS 0x0000000429000000| PB 0x0000000429000000| Untracked |  0
|  17|0x0000000429800000, 0x0000000429800000, 0x000000042a000000|  0%| F|  |TAMS 0x0000000429800000| PB 0x0000000429800000| Untracked |  0
|  18|0x000000042a000000, 0x000000042a000000, 0x000000042a800000|  0%| F|  |TAMS 0x000000042a000000| PB 0x000000042a000000| Untracked |  0
|  19|0x000000042a800000, 0x000000042a800000, 0x000000042b000000|  0%| F|  |TAMS 0x000000042a800000| PB 0x000000042a800000| Untracked |  0
|  20|0x000000042b000000, 0x000000042b000000, 0x000000042b800000|  0%| F|  |TAMS 0x000000042b000000| PB 0x000000042b000000| Untracked |  0
|  21|0x000000042b800000, 0x000000042b800000, 0x000000042c000000|  0%| F|  |TAMS 0x000000042b800000| PB 0x000000042b800000| Untracked |  0
|  22|0x000000042c000000, 0x000000042c000000, 0x000000042c800000|  0%| F|  |TAMS 0x000000042c000000| PB 0x000000042c000000| Untracked |  0
|  23|0x000000042c800000, 0x000000042c800000, 0x000000042d000000|  0%| F|  |TAMS 0x000000042c800000| PB 0x000000042c800000| Untracked |  0
|  24|0x000000042d000000, 0x000000042d000000, 0x000000042d800000|  0%| F|  |TAMS 0x000000042d000000| PB 0x000000042d000000| Untracked |  0
|  25|0x000000042d800000, 0x000000042d800000, 0x000000042e000000|  0%| F|  |TAMS 0x000000042d800000| PB 0x000000042d800000| Untracked |  0
|  26|0x000000042e000000, 0x000000042e000000, 0x000000042e800000|  0%| F|  |TAMS 0x000000042e000000| PB 0x000000042e000000| Untracked |  0
|  27|0x000000042e800000, 0x000000042e800000, 0x000000042f000000|  0%| F|  |TAMS 0x000000042e800000| PB 0x000000042e800000| Untracked |  0
|  28|0x000000042f000000, 0x000000042f000000, 0x000000042f800000|  0%| F|  |TAMS 0x000000042f000000| PB 0x000000042f000000| Untracked |  0
|  29|0x000000042f800000, 0x000000042f800000, 0x0000000430000000|  0%| F|  |TAMS 0x000000042f800000| PB 0x000000042f800000| Untracked |  0
|  30|0x0000000430000000, 0x0000000430000000, 0x0000000430800000|  0%| F|  |TAMS 0x0000000430000000| PB 0x0000000430000000| Untracked |  0
|  31|0x0000000430800000, 0x0000000430800000, 0x0000000431000000|  0%| F|  |TAMS 0x0000000430800000| PB 0x0000000430800000| Untracked |  0
|  32|0x0000000431000000, 0x0000000431000000, 0x0000000431800000|  0%| F|  |TAMS 0x0000000431000000| PB 0x0000000431000000| Untracked |  0
|  33|0x0000000431800000, 0x0000000431800000, 0x0000000432000000|  0%| F|  |TAMS 0x0000000431800000| PB 0x0000000431800000| Untracked |  0
|  34|0x0000000432000000, 0x0000000432000000, 0x0000000432800000|  0%| F|  |TAMS 0x0000000432000000| PB 0x0000000432000000| Untracked |  0
|  35|0x0000000432800000, 0x0000000432800000, 0x0000000433000000|  0%| F|  |TAMS 0x0000000432800000| PB 0x0000000432800000| Untracked |  0
|  36|0x0000000433000000, 0x0000000433000000, 0x0000000433800000|  0%| F|  |TAMS 0x0000000433000000| PB 0x0000000433000000| Untracked |  0
|  37|0x0000000433800000, 0x0000000433800000, 0x0000000434000000|  0%| F|  |TAMS 0x0000000433800000| PB 0x0000000433800000| Untracked |  0
|  38|0x0000000434000000, 0x0000000434000000, 0x0000000434800000|  0%| F|  |TAMS 0x0000000434000000| PB 0x0000000434000000| Untracked |  0
|  39|0x0000000434800000, 0x0000000434800000, 0x0000000435000000|  0%| F|  |TAMS 0x0000000434800000| PB 0x0000000434800000| Untracked |  0
|  40|0x0000000435000000, 0x0000000435000000, 0x0000000435800000|  0%| F|  |TAMS 0x0000000435000000| PB 0x0000000435000000| Untracked |  0
|  41|0x0000000435800000, 0x0000000435800000, 0x0000000436000000|  0%| F|  |TAMS 0x0000000435800000| PB 0x0000000435800000| Untracked |  0
|  42|0x0000000436000000, 0x0000000436000000, 0x0000000436800000|  0%| F|  |TAMS 0x0000000436000000| PB 0x0000000436000000| Untracked |  0
|  43|0x0000000436800000, 0x0000000436800000, 0x0000000437000000|  0%| F|  |TAMS 0x0000000436800000| PB 0x0000000436800000| Untracked |  0
|  44|0x0000000437000000, 0x0000000437000000, 0x0000000437800000|  0%| F|  |TAMS 0x0000000437000000| PB 0x0000000437000000| Untracked |  0
|  45|0x0000000437800000, 0x0000000437800000, 0x0000000438000000|  0%| F|  |TAMS 0x0000000437800000| PB 0x0000000437800000| Untracked |  0
|  46|0x0000000438000000, 0x0000000438000000, 0x0000000438800000|  0%| F|  |TAMS 0x0000000438000000| PB 0x0000000438000000| Untracked |  0
|  47|0x0000000438800000, 0x0000000438800000, 0x0000000439000000|  0%| F|  |TAMS 0x0000000438800000| PB 0x0000000438800000| Untracked |  0
|  48|0x0000000439000000, 0x0000000439000000, 0x0000000439800000|  0%| F|  |TAMS 0x0000000439000000| PB 0x0000000439000000| Untracked |  0
|  49|0x0000000439800000, 0x0000000439800000, 0x000000043a000000|  0%| F|  |TAMS 0x0000000439800000| PB 0x0000000439800000| Untracked |  0
|  50|0x000000043a000000, 0x000000043a000000, 0x000000043a800000|  0%| F|  |TAMS 0x000000043a000000| PB 0x000000043a000000| Untracked |  0
|  51|0x000000043a800000, 0x000000043a800000, 0x000000043b000000|  0%| F|  |TAMS 0x000000043a800000| PB 0x000000043a800000| Untracked |  0
|  52|0x000000043b000000, 0x000000043b000000, 0x000000043b800000|  0%| F|  |TAMS 0x000000043b000000| PB 0x000000043b000000| Untracked |  0
|  53|0x000000043b800000, 0x000000043b800000, 0x000000043c000000|  0%| F|  |TAMS 0x000000043b800000| PB 0x000000043b800000| Untracked |  0
|  54|0x000000043c000000, 0x000000043c000000, 0x000000043c800000|  0%| F|  |TAMS 0x000000043c000000| PB 0x000000043c000000| Untracked |  0
|  55|0x000000043c800000, 0x000000043c800000, 0x000000043d000000|  0%| F|  |TAMS 0x000000043c800000| PB 0x000000043c800000| Untracked |  0
|  56|0x000000043d000000, 0x000000043d000000, 0x000000043d800000|  0%| F|  |TAMS 0x000000043d000000| PB 0x000000043d000000| Untracked |  0
|  57|0x000000043d800000, 0x000000043d800000, 0x000000043e000000|  0%| F|  |TAMS 0x000000043d800000| PB 0x000000043d800000| Untracked |  0
|  58|0x000000043e000000, 0x000000043e000000, 0x000000043e800000|  0%| F|  |TAMS 0x000000043e000000| PB 0x000000043e000000| Untracked |  0
|  59|0x000000043e800000, 0x000000043e800000, 0x000000043f000000|  0%| F|  |TAMS 0x000000043e800000| PB 0x000000043e800000| Untracked |  0
|  60|0x000000043f000000, 0x000000043f000000, 0x000000043f800000|  0%| F|  |TAMS 0x000000043f000000| PB 0x000000043f000000| Untracked |  0
|  61|0x000000043f800000, 0x000000043f800000, 0x0000000440000000|  0%| F|  |TAMS 0x000000043f800000| PB 0x000000043f800000| Untracked |  0
|  62|0x0000000440000000, 0x0000000440000000, 0x0000000440800000|  0%| F|  |TAMS 0x0000000440000000| PB 0x0000000440000000| Untracked |  0
|  63|0x0000000440800000, 0x0000000440800000, 0x0000000441000000|  0%| F|  |TAMS 0x0000000440800000| PB 0x0000000440800000| Untracked |  0
|  64|0x0000000441000000, 0x0000000441000000, 0x0000000441800000|  0%| F|  |TAMS 0x0000000441000000| PB 0x0000000441000000| Untracked |  0
|  65|0x0000000441800000, 0x0000000441800000, 0x0000000442000000|  0%| F|  |TAMS 0x0000000441800000| PB 0x0000000441800000| Untracked |  0
|  66|0x0000000442000000, 0x0000000442000000, 0x0000000442800000|  0%| F|  |TAMS 0x0000000442000000| PB 0x0000000442000000| Untracked |  0
|  67|0x0000000442800000, 0x0000000442800000, 0x0000000443000000|  0%| F|  |TAMS 0x0000000442800000| PB 0x0000000442800000| Untracked |  0
|  68|0x0000000443000000, 0x0000000443000000, 0x0000000443800000|  0%| F|  |TAMS 0x0000000443000000| PB 0x0000000443000000| Untracked |  0
|  69|0x0000000443800000, 0x0000000443800000, 0x0000000444000000|  0%| F|  |TAMS 0x0000000443800000| PB 0x0000000443800000| Untracked |  0
|  70|0x0000000444000000, 0x0000000444000000, 0x0000000444800000|  0%| F|  |TAMS 0x0000000444000000| PB 0x0000000444000000| Untracked |  0
|  71|0x0000000444800000, 0x0000000444800000, 0x0000000445000000|  0%| F|  |TAMS 0x0000000444800000| PB 0x0000000444800000| Untracked |  0
|  72|0x0000000445000000, 0x0000000445000000, 0x0000000445800000|  0%| F|  |TAMS 0x0000000445000000| PB 0x0000000445000000| Untracked |  0
|  73|0x0000000445800000, 0x0000000445800000, 0x0000000446000000|  0%| F|  |TAMS 0x0000000445800000| PB 0x0000000445800000| Untracked |  0
|  74|0x0000000446000000, 0x0000000446000000, 0x0000000446800000|  0%| F|  |TAMS 0x0000000446000000| PB 0x0000000446000000| Untracked |  0
|  75|0x0000000446800000, 0x0000000446800000, 0x0000000447000000|  0%| F|  |TAMS 0x0000000446800000| PB 0x0000000446800000| Untracked |  0
|  76|0x0000000447000000, 0x0000000447000000, 0x0000000447800000|  0%| F|  |TAMS 0x0000000447000000| PB 0x0000000447000000| Untracked |  0
|  77|0x0000000447800000, 0x0000000447800000, 0x0000000448000000|  0%| F|  |TAMS 0x0000000447800000| PB 0x0000000447800000| Untracked |  0
|  78|0x0000000448000000, 0x0000000448000000, 0x0000000448800000|  0%| F|  |TAMS 0x0000000448000000| PB 0x0000000448000000| Untracked |  0
|  79|0x0000000448800000, 0x0000000448800000, 0x0000000449000000|  0%| F|  |TAMS 0x0000000448800000| PB 0x0000000448800000| Untracked |  0
|  80|0x0000000449000000, 0x0000000449000000, 0x0000000449800000|  0%| F|  |TAMS 0x0000000449000000| PB 0x0000000449000000| Untracked |  0
|  81|0x0000000449800000, 0x0000000449800000, 0x000000044a000000|  0%| F|  |TAMS 0x0000000449800000| PB 0x0000000449800000| Untracked |  0
|  82|0x000000044a000000, 0x000000044a000000, 0x000000044a800000|  0%| F|  |TAMS 0x000000044a000000| PB 0x000000044a000000| Untracked |  0
|  83|0x000000044a800000, 0x000000044a800000, 0x000000044b000000|  0%| F|  |TAMS 0x000000044a800000| PB 0x000000044a800000| Untracked |  0
|  84|0x000000044b000000, 0x000000044b000000, 0x000000044b800000|  0%| F|  |TAMS 0x000000044b000000| PB 0x000000044b000000| Untracked |  0
|  85|0x000000044b800000, 0x000000044b800000, 0x000000044c000000|  0%| F|  |TAMS 0x000000044b800000| PB 0x000000044b800000| Untracked |  0
|  86|0x000000044c000000, 0x000000044c000000, 0x000000044c800000|  0%| F|  |TAMS 0x000000044c000000| PB 0x000000044c000000| Untracked |  0
|  87|0x000000044c800000, 0x000000044c800000, 0x000000044d000000|  0%| F|  |TAMS 0x000000044c800000| PB 0x000000044c800000| Untracked |  0
|  88|0x000000044d000000, 0x000000044d000000, 0x000000044d800000|  0%| F|  |TAMS 0x000000044d000000| PB 0x000000044d000000| Untracked |  0
|  89|0x000000044d800000, 0x000000044d800000, 0x000000044e000000|  0%| F|  |TAMS 0x000000044d800000| PB 0x000000044d800000| Untracked |  0
|  90|0x000000044e000000, 0x000000044e000000, 0x000000044e800000|  0%| F|  |TAMS 0x000000044e000000| PB 0x000000044e000000| Untracked |  0
|  91|0x000000044e800000, 0x000000044e800000, 0x000000044f000000|  0%| F|  |TAMS 0x000000044e800000| PB 0x000000044e800000| Untracked |  0
|  92|0x000000044f000000, 0x000000044f000000, 0x000000044f800000|  0%| F|  |TAMS 0x000000044f000000| PB 0x000000044f000000| Untracked |  0
|  93|0x000000044f800000, 0x000000044f800000, 0x0000000450000000|  0%| F|  |TAMS 0x000000044f800000| PB 0x000000044f800000| Untracked |  0
|  94|0x0000000450000000, 0x0000000450000000, 0x0000000450800000|  0%| F|  |TAMS 0x0000000450000000| PB 0x0000000450000000| Untracked |  0
|  95|0x0000000450800000, 0x0000000450800000, 0x0000000451000000|  0%| F|  |TAMS 0x0000000450800000| PB 0x0000000450800000| Untracked |  0
|  96|0x0000000451000000, 0x0000000451000000, 0x0000000451800000|  0%| F|  |TAMS 0x0000000451000000| PB 0x0000000451000000| Untracked |  0
|  97|0x0000000451800000, 0x0000000451800000, 0x0000000452000000|  0%| F|  |TAMS 0x0000000451800000| PB 0x0000000451800000| Untracked |  0
|  98|0x0000000452000000, 0x0000000452000000, 0x0000000452800000|  0%| F|  |TAMS 0x0000000452000000| PB 0x0000000452000000| Untracked |  0
|  99|0x0000000452800000, 0x0000000452800000, 0x0000000453000000|  0%| F|  |TAMS 0x0000000452800000| PB 0x0000000452800000| Untracked |  0
| 100|0x0000000453000000, 0x0000000453000000, 0x0000000453800000|  0%| F|  |TAMS 0x0000000453000000| PB 0x0000000453000000| Untracked |  0
| 101|0x0000000453800000, 0x0000000453800000, 0x0000000454000000|  0%| F|  |TAMS 0x0000000453800000| PB 0x0000000453800000| Untracked |  0
| 102|0x0000000454000000, 0x0000000454000000, 0x0000000454800000|  0%| F|  |TAMS 0x0000000454000000| PB 0x0000000454000000| Untracked |  0
| 103|0x0000000454800000, 0x0000000454800000, 0x0000000455000000|  0%| F|  |TAMS 0x0000000454800000| PB 0x0000000454800000| Untracked |  0
| 104|0x0000000455000000, 0x0000000455000000, 0x0000000455800000|  0%| F|  |TAMS 0x0000000455000000| PB 0x0000000455000000| Untracked |  0
| 105|0x0000000455800000, 0x0000000455800000, 0x0000000456000000|  0%| F|  |TAMS 0x0000000455800000| PB 0x0000000455800000| Untracked |  0
| 106|0x0000000456000000, 0x0000000456000000, 0x0000000456800000|  0%| F|  |TAMS 0x0000000456000000| PB 0x0000000456000000| Untracked |  0
| 107|0x0000000456800000, 0x0000000456800000, 0x0000000457000000|  0%| F|  |TAMS 0x0000000456800000| PB 0x0000000456800000| Untracked |  0
| 108|0x0000000457000000, 0x0000000457000000, 0x0000000457800000|  0%| F|  |TAMS 0x0000000457000000| PB 0x0000000457000000| Untracked |  0
| 109|0x0000000457800000, 0x0000000457800000, 0x0000000458000000|  0%| F|  |TAMS 0x0000000457800000| PB 0x0000000457800000| Untracked |  0
| 110|0x0000000458000000, 0x0000000458000000, 0x0000000458800000|  0%| F|  |TAMS 0x0000000458000000| PB 0x0000000458000000| Untracked |  0
| 111|0x0000000458800000, 0x0000000458800000, 0x0000000459000000|  0%| F|  |TAMS 0x0000000458800000| PB 0x0000000458800000| Untracked |  0
| 112|0x0000000459000000, 0x0000000459000000, 0x0000000459800000|  0%| F|  |TAMS 0x0000000459000000| PB 0x0000000459000000| Untracked |  0
| 113|0x0000000459800000, 0x0000000459800000, 0x000000045a000000|  0%| F|  |TAMS 0x0000000459800000| PB 0x0000000459800000| Untracked |  0
| 114|0x000000045a000000, 0x000000045a000000, 0x000000045a800000|  0%| F|  |TAMS 0x000000045a000000| PB 0x000000045a000000| Untracked |  0
| 115|0x000000045a800000, 0x000000045a800000, 0x000000045b000000|  0%| F|  |TAMS 0x000000045a800000| PB 0x000000045a800000| Untracked |  0
| 116|0x000000045b000000, 0x000000045b000000, 0x000000045b800000|  0%| F|  |TAMS 0x000000045b000000| PB 0x000000045b000000| Untracked |  0
| 117|0x000000045b800000, 0x000000045b800000, 0x000000045c000000|  0%| F|  |TAMS 0x000000045b800000| PB 0x000000045b800000| Untracked |  0
| 118|0x000000045c000000, 0x000000045c000000, 0x000000045c800000|  0%| F|  |TAMS 0x000000045c000000| PB 0x000000045c000000| Untracked |  0
| 119|0x000000045c800000, 0x000000045c800000, 0x000000045d000000|  0%| F|  |TAMS 0x000000045c800000| PB 0x000000045c800000| Untracked |  0
| 120|0x000000045d000000, 0x000000045d000000, 0x000000045d800000|  0%| F|  |TAMS 0x000000045d000000| PB 0x000000045d000000| Untracked |  0
| 121|0x000000045d800000, 0x000000045d800000, 0x000000045e000000|  0%| F|  |TAMS 0x000000045d800000| PB 0x000000045d800000| Untracked |  0
| 122|0x000000045e000000, 0x000000045e2e1970, 0x000000045e800000| 36%| E|  |TAMS 0x000000045e000000| PB 0x000000045e000000| Complete |  0
| 123|0x000000045e800000, 0x000000045f000000, 0x000000045f000000|100%| E|CS|TAMS 0x000000045e800000| PB 0x000000045e800000| Complete |  0
|1981|0x00000007ff800000, 0x00000007ff9211a8, 0x0000000800000000| 14%| O|  |TAMS 0x00000007ff800000| PB 0x00000007ff800000| Untracked |  0

Card table byte_map: [0x0000787e17600000,0x0000787e194f8000] _byte_map_base: 0x0000787e154f8000

Marking Bits: (CMBitMap*) 0x0000787e340597f0
 Bits: [0x0000787e07e40000, 0x0000787e17600000)

Polling page: 0x0000787e39d63000

Metaspace:

Usage:
  Non-class:      3.69 MB used.
      Class:    391.20 KB used.
       Both:      4.07 MB used.

Virtual space:
  Non-class space:       64.00 MB reserved,       3.88 MB (  6%) committed,  1 nodes.
      Class space:        1.00 GB reserved,     512.00 KB ( <1%) committed,  1 nodes.
             Both:        1.06 GB reserved,       4.38 MB ( <1%) committed. 

Chunk freelists:
   Non-Class:  10.68 MB
       Class:  15.49 MB
        Both:  26.16 MB

MaxMetaspaceSize: unlimited
CompressedClassSpaceSize: 1.00 GB
Initial GC threshold: 21.00 MB
Current GC threshold: 21.00 MB
CDS: on
 - commit_granule_bytes: 65536.
 - commit_granule_words: 8192.
 - virtual_space_node_default_size: 8388608.
 - enlarge_chunks_in_place: 1.
 - use_allocation_guard: 0.


Internal statistics:

num_allocs_failed_limit: 0.
num_arena_births: 262.
num_arena_deaths: 0.
num_vsnodes_births: 2.
num_vsnodes_deaths: 0.
num_space_committed: 70.
num_space_uncommitted: 0.
num_chunks_returned_to_freelist: 0.
num_chunks_taken_from_freelist: 334.
num_chunk_merges: 0.
num_chunk_splits: 227.
num_chunks_enlarged: 124.
num_inconsistent_stats: 0.

CodeHeap 'non-profiled nmethods': size=119172Kb used=228Kb max_used=228Kb free=118943Kb
 bounds [0x0000787e23f9f000, 0x0000787e2420f000, 0x0000787e2b400000]
CodeHeap 'profiled nmethods': size=119164Kb used=823Kb max_used=823Kb free=118341Kb
 bounds [0x0000787e1c400000, 0x0000787e1c670000, 0x0000787e2385f000]
CodeHeap 'non-nmethods': size=7424Kb used=2649Kb max_used=2663Kb free=4775Kb
 bounds [0x0000787e2385f000, 0x0000787e23aff000, 0x0000787e23f9f000]
CodeCache: size=245760Kb, used=3700Kb, max_used=3714Kb, free=242059Kb
 total_blobs=1253, nmethods=729, adapters=427, full_count=0
Compilation: enabled, stopped_count=0, restarted_count=0

Compilation events (20 events):
Event: 0.105 Thread 0x0000787d700a9ac0  716       3       java.lang.classfile.Opcode::isWide (16 bytes)
Event: 0.105 Thread 0x0000787d700a9ac0 nmethod 716 0x0000787e1c4c9c88 code [0x0000787e1c4c9da0, 0x0000787e1c4c9ef8]
Event: 0.105 Thread 0x0000787d700a7560 nmethod 715 0x0000787e1c4c9f88 code [0x0000787e1c4ca0e0, 0x0000787e1c4ca4d8]
Event: 0.106 Thread 0x0000787d700a9ac0  718       3       java.lang.invoke.InvokerBytecodeGenerator::storeInsnOpcode (98 bytes)
Event: 0.106 Thread 0x0000787d700a7560  719       3       jdk.internal.org.objectweb.asm.Frame::getInputStackSize (6 bytes)
Event: 0.106 Thread 0x0000787d700a7560 nmethod 719 0x0000787e1c4ca588 code [0x0000787e1c4ca6a0, 0x0000787e1c4ca7b0]
Event: 0.106 Thread 0x0000787d700a7560  720       3       java.util.ImmutableCollections$List12::size (16 bytes)
Event: 0.106 Thread 0x0000787e341649e0  721       3       java.lang.invoke.LambdaForm::methodType (48 bytes)
Event: 0.106 Thread 0x0000787d700a7560 nmethod 720 0x0000787e1c4ca888 code [0x0000787e1c4ca9a0, 0x0000787e1c4cab28]
Event: 0.106 Thread 0x0000787d700a7560  723       3       jdk.internal.org.objectweb.asm.Handler::putExceptionTable (63 bytes)
Event: 0.106 Thread 0x0000787d700a9ac0 nmethod 718 0x0000787e1c4cab88 code [0x0000787e1c4cad80, 0x0000787e1c4cb700]
Event: 0.106 Thread 0x0000787d700a9ac0  724       3       java.util.ImmutableCollections$ListN::get (7 bytes)
Event: 0.106 Thread 0x0000787d700a9ac0 nmethod 724 0x0000787e1c4cb788 code [0x0000787e1c4cb8a0, 0x0000787e1c4cb9d0]
Event: 0.106 Thread 0x0000787d700a7560 nmethod 723 0x0000787e1c4cba88 code [0x0000787e1c4cbc20, 0x0000787e1c4cc058]
Event: 0.106 Thread 0x0000787e341649e0 nmethod 721 0x0000787e1c4cc088 code [0x0000787e1c4cc200, 0x0000787e1c4cc7b8]
Event: 0.106 Thread 0x0000787e341632d0 nmethod 668 0x0000787e23fd6a88 code [0x0000787e23fd6be0, 0x0000787e23fd71c8]
Event: 0.106 Thread 0x0000787e341632d0  676       4       jdk.internal.org.objectweb.asm.SymbolTable::put (150 bytes)
Event: 0.106 Thread 0x0000787d700a7560  728       3       jdk.internal.org.objectweb.asm.Type::getReturnTypeOffset (64 bytes)
Event: 0.106 Thread 0x0000787e341649e0  729       1       java.lang.Class::getClassData (5 bytes)
Event: 0.106 Thread 0x0000787e341649e0 nmethod 729 0x0000787e23fd7588 code [0x0000787e23fd76a0, 0x0000787e23fd7768]

GC Heap History (0 events):
No events

Dll operation events (8 events):
Event: 0.001 Loaded shared library /usr/lib/jvm/java-23-temurin/lib/libjava.so
Event: 0.013 Loaded shared library /usr/lib/jvm/java-23-temurin/lib/libjsvml.so
Event: 0.022 Loaded shared library /usr/lib/jvm/java-23-temurin/lib/libnio.so
Event: 0.024 Loaded shared library /usr/lib/jvm/java-23-temurin/lib/libzip.so
Event: 0.050 Loaded shared library /usr/lib/jvm/java-23-temurin/lib/libnet.so
Event: 0.054 Loaded shared library /usr/lib/jvm/java-23-temurin/lib/libjimage.so
Event: 0.066 Loaded shared library /tmp/6079607880513980141.so
Event: 0.070 Loaded shared library /usr/lib/jvm/java-23-temurin/lib/libsyslookup.so

Deoptimization events (0 events):
No events

Classes loaded (20 events):
Event: 0.103 Loading class sun/invoke/util/ValueConversions$Handles
Event: 0.103 Loading class sun/invoke/util/ValueConversions$Handles done
Event: 0.103 Loading class java/util/Spliterators$IntArraySpliterator
Event: 0.103 Loading class java/util/Spliterators$IntArraySpliterator done
Event: 0.103 Loading class java/util/stream/Streams$ConcatSpliterator$OfInt
Event: 0.103 Loading class java/util/stream/Streams$ConcatSpliterator$OfPrimitive
Event: 0.103 Loading class java/util/stream/Streams$ConcatSpliterator
Event: 0.103 Loading class java/util/stream/Streams$ConcatSpliterator done
Event: 0.103 Loading class java/util/stream/Streams$ConcatSpliterator$OfPrimitive done
Event: 0.103 Loading class java/util/stream/Streams$ConcatSpliterator$OfInt done
Event: 0.103 Loading class java/util/stream/Streams$2
Event: 0.103 Loading class java/util/stream/Streams$2 done
Event: 0.103 Loading class java/util/stream/Nodes$IntFixedNodeBuilder
Event: 0.103 Loading class java/util/stream/Node$Builder$OfInt
Event: 0.103 Loading class java/util/stream/Node$Builder$OfInt done
Event: 0.103 Loading class java/util/stream/Nodes$IntArrayNode
Event: 0.103 Loading class java/util/stream/Nodes$IntArrayNode done
Event: 0.103 Loading class java/util/stream/Nodes$IntFixedNodeBuilder done
Event: 0.104 Loading class java/lang/invoke/VarHandles$2
Event: 0.104 Loading class java/lang/invoke/VarHandles$2 done

Classes unloaded (0 events):
No events

Classes redefined (0 events):
No events

Internal exceptions (20 events):
Event: 0.089 Thread 0x0000787e3402aa60 Exception <a 'java/lang/NoSuchMethodError'{0x000000045e0ac848}: 'void java.lang.invoke.DirectMethodHandle$Holder.invokeStatic(java.lang.Object, long)'> (0x000000045e0ac848) 
thrown [src/hotspot/share/interpreter/linkResolver.cpp, line 795]
Event: 0.089 Thread 0x0000787e3402aa60 Exception <a 'java/lang/NoSuchMethodError'{0x000000045e0b1900}: 'java.lang.Object java.lang.invoke.DirectMethodHandle$Holder.newInvokeSpecial(java.lang.Object, long)'> (0x000000045e0b1900) 
thrown [src/hotspot/share/interpreter/linkResolver.cpp, line 795]
Event: 0.092 Thread 0x0000787e3402aa60 Exception <a 'java/lang/NoSuchMethodError'{0x000000045e0dba28}: 'void java.lang.invoke.DirectMethodHandle$Holder.invokeStatic(java.lang.Object, int, java.lang.Object)'> (0x000000045e0dba28) 
thrown [src/hotspot/share/interpreter/linkResolver.cpp, line 795]
Event: 0.094 Thread 0x0000787e3402aa60 Exception <a 'java/lang/NoSuchMethodError'{0x000000045e10d9a8}: 'int java.lang.invoke.Invokers$Holder.invokeExact_MT(java.lang.Object, java.lang.Object)'> (0x000000045e10d9a8) 
thrown [src/hotspot/share/interpreter/linkResolver.cpp, line 795]
Event: 0.095 Thread 0x0000787e3402aa60 Exception <a 'java/lang/NoSuchMethodError'{0x000000045e111da0}: 'java.lang.Object java.lang.invoke.Invokers$Holder.invoke_MT(java.lang.Object, java.lang.Object, java.lang.Object, java.lang.Object, java.lang.Object)'> (0x000000045e111da0) 
thrown [src/hotspot/share/interpreter/linkResolver.cpp, line 795]
Event: 0.099 Thread 0x0000787e3402aa60 Exception <a 'java/lang/NoSuchMethodError'{0x000000045e193b08}: 'long java.lang.invoke.DirectMethodHandle$Holder.invokeStaticInit(java.lang.Object, long, long, long, long)'> (0x000000045e193b08) 
thrown [src/hotspot/share/interpreter/linkResolver.cpp, line 795]
Event: 0.099 Thread 0x0000787e3402aa60 Exception <a 'java/lang/NoSuchMethodError'{0x000000045e1973c8}: 'java.lang.Object java.lang.invoke.DirectMethodHandle$Holder.invokeInterface(java.lang.Object, java.lang.Object, long, long)'> (0x000000045e1973c8) 
thrown [src/hotspot/share/interpreter/linkResolver.cpp, line 795]
Event: 0.099 Thread 0x0000787e3402aa60 Exception <a 'java/lang/NoSuchMethodError'{0x000000045e19aeb8}: 'java.lang.Object java.lang.invoke.DirectMethodHandle$Holder.invokeInterface(java.lang.Object, java.lang.Object, long, java.lang.Object)'> (0x000000045e19aeb8) 
thrown [src/hotspot/share/interpreter/linkResolver.cpp, line 795]
Event: 0.099 Thread 0x0000787e3402aa60 Exception <a 'java/lang/NoSuchMethodError'{0x000000045e1a1738}: 'void java.lang.invoke.DirectMethodHandle$Holder.invokeStaticInit(java.lang.Object, java.lang.Object, long, java.lang.Object)'> (0x000000045e1a1738) 
thrown [src/hotspot/share/interpreter/linkResolver.cpp, line 795]
Event: 0.101 Thread 0x0000787e3402aa60 Exception <a 'java/lang/NoSuchMethodError'{0x000000045e1c0398}: 'java.lang.Object java.lang.invoke.DirectMethodHandle$Holder.invokeStatic(java.lang.Object, java.lang.Object, int)'> (0x000000045e1c0398) 
thrown [src/hotspot/share/interpreter/linkResolver.cpp, line 795]
Event: 0.101 Thread 0x0000787e3402aa60 Exception <a 'java/lang/NoSuchMethodError'{0x000000045e1d2510}: 'void java.lang.invoke.DelegatingMethodHandle$Holder.delegate(java.lang.Object, java.lang.Object, int, java.lang.Object)'> (0x000000045e1d2510) 
thrown [src/hotspot/share/interpreter/linkResolver.cpp, line 795]
Event: 0.102 Thread 0x0000787e3402aa60 Exception <a 'java/lang/NoSuchMethodError'{0x000000045e1eb2e0}: 'java.lang.Object java.lang.invoke.DirectMethodHandle$Holder.newInvokeSpecial(java.lang.Object, int, java.lang.Object)'> (0x000000045e1eb2e0) 
thrown [src/hotspot/share/interpreter/linkResolver.cpp, line 795]
Event: 0.102 Thread 0x0000787e3402aa60 Exception <a 'java/lang/NoSuchMethodError'{0x000000045e1f3508}: 'void java.lang.invoke.DelegatingMethodHandle$Holder.reinvoke_L(java.lang.Object, java.lang.Object, long, java.lang.Object)'> (0x000000045e1f3508) 
thrown [src/hotspot/share/interpreter/linkResolver.cpp, line 795]
Event: 0.103 Thread 0x0000787e3402aa60 Exception <a 'java/lang/NoSuchMethodError'{0x000000045e200628}: 'java.lang.Object java.lang.invoke.DirectMethodHandle$Holder.invokeSpecial(java.lang.Object, java.lang.Object, java.lang.Object, java.lang.Object, long)'> (0x000000045e200628) 
thrown [src/hotspot/share/interpreter/linkResolver.cpp, line 795]
Event: 0.104 Thread 0x0000787e3402aa60 Exception <a 'java/lang/NoSuchMethodError'{0x000000045e21ef08}: 'void java.lang.invoke.DelegatingMethodHandle$Holder.reinvoke_L(java.lang.Object, java.lang.Object, java.lang.Object, long, int)'> (0x000000045e21ef08) 
thrown [src/hotspot/share/interpreter/linkResolver.cpp, line 795]
Event: 0.104 Thread 0x0000787e3402aa60 Exception <a 'java/lang/NoSuchMethodError'{0x000000045e226658}: 'void java.lang.invoke.DirectMethodHandle$Holder.invokeSpecial(java.lang.Object, java.lang.Object, java.lang.Object, long)'> (0x000000045e226658) 
thrown [src/hotspot/share/interpreter/linkResolver.cpp, line 795]
Event: 0.106 Thread 0x0000787e3402aa60 Exception <a 'java/lang/NoSuchMethodError'{0x000000045e243f40}: 'void java.lang.invoke.DirectMethodHandle$Holder.invokeStaticInit(java.lang.Object, java.lang.Object, java.lang.Object)'> (0x000000045e243f40) 
thrown [src/hotspot/share/interpreter/linkResolver.cpp, line 795]
Event: 0.106 Thread 0x0000787e3402aa60 Exception <a 'java/lang/NoSuchMethodError'{0x000000045e2545c8}: 'void java.lang.invoke.Invokers$Holder.invokeExact_MT(java.lang.Object, java.lang.Object)'> (0x000000045e2545c8) 
thrown [src/hotspot/share/interpreter/linkResolver.cpp, line 795]
Event: 0.106 Thread 0x0000787e3402aa60 Exception <a 'java/lang/NoSuchMethodError'{0x000000045e257ed0}: 'void java.lang.invoke.DirectMethodHandle$Holder.invokeSpecial(java.lang.Object, java.lang.Object, long)'> (0x000000045e257ed0) 
thrown [src/hotspot/share/interpreter/linkResolver.cpp, line 795]
Event: 0.106 Thread 0x0000787e3402aa60 Exception <a 'java/lang/NoSuchMethodError'{0x000000045e25aea8}: 'void java.lang.invoke.Invokers$Holder.invokeExact_MT(java.lang.Object, long, java.lang.Object)'> (0x000000045e25aea8) 
thrown [src/hotspot/share/interpreter/linkResolver.cpp, line 795]

VM Operations (2 events):
Event: 0.024 Executing VM operation: HandshakeAllThreads (Deoptimize)
Event: 0.025 Executing VM operation: HandshakeAllThreads (Deoptimize) done

Memory protections (13 events):
Event: 0.001 Protecting memory [0x0000787e38300000,0x0000787e38304000] with protection modes 0
Event: 0.012 Protecting memory [0x0000787e04269000,0x0000787e0426d000] with protection modes 0
Event: 0.012 Protecting memory [0x0000787e04168000,0x0000787e0416c000] with protection modes 0
Event: 0.012 Protecting memory [0x0000787e04067000,0x0000787e0406b000] with protection modes 0
Event: 0.013 Protecting memory [0x0000787dfff00000,0x0000787dfff04000] with protection modes 0
Event: 0.013 Protecting memory [0x0000787dffb00000,0x0000787dffb04000] with protection modes 0
Event: 0.013 Protecting memory [0x0000787dff9ff000,0x0000787dffa03000] with protection modes 0
Event: 0.013 Protecting memory [0x0000787dff8fe000,0x0000787dff902000] with protection modes 0
Event: 0.015 Protecting memory [0x0000787dff72d000,0x0000787dff731000] with protection modes 0
Event: 0.017 Protecting memory [0x0000787dff62c000,0x0000787dff630000] with protection modes 0
Event: 0.018 Protecting memory [0x0000787dff52b000,0x0000787dff52f000] with protection modes 0
Event: 0.021 Protecting memory [0x0000787dff42a000,0x0000787dff42e000] with protection modes 0
Event: 0.023 Protecting memory [0x0000787dff329000,0x0000787dff32d000] with protection modes 0

Nmethod flushes (0 events):
No events

Events (14 events):
Event: 0.008 Thread 0x0000787e3402aa60 Thread added: 0x0000787e3402aa60
Event: 0.012 Thread 0x0000787e3402aa60 Thread added: 0x0000787e3415bdd0
Event: 0.012 Thread 0x0000787e3402aa60 Thread added: 0x0000787e3415d340
Event: 0.012 Thread 0x0000787e3402aa60 Thread added: 0x0000787e3415eb50
Event: 0.013 Thread 0x0000787e3402aa60 Thread added: 0x0000787e34160190
Event: 0.013 Thread 0x0000787e3402aa60 Thread added: 0x0000787e34161730
Event: 0.013 Thread 0x0000787e3402aa60 Thread added: 0x0000787e341632d0
Event: 0.013 Thread 0x0000787e3402aa60 Thread added: 0x0000787e341649e0
Event: 0.015 Thread 0x0000787e341632d0 Thread added: 0x0000787d700a7560
Event: 0.017 Thread 0x0000787e3402aa60 Thread added: 0x0000787e3419d850
Event: 0.018 Thread 0x0000787e3402aa60 Thread added: 0x0000787e341a02b0
Event: 0.021 Thread 0x0000787e3402aa60 Thread added: 0x0000787e341a8630
Event: 0.023 Thread 0x0000787e341632d0 Thread added: 0x0000787d700a9ac0
Event: 0.096 Thread 0x0000787e341a8630 Thread exited: 0x0000787e341a8630


Dynamic libraries:
421000000-45f000000 rw-p 00000000 00:00 0 
45f000000-7ff800000 ---p 00000000 00:00 0 
7ff800000-7ff922000 rw-p 00dc6000 103:02 52301455                        /usr/lib/jvm/java-23-temurin/lib/server/classes.jsa
7ff922000-800000000 rw-p 00000000 00:00 0 
64a38e7d2000-64a38e7d3000 r-xp 00000000 103:02 52301289                  /usr/lib/jvm/java-23-temurin/bin/java
64a38e7d4000-64a38e7d5000 r--p 00001000 103:02 52301289                  /usr/lib/jvm/java-23-temurin/bin/java
64a38e7d5000-64a38e7d6000 rw-p 00002000 103:02 52301289                  /usr/lib/jvm/java-23-temurin/bin/java
64a3c47e2000-64a3c4829000 rw-p 00000000 00:00 0                          [heap]
787d4c000000-787d4c162000 rw-p 00000000 00:00 0 
787d4c162000-787d50000000 ---p 00000000 00:00 0 
787d54000000-787d54021000 rw-p 00000000 00:00 0 
787d54021000-787d58000000 ---p 00000000 00:00 0 
787d58000000-787d58021000 rw-p 00000000 00:00 0 
787d58021000-787d5c000000 ---p 00000000 00:00 0 
787d60000000-787d60021000 rw-p 00000000 00:00 0 
787d60021000-787d64000000 ---p 00000000 00:00 0 
787d64000000-787d6414e000 rw-p 00000000 00:00 0 
787d6414e000-787d68000000 ---p 00000000 00:00 0 
787d6c000000-787d6c29e000 rw-p 00000000 00:00 0 
787d6c29e000-787d70000000 ---p 00000000 00:00 0 
787d70000000-787d701e1000 rw-p 00000000 00:00 0 
787d701e1000-787d74000000 ---p 00000000 00:00 0 
787d78000000-787d78021000 rw-p 00000000 00:00 0 
787d78021000-787d7c000000 ---p 00000000 00:00 0 
787d7c000000-787d7c021000 rw-p 00000000 00:00 0 
787d7c021000-787d80000000 ---p 00000000 00:00 0 
787d84000000-787d84021000 rw-p 00000000 00:00 0 
787d84021000-787d88000000 ---p 00000000 00:00 0 
787d88000000-787d88021000 rw-p 00000000 00:00 0 
787d88021000-787d8c000000 ---p 00000000 00:00 0 
787d90000000-787d90021000 rw-p 00000000 00:00 0 
787d90021000-787d94000000 ---p 00000000 00:00 0 
787d94000000-787d94021000 rw-p 00000000 00:00 0 
787d94021000-787d98000000 ---p 00000000 00:00 0 
787d9c000000-787d9c280000 rw-p 00000000 00:00 0 
787d9c280000-787d9c400000 ---p 00000000 00:00 0 
787d9c400000-787d9c560000 rw-p 00000000 00:00 0 
787d9c560000-787da0000000 ---p 00000000 00:00 0 
787da0000000-787da0021000 rw-p 00000000 00:00 0 
787da0021000-787da4000000 ---p 00000000 00:00 0 
787da6000000-787da6d97000 rw-p 00001000 103:02 52301455                  /usr/lib/jvm/java-23-temurin/lib/server/classes.jsa
787da6d97000-787da7000000 ---p 00000000 00:00 0 
787da7000000-787da7030000 rw-p 00000000 00:00 0 
787da7030000-787da7040000 ---p 00000000 00:00 0 
787da7040000-787da7090000 rw-p 00000000 00:00 0 
787da7090000-787de7000000 ---p 00000000 00:00 0 
787de8000000-787de8021000 rw-p 00000000 00:00 0 
787de8021000-787dec000000 ---p 00000000 00:00 0 
787dec000000-787dec021000 rw-p 00000000 00:00 0 
787dec021000-787df0000000 ---p 00000000 00:00 0 
787df4000000-787df4021000 rw-p 00000000 00:00 0 
787df4021000-787df8000000 ---p 00000000 00:00 0 
787df8000000-787df8021000 rw-p 00000000 00:00 0 
787df8021000-787dfc000000 ---p 00000000 00:00 0 
787dff10b000-787dff156000 r--p 00000000 00:2f 1129                       /tmp/6079607880513980141.so
787dff156000-787dff27a000 r-xp 0004b000 00:2f 1129                       /tmp/6079607880513980141.so
787dff27a000-787dff2ef000 r--p 0016f000 00:2f 1129                       /tmp/6079607880513980141.so
787dff2ef000-787dff2f3000 r--p 001e3000 00:2f 1129                       /tmp/6079607880513980141.so
787dff2f3000-787dff2f9000 rw-p 001e7000 00:2f 1129                       /tmp/6079607880513980141.so
787dff2f9000-787dff328000 rw-p 00000000 00:00 0 
787dff328000-787dff329000 ---p 00000000 00:00 0 
787dff329000-787dff32d000 ---p 00000000 00:00 0 
787dff32d000-787dff429000 rw-p 00000000 00:00 0 
787dff429000-787dff42a000 ---p 00000000 00:00 0 
787dff42a000-787dff42e000 ---p 00000000 00:00 0 
787dff42e000-787dff52a000 rw-p 00000000 00:00 0 
787dff52a000-787dff52b000 ---p 00000000 00:00 0 
787dff52b000-787dff52f000 ---p 00000000 00:00 0 
787dff52f000-787dff62b000 rw-p 00000000 00:00 0 
787dff62b000-787dff62c000 ---p 00000000 00:00 0 
787dff62c000-787dff630000 ---p 00000000 00:00 0 
787dff630000-787dff72c000 rw-p 00000000 00:00 0 
787dff72c000-787dff72d000 ---p 00000000 00:00 0 
787dff72d000-787dff731000 ---p 00000000 00:00 0 
787dff731000-787dff82d000 rw-p 00000000 00:00 0 
787dff82d000-787dff8fb000 r-xp 00000000 103:02 52301429                  /usr/lib/jvm/java-23-temurin/lib/libjsvml.so
787dff8fb000-787dff8fc000 r--p 000cd000 103:02 52301429                  /usr/lib/jvm/java-23-temurin/lib/libjsvml.so
787dff8fc000-787dff8fd000 rw-p 000ce000 103:02 52301429                  /usr/lib/jvm/java-23-temurin/lib/libjsvml.so
787dff8fd000-787dff8fe000 ---p 00000000 00:00 0 
787dff8fe000-787dff902000 ---p 00000000 00:00 0 
787dff902000-787dff9fe000 rw-p 00000000 00:00 0 
787dff9fe000-787dff9ff000 ---p 00000000 00:00 0 
787dff9ff000-787dffa03000 ---p 00000000 00:00 0 
787dffa03000-787dffaff000 rw-p 00000000 00:00 0 
787dffaff000-787dffb00000 ---p 00000000 00:00 0 
787dffb00000-787dffb04000 ---p 00000000 00:00 0 
787dffb04000-787dffc00000 rw-p 00000000 00:00 0 
787dffc00000-787dffeeb000 r--p 00000000 103:02 51195440                  /usr/lib/locale/locale-archive
787dffeff000-787dfff00000 ---p 00000000 00:00 0 
787dfff00000-787dfff04000 ---p 00000000 00:00 0 
787dfff04000-787e00000000 rw-p 00000000 00:00 0 
787e00000000-787e00021000 rw-p 00000000 00:00 0 
787e00021000-787e04000000 ---p 00000000 00:00 0 
787e04066000-787e04067000 ---p 00000000 00:00 0 
787e04067000-787e0406b000 ---p 00000000 00:00 0 
787e0406b000-787e04167000 rw-p 00000000 00:00 0 
787e04167000-787e04168000 ---p 00000000 00:00 0 
787e04168000-787e0416c000 ---p 00000000 00:00 0 
787e0416c000-787e04268000 rw-p 00000000 00:00 0 
787e04268000-787e04269000 ---p 00000000 00:00 0 
787e04269000-787e0426d000 ---p 00000000 00:00 0 
787e0426d000-787e04369000 rw-p 00000000 00:00 0 
787e04369000-787e0436a000 ---p 00000000 00:00 0 
787e0436a000-787e0446a000 rw-p 00000000 00:00 0 
787e0446a000-787e0446b000 ---p 00000000 00:00 0 
787e0446b000-787e0456b000 rw-p 00000000 00:00 0 
787e0456b000-787e045ec000 rw-p 00000000 00:00 0 
787e045ec000-787e045ed000 ---p 00000000 00:00 0 
787e045ed000-787e046ed000 rw-p 00000000 00:00 0 
787e046ed000-787e046ee000 ---p 00000000 00:00 0 
787e046ee000-787e047ee000 rw-p 00000000 00:00 0 
787e047ee000-787e07a00000 rw-p 00000000 00:00 0 
787e07a63000-787e07aff000 rw-p 00000000 00:00 0 
787e07aff000-787e07b00000 ---p 00000000 00:00 0 
787e07b00000-787e07c00000 rw-p 00000000 00:00 0 
787e07c00000-787e07c01000 ---p 00000000 00:00 0 
787e07c01000-787e07d01000 rw-p 00000000 00:00 0 
787e07d01000-787e07d02000 ---p 00000000 00:00 0 
787e07d02000-787e07e02000 rw-p 00000000 00:00 0 
787e07e02000-787e08dc0000 rw-p 00000000 00:00 0 
787e08dc0000-787e175e0000 ---p 00000000 00:00 0 
787e175e0000-787e177f0000 rw-p 00000000 00:00 0 
787e177f0000-787e194f4000 ---p 00000000 00:00 0 
787e194f4000-787e196e8000 rw-p 00000000 00:00 0 
787e196e8000-787e1b3ec000 ---p 00000000 00:00 0 
787e1b3ec000-787e1c400000 rw-p 00000000 00:00 0 
787e1c400000-787e1c670000 rwxp 00000000 00:00 0 
787e1c670000-787e2385f000 ---p 00000000 00:00 0 
787e2385f000-787e23aff000 rwxp 00000000 00:00 0 
787e23aff000-787e23f9f000 ---p 00000000 00:00 0 
787e23f9f000-787e2420f000 rwxp 00000000 00:00 0 
787e2420f000-787e2b400000 ---p 00000000 00:00 0 
787e2b400000-787e33e03000 r--s 00000000 103:02 52301446                  /usr/lib/jvm/java-23-temurin/lib/modules
787e33e03000-787e343d9000 rw-p 00000000 00:00 0 
787e343d9000-787e38000000 ---p 00000000 00:00 0 
787e38010000-787e3802b000 r-xp 00000000 103:02 52301445                  /usr/lib/jvm/java-23-temurin/lib/libzip.so
787e3802b000-787e3802c000 r--p 0001a000 103:02 52301445                  /usr/lib/jvm/java-23-temurin/lib/libzip.so
787e3802c000-787e3802d000 rw-p 0001b000 103:02 52301445                  /usr/lib/jvm/java-23-temurin/lib/libzip.so
787e3802d000-787e38133000 rw-p 00000000 00:00 0 
787e38133000-787e38217000 ---p 00000000 00:00 0 
787e38217000-787e3821c000 rw-p 00000000 00:00 0 
787e3821c000-787e38300000 ---p 00000000 00:00 0 
787e38300000-787e38304000 ---p 00000000 00:00 0 
787e38304000-787e38400000 rw-p 00000000 00:00 0 
787e38400000-787e39809000 r-xp 00000000 103:02 52301458                  /usr/lib/jvm/java-23-temurin/lib/server/libjvm.so
787e39809000-787e398dc000 r--p 01408000 103:02 52301458                  /usr/lib/jvm/java-23-temurin/lib/server/libjvm.so
787e398dc000-787e3990b000 rw-p 014db000 103:02 52301458                  /usr/lib/jvm/java-23-temurin/lib/server/libjvm.so
787e3990b000-787e39982000 rw-p 00000000 00:00 0 
787e3998e000-787e39999000 r-xp 00000000 103:02 52301435                  /usr/lib/jvm/java-23-temurin/lib/libnet.so
787e39999000-787e3999a000 ---p 0000b000 103:02 52301435                  /usr/lib/jvm/java-23-temurin/lib/libnet.so
787e3999a000-787e3999b000 r--p 0000b000 103:02 52301435                  /usr/lib/jvm/java-23-temurin/lib/libnet.so
787e3999b000-787e3999c000 rw-p 0000c000 103:02 52301435                  /usr/lib/jvm/java-23-temurin/lib/libnet.so
787e3999c000-787e399b0000 r-xp 00000000 103:02 52301436                  /usr/lib/jvm/java-23-temurin/lib/libnio.so
787e399b0000-787e399b1000 r--p 00013000 103:02 52301436                  /usr/lib/jvm/java-23-temurin/lib/libnio.so
787e399b1000-787e399b2000 rw-p 00014000 103:02 52301436                  /usr/lib/jvm/java-23-temurin/lib/libnio.so
787e399b2000-787e39a34000 rw-p 00000000 00:00 0 
787e39a34000-787e39a3d000 ---p 00000000 00:00 0 
787e39a3d000-787e39a5d000 r-xp 00000000 103:02 52301421                  /usr/lib/jvm/java-23-temurin/lib/libjava.so
787e39a5d000-787e39a5e000 ---p 00020000 103:02 52301421                  /usr/lib/jvm/java-23-temurin/lib/libjava.so
787e39a5e000-787e39a5f000 r--p 00020000 103:02 52301421                  /usr/lib/jvm/java-23-temurin/lib/libjava.so
787e39a5f000-787e39a60000 rw-p 00021000 103:02 52301421                  /usr/lib/jvm/java-23-temurin/lib/libjava.so
787e39a60000-787e39a61000 rw-p 00000000 00:00 0 
787e39a61000-787e39a6f000 r--p 00000000 103:02 51121489                  /usr/lib/libm.so.6
787e39a6f000-787e39af2000 r-xp 0000e000 103:02 51121489                  /usr/lib/libm.so.6
787e39af2000-787e39b4e000 r--p 00091000 103:02 51121489                  /usr/lib/libm.so.6
787e39b4e000-787e39b4f000 r--p 000ec000 103:02 51121489                  /usr/lib/libm.so.6
787e39b4f000-787e39b50000 rw-p 000ed000 103:02 51121489                  /usr/lib/libm.so.6
787e39b50000-787e39b51000 r--p 00000000 103:02 51121522                  /usr/lib/librt.so.1
787e39b51000-787e39b52000 r-xp 00001000 103:02 51121522                  /usr/lib/librt.so.1
787e39b52000-787e39b53000 r--p 00002000 103:02 51121522                  /usr/lib/librt.so.1
787e39b53000-787e39b54000 r--p 00002000 103:02 51121522                  /usr/lib/librt.so.1
787e39b54000-787e39b55000 rw-p 00003000 103:02 51121522                  /usr/lib/librt.so.1
787e39b55000-787e39b57000 rw-p 00000000 00:00 0 
787e39b57000-787e39b7b000 r--p 00000000 103:02 51121474                  /usr/lib/libc.so.6
787e39b7b000-787e39cec000 r-xp 00024000 103:02 51121474                  /usr/lib/libc.so.6
787e39cec000-787e39d3a000 r--p 00195000 103:02 51121474                  /usr/lib/libc.so.6
787e39d3a000-787e39d3e000 r--p 001e3000 103:02 51121474                  /usr/lib/libc.so.6
787e39d3e000-787e39d40000 rw-p 001e7000 103:02 51121474                  /usr/lib/libc.so.6
787e39d40000-787e39d48000 rw-p 00000000 00:00 0 
787e39d48000-787e39d49000 r--p 00000000 103:02 51121516                  /usr/lib/libpthread.so.0
787e39d49000-787e39d4a000 r-xp 00001000 103:02 51121516                  /usr/lib/libpthread.so.0
787e39d4a000-787e39d4b000 r--p 00002000 103:02 51121516                  /usr/lib/libpthread.so.0
787e39d4b000-787e39d4c000 r--p 00002000 103:02 51121516                  /usr/lib/libpthread.so.0
787e39d4c000-787e39d4d000 rw-p 00003000 103:02 51121516                  /usr/lib/libpthread.so.0
787e39d4d000-787e39d4e000 r--p 00000000 103:02 51121482                  /usr/lib/libdl.so.2
787e39d4e000-787e39d4f000 r-xp 00001000 103:02 51121482                  /usr/lib/libdl.so.2
787e39d4f000-787e39d50000 r--p 00002000 103:02 51121482                  /usr/lib/libdl.so.2
787e39d50000-787e39d51000 r--p 00002000 103:02 51121482                  /usr/lib/libdl.so.2
787e39d51000-787e39d52000 rw-p 00003000 103:02 51121482                  /usr/lib/libdl.so.2
787e39d58000-787e39d59000 r-xp 00000000 103:02 52301443                  /usr/lib/jvm/java-23-temurin/lib/libsyslookup.so
787e39d59000-787e39d5a000 r--p 00000000 103:02 52301443                  /usr/lib/jvm/java-23-temurin/lib/libsyslookup.so
787e39d5a000-787e39d5b000 rw-p 00001000 103:02 52301443                  /usr/lib/jvm/java-23-temurin/lib/libsyslookup.so
787e39d5b000-787e39d63000 rw-s 00000000 00:2f 1127                       /tmp/hsperfdata_alniarez/69216
787e39d63000-787e39d64000 ---p 00000000 00:00 0 
787e39d64000-787e39d65000 r--p 00000000 00:00 0 
787e39d65000-787e39d66000 ---p 00000000 00:00 0 
787e39d66000-787e39d81000 r-xp 00000000 103:02 52301425                  /usr/lib/jvm/java-23-temurin/lib/libjimage.so
787e39d81000-787e39d82000 ---p 0001b000 103:02 52301425                  /usr/lib/jvm/java-23-temurin/lib/libjimage.so
787e39d82000-787e39d84000 r--p 0001b000 103:02 52301425                  /usr/lib/jvm/java-23-temurin/lib/libjimage.so
787e39d84000-787e39d85000 rw-p 0001d000 103:02 52301425                  /usr/lib/jvm/java-23-temurin/lib/libjimage.so
787e39d85000-787e39d9e000 r-xp 00000000 103:02 52301426                  /usr/lib/jvm/java-23-temurin/lib/libjli.so
787e39d9e000-787e39d9f000 r--p 00018000 103:02 52301426                  /usr/lib/jvm/java-23-temurin/lib/libjli.so
787e39d9f000-787e39da0000 rw-p 00019000 103:02 52301426                  /usr/lib/jvm/java-23-temurin/lib/libjli.so
787e39da0000-787e39da2000 rw-p 00000000 00:00 0 
787e39da2000-787e39da6000 r--p 00000000 00:00 0                          [vvar]
787e39da6000-787e39da8000 r-xp 00000000 00:00 0                          [vdso]
787e39da8000-787e39da9000 r--p 00000000 103:02 51121463                  /usr/lib/ld-linux-x86-64.so.2
787e39da9000-787e39dd2000 r-xp 00001000 103:02 51121463                  /usr/lib/ld-linux-x86-64.so.2
787e39dd2000-787e39ddc000 r--p 0002a000 103:02 51121463                  /usr/lib/ld-linux-x86-64.so.2
787e39ddc000-787e39dde000 r--p 00034000 103:02 51121463                  /usr/lib/ld-linux-x86-64.so.2
787e39dde000-787e39de0000 rw-p 00036000 103:02 51121463                  /usr/lib/ld-linux-x86-64.so.2
7ffce9592000-7ffce95b3000 rw-p 00000000 00:00 0                          [stack]
ffffffffff600000-ffffffffff601000 --xp 00000000 00:00 0                  [vsyscall]
Total number of mappings: 213


VM Arguments:
jvm_args: --enable-native-access=ALL-UNNAMED --enable-preview -Dfile.encoding=UTF-8 -Duser.country=US -Duser.language=en -Duser.variant 
java_command: de.alniarez.day2.Game
java_class_path (initial): /home/alniarez/Documents/GitHub/java-videogame-dev/raylib-game-gradle/build/classes/java/main:/home/alniarez/Documents/GitHub/java-videogame-dev/raylib-game-gradle/build/resources/main:/home/alniarez/.gradle/caches/modules-2/files-2.1/io.github.electronstudio/jaylib-ffm/0.0.3/5b56eca5cbea8cba8e0d0ccef5239c2ba362918f/jaylib-ffm-0.0.3.jar
Launcher Type: SUN_STANDARD

[Global flags]
     intx CICompilerCount                          = 12                                        {product} {ergonomic}
     uint ConcGCThreads                            = 5                                         {product} {ergonomic}
     uint G1ConcRefinementThreads                  = 18                                        {product} {ergonomic}
   size_t G1HeapRegionSize                         = 8388608                                   {product} {ergonomic}
   size_t InitialHeapSize                          = 1040187392                                {product} {ergonomic}
   size_t MarkStackSize                            = 4194304                                   {product} {ergonomic}
   size_t MarkStackSizeMax                         = 536870912                                 {product} {ergonomic}
   size_t MaxHeapSize                              = 16626221056                               {product} {ergonomic}
   size_t MaxNewSize                               = 9974054912                                {product} {ergonomic}
   size_t MinHeapDeltaBytes                        = 8388608                                   {product} {ergonomic}
   size_t MinHeapSize                              = 8388608                                   {product} {ergonomic}
    uintx NonNMethodCodeHeapSize                   = 7602176                                {pd product} {ergonomic}
    uintx NonProfiledCodeHeapSize                  = 122032128                              {pd product} {ergonomic}
    uintx ProfiledCodeHeapSize                     = 122023936                              {pd product} {ergonomic}
    uintx ReservedCodeCacheSize                    = 251658240                              {pd product} {ergonomic}
     bool SegmentedCodeCache                       = true                                      {product} {ergonomic}
   size_t SoftMaxHeapSize                          = 16626221056                            {manageable} {ergonomic}
     bool UseCompressedOops                        = true                           {product lp64_product} {ergonomic}
     bool UseG1GC                                  = true                                      {product} {ergonomic}

Logging:
Log output configuration:
 #0: stdout all=warning uptime,level,tags foldmultilines=false
 #1: stderr all=off uptime,level,tags foldmultilines=false

Environment Variables:
PATH=/usr/local/sbin:/usr/local/bin:/usr/bin:/var/lib/flatpak/exports/bin:/usr/lib/jvm/default/bin:/usr/bin/site_perl:/usr/bin/vendor_perl:/usr/bin/core_perl:/usr/lib/rustup/bin
SHELL=/usr/bin/zsh
DISPLAY=:1
LANG=en_US.UTF-8
LC_TIME=en_DE.UTF-8

Active Locale:
LC_ALL=C
LC_COLLATE=C
LC_CTYPE=C
LC_MESSAGES=C
LC_MONETARY=C
LC_NUMERIC=C
LC_TIME=C

Signal Handlers:
   SIGSEGV: crash_handler in libjvm.so, mask=11100100010111111101111111111110, flags=SA_RESTART|SA_SIGINFO, unblocked
    SIGBUS: crash_handler in libjvm.so, mask=11100100010111111101111111111110, flags=SA_RESTART|SA_SIGINFO, unblocked
    SIGFPE: crash_handler in libjvm.so, mask=11100100010111111101111111111110, flags=SA_RESTART|SA_SIGINFO, unblocked
   SIGPIPE: javaSignalHandler in libjvm.so, mask=11100100010111111101111111111110, flags=SA_RESTART|SA_SIGINFO, blocked
   SIGXFSZ: javaSignalHandler in libjvm.so, mask=11100100010111111101111111111110, flags=SA_RESTART|SA_SIGINFO, blocked
    SIGILL: crash_handler in libjvm.so, mask=11100100010111111101111111111110, flags=SA_RESTART|SA_SIGINFO, unblocked
   SIGUSR2: SR_handler in libjvm.so, mask=00000000000000000000000000000000, flags=SA_RESTART|SA_SIGINFO, blocked
    SIGHUP: UserHandler in libjvm.so, mask=11100100010111111101111111111110, flags=SA_RESTART|SA_SIGINFO, blocked
    SIGINT: UserHandler in libjvm.so, mask=11100100010111111101111111111110, flags=SA_RESTART|SA_SIGINFO, blocked
   SIGTERM: UserHandler in libjvm.so, mask=11100100010111111101111111111110, flags=SA_RESTART|SA_SIGINFO, blocked
   SIGQUIT: UserHandler in libjvm.so, mask=11100100010111111101111111111110, flags=SA_RESTART|SA_SIGINFO, blocked
   SIGTRAP: crash_handler in libjvm.so, mask=11100100010111111101111111111110, flags=SA_RESTART|SA_SIGINFO, unblocked


Periodic native trim disabled

---------------  S Y S T E M  ---------------

OS:
DISTRIB_ID="Arch"
DISTRIB_RELEASE="rolling"
DISTRIB_DESCRIPTION="Arch Linux"
uname: Linux 6.11.9-arch1-1 #1 SMP PREEMPT_DYNAMIC Sun, 17 Nov 2024 16:06:17 +0000 x86_64
OS uptime: 0 days 10:04 hours
libc: glibc 2.40 NPTL 2.40 
rlimit (soft/hard): STACK 8192k/infinity , CORE infinity/infinity , NPROC 253075/253075 , NOFILE 524288/524288 , AS infinity/infinity , CPU infinity/infinity , DATA infinity/infinity , FSIZE infinity/infinity , MEMLOCK 8192k/8192k
load average: 1.12 0.85 0.84

/proc/meminfo:
MemTotal:       64924008 kB
MemFree:        28832964 kB
MemAvailable:   51407400 kB
Buffers:          542532 kB
Cached:         22591212 kB
SwapCached:            0 kB
Active:         14665656 kB
Inactive:       19159680 kB
Active(anon):   11143116 kB
Inactive(anon):    15928 kB
Active(file):    3522540 kB
Inactive(file): 19143752 kB
Unevictable:        1140 kB
Mlocked:            1140 kB
SwapTotal:       4194300 kB
SwapFree:        4073212 kB
Zswap:                 0 kB
Zswapped:              0 kB
Dirty:             10252 kB
Writeback:             0 kB
AnonPages:      10440704 kB
Mapped:          3031904 kB
Shmem:            467452 kB
KReclaimable:     630960 kB
Slab:             893104 kB
SReclaimable:     630960 kB
SUnreclaim:       262144 kB
KernelStack:       38256 kB
PageTables:        82492 kB
SecPageTables:      5656 kB
NFS_Unstable:          0 kB
Bounce:                0 kB
WritebackTmp:          0 kB
CommitLimit:    36656304 kB
Committed_AS:   27989424 kB
VmallocTotal:   34359738367 kB
VmallocUsed:      171216 kB
VmallocChunk:          0 kB
Percpu:            25344 kB
HardwareCorrupted:     0 kB
AnonHugePages:   4790272 kB
ShmemHugePages:        0 kB
ShmemPmdMapped:        0 kB
FileHugePages:   1437696 kB
FilePmdMapped:    589824 kB
CmaTotal:              0 kB
CmaFree:               0 kB
Unaccepted:            0 kB
HugePages_Total:       0
HugePages_Free:        0
HugePages_Rsvd:        0
HugePages_Surp:        0
Hugepagesize:       2048 kB
Hugetlb:               0 kB
DirectMap4k:     1220292 kB
DirectMap2M:    29308928 kB
DirectMap1G:    35651584 kB

/sys/kernel/mm/transparent_hugepage/enabled: [always] madvise never
/sys/kernel/mm/transparent_hugepage/hpage_pmd_size: 2097152
/sys/kernel/mm/transparent_hugepage/shmem_enabled: always within_size advise [never] deny force
/sys/kernel/mm/transparent_hugepage/defrag (defrag/compaction efforts parameter): always defer defer+madvise [madvise] never

Process Memory:
Virtual Size: 19514080K (peak: 19572752K)
Resident Set Size: 78260K (peak: 78260K) (anon: 51848K, file: 26004K, shmem: 408K)
Swapped out: 0K
C-Heap outstanding allocations: 54255K, retained: 2768K
glibc malloc tunables: (default)

/proc/sys/kernel/threads-max (system-wide limit on the number of threads): 506151
/proc/sys/vm/max_map_count (maximum number of memory map areas a process may have): 1048576
/proc/sys/vm/swappiness (control to define how aggressively the kernel swaps out anonymous memory): 60
/proc/sys/kernel/pid_max (system-wide limit on number of process identifiers): 4194304

container (cgroup) information:
container_type: cgroupv2
cpu_cpuset_cpus: not supported
cpu_memory_nodes: not supported
active_processor_count: 24
cpu_quota: not supported
cpu_period: not supported
cpu_shares: not supported
memory_limit_in_bytes: unlimited
memory_and_swap_limit_in_bytes: unlimited
memory_soft_limit_in_bytes: 0
memory_usage_in_bytes: 5509124 k
memory_max_usage_in_bytes: not supported
rss_usage_in_bytes: 3544352 k
cache_usage_in_bytes: 1525500 k
memory_swap_current_in_bytes: 0
memory_swap_max_limit_in_bytes: unlimited
maximum number of tasks: 75922
current number of tasks: 308

Steal ticks since vm start: 0
Steal ticks percentage since vm start:  0.000

CPU: total 24 (initial active 24) (24 cores per cpu, 2 threads per core) family 25 model 97 stepping 2 microcode 0xa601206, cx8, cmov, fxsr, ht, mmx, 3dnowpref, sse, sse2, sse3, ssse3, sse4a, sse4.1, sse4.2, popcnt, lzcnt, tsc, tscinvbit, avx, avx2, aes, erms, clmul, bmi1, bmi2, adx, avx512f, avx512dq, avx512cd, avx512bw, avx512vl, sha, fma, vzeroupper, avx512_vpopcntdq, avx512_vpclmulqdq, avx512_vaes, avx512_vnni, clflush, clflushopt, avx512_vbmi2, avx512_vbmi, rdtscp, rdpid, fsrm, gfni, avx512_bitalg, f16c, pku, ospke, cet_ss, avx512_ifma
CPU Model and flags from /proc/cpuinfo:
model name	: AMD Ryzen 9 7900X 12-Core Processor
flags		: fpu vme de pse tsc msr pae mce cx8 apic sep mtrr pge mca cmov pat pse36 clflush mmx fxsr sse sse2 ht syscall nx mmxext fxsr_opt pdpe1gb rdtscp lm constant_tsc rep_good amd_lbr_v2 nopl xtopology nonstop_tsc cpuid extd_apicid aperfmperf rapl pni pclmulqdq monitor ssse3 fma cx16 sse4_1 sse4_2 movbe popcnt aes xsave avx f16c rdrand lahf_lm cmp_legacy svm extapic cr8_legacy abm sse4a misalignsse 3dnowprefetch osvw ibs skinit wdt tce topoext perfctr_core perfctr_nb bpext perfctr_llc mwaitx cpb cat_l3 cdp_l3 hw_pstate ssbd mba perfmon_v2 ibrs ibpb stibp ibrs_enhanced vmmcall fsgsbase bmi1 avx2 smep bmi2 erms invpcid cqm rdt_a avx512f avx512dq rdseed adx smap avx512ifma clflushopt clwb avx512cd sha_ni avx512bw avx512vl xsaveopt xsavec xgetbv1 xsaves cqm_llc cqm_occup_llc cqm_mbm_total cqm_mbm_local user_shstk avx512_bf16 clzero irperf xsaveerptr rdpru wbnoinvd cppc arat npt lbrv svm_lock nrip_save tsc_scale vmcb_clean flushbyasid decodeassists pausefilter pfthreshold avic v_vmsave_vmload vgif x2avic v_spec_ctrl vnmi avx512vbmi umip pku ospke avx512_vbmi2 gfni vaes vpclmulqdq avx512_vnni avx512_bitalg avx512_vpopcntdq rdpid overflow_recov succor smca fsrm flush_l1d amd_lbr_pmc_freeze

Online cpus: 0-23
Offline cpus: 
BIOS frequency limitation: <Not Available>
Frequency switch latency (ns): 0
Available cpu frequencies: <Not Available>
Current governor: powersave
Core performance/turbo boost: 1

Memory: 4k page, physical 64924008k(51407400k free), swap 4194300k(4073212k free)
Page Sizes: 4k

vm_info: OpenJDK 64-Bit Server VM (23.0.1+11) for linux-amd64 JRE (23.0.1+11), built on 2024-10-15T00:00:00Z with gcc 11.3.0

END.
